[ 2017-11-16T12:21:13+08:00 ] ::1 /test2.0/Home/User/teacherShow?adminid=%E9%A9%AC%E5%9D%A4
INFO: [ app_init ] --START--
INFO: Run Behavior\BuildLiteBehavior [ RunTime:0.000011s ]
INFO: [ app_init ] --END-- [ RunTime:0.000493s ]
INFO: [ app_begin ] --START--
INFO: Run Behavior\ReadHtmlCacheBehavior [ RunTime:0.000668s ]
INFO: [ app_begin ] --END-- [ RunTime:0.000724s ]
INFO: [ view_parse ] --START--
INFO: [ template_filter ] --START--
INFO: Run Behavior\ContentReplaceBehavior [ RunTime:0.000040s ]
INFO: [ template_filter ] --END-- [ RunTime:0.000068s ]
INFO: Run Behavior\ParseTemplateBehavior [ RunTime:0.037779s ]
INFO: [ view_parse ] --END-- [ RunTime:0.037816s ]
INFO: [ view_filter ] --START--
INFO: Run Behavior\WriteHtmlCacheBehavior [ RunTime:0.000253s ]
INFO: [ view_filter ] --END-- [ RunTime:0.000276s ]
INFO: [ app_end ] --START--
INFO: Run Behavior\ShowPageTraceBehavior [ RunTime:0.000504s ]
INFO: [ app_end ] --END-- [ RunTime:0.000534s ]

[ 2017-11-16T12:21:13+08:00 ] ::1 /test2.0/index.php?m=Home&c=User&a=userinfo
INFO: [ app_init ] --START--
INFO: Run Behavior\BuildLiteBehavior [ RunTime:0.000008s ]
INFO: [ app_init ] --END-- [ RunTime:0.000204s ]
INFO: [ app_begin ] --START--
INFO: Run Behavior\ReadHtmlCacheBehavior [ RunTime:0.000271s ]
INFO: [ app_begin ] --END-- [ RunTime:0.000301s ]
SQL: SHOW COLUMNS FROM `file` [ RunTime:0.1137s ]
SQL: SELECT `count`,`filename`,`filesavename`,`upfile_time`,`filesavefolder`,`fileusername`,`filelabel` FROM `file` WHERE ( fileusername='马坤'and isdelete=0 ) ORDER BY upfile_time desc  [ RunTime:0.0007s ]
NOTIC: [8] Undefined index: username C:\AppServ\www\test2.0\Application\Home\Controller\UserController.class.php 第 13 行.
NOTIC: [8] Undefined index: username C:\AppServ\www\test2.0\Application\Home\Controller\UserController.class.php 第 13 行.
NOTIC: [8] Undefined index: username C:\AppServ\www\test2.0\Application\Home\Controller\UserController.class.php 第 13 行.
NOTIC: [8] Undefined index: username C:\AppServ\www\test2.0\Application\Home\Controller\UserController.class.php 第 13 行.
NOTIC: [8] Undefined index: username C:\AppServ\www\test2.0\Application\Home\Controller\UserController.class.php 第 13 行.
NOTIC: [8] Undefined index: username C:\AppServ\www\test2.0\Application\Home\Controller\UserController.class.php 第 13 行.
NOTIC: [8] Undefined index: username C:\AppServ\www\test2.0\Application\Home\Controller\UserController.class.php 第 13 行.
NOTIC: [8] Undefined index: username C:\AppServ\www\test2.0\Application\Home\Controller\UserController.class.php 第 13 行.
NOTIC: [8] Undefined index: username C:\AppServ\www\test2.0\Application\Home\Controller\UserController.class.php 第 13 行.
SQL: SELECT DISTINCT  `filelabel` FROM `file` WHERE ( fileusername='马坤' and isdelete=0 and filelabel !='' )  [ RunTime:0.0005s ]
NOTIC: [8] Use of undefined constant label - assumed 'label' C:\AppServ\www\test2.0\Application\Home\Controller\UserController.class.php 第 16 行.
INFO: [ app_end ] --START--
INFO: Run Behavior\ShowPageTraceBehavior [ RunTime:0.000737s ]
INFO: [ app_end ] --END-- [ RunTime:0.000796s ]

[ 2017-11-16T12:35:37+08:00 ] ::1 /test2.0/Home/User/teacherShow?adminid=%E9%A9%AC%E5%9D%A4
INFO: [ app_init ] --START--
INFO: Run Behavior\BuildLiteBehavior [ RunTime:0.000031s ]
INFO: [ app_init ] --END-- [ RunTime:0.000804s ]
INFO: [ app_begin ] --START--
INFO: Run Behavior\ReadHtmlCacheBehavior [ RunTime:0.000639s ]
INFO: [ app_begin ] --END-- [ RunTime:0.000708s ]
INFO: [ view_parse ] --START--
INFO: [ template_filter ] --START--
INFO: Run Behavior\ContentReplaceBehavior [ RunTime:0.000053s ]
INFO: [ template_filter ] --END-- [ RunTime:0.000108s ]
INFO: Run Behavior\ParseTemplateBehavior [ RunTime:0.033202s ]
INFO: [ view_parse ] --END-- [ RunTime:0.033241s ]
INFO: [ view_filter ] --START--
INFO: Run Behavior\WriteHtmlCacheBehavior [ RunTime:0.000247s ]
INFO: [ view_filter ] --END-- [ RunTime:0.000270s ]
INFO: [ app_end ] --START--
INFO: Run Behavior\ShowPageTraceBehavior [ RunTime:0.000505s ]
INFO: [ app_end ] --END-- [ RunTime:0.000540s ]

[ 2017-11-16T12:35:37+08:00 ] ::1 /test2.0/index.php?m=Home&c=User&a=userinfo
INFO: [ app_init ] --START--
INFO: Run Behavior\BuildLiteBehavior [ RunTime:0.000008s ]
INFO: [ app_init ] --END-- [ RunTime:0.000200s ]
INFO: [ app_begin ] --START--
INFO: Run Behavior\ReadHtmlCacheBehavior [ RunTime:0.000298s ]
INFO: [ app_begin ] --END-- [ RunTime:0.000327s ]
SQL: SHOW COLUMNS FROM `file` [ RunTime:0.0012s ]
SQL: SELECT `count`,`filename`,`filesavename`,`upfile_time`,`filesavefolder`,`fileusername`,`filelabel` FROM `file` WHERE ( fileusername='马坤'and isdelete=0 ) ORDER BY upfile_time desc  [ RunTime:0.0004s ]
NOTIC: [8] Undefined index: username C:\AppServ\www\test2.0\Application\Home\Controller\UserController.class.php 第 13 行.
NOTIC: [8] Undefined index: username C:\AppServ\www\test2.0\Application\Home\Controller\UserController.class.php 第 13 行.
NOTIC: [8] Undefined index: username C:\AppServ\www\test2.0\Application\Home\Controller\UserController.class.php 第 13 行.
NOTIC: [8] Undefined index: username C:\AppServ\www\test2.0\Application\Home\Controller\UserController.class.php 第 13 行.
NOTIC: [8] Undefined index: username C:\AppServ\www\test2.0\Application\Home\Controller\UserController.class.php 第 13 行.
NOTIC: [8] Undefined index: username C:\AppServ\www\test2.0\Application\Home\Controller\UserController.class.php 第 13 行.
NOTIC: [8] Undefined index: username C:\AppServ\www\test2.0\Application\Home\Controller\UserController.class.php 第 13 行.
NOTIC: [8] Undefined index: username C:\AppServ\www\test2.0\Application\Home\Controller\UserController.class.php 第 13 行.
NOTIC: [8] Undefined index: username C:\AppServ\www\test2.0\Application\Home\Controller\UserController.class.php 第 13 行.
SQL: SELECT DISTINCT  `filelabel` FROM `file` WHERE ( fileusername='马坤' and isdelete=0 and filelabel !='' )  [ RunTime:0.0002s ]
NOTIC: [8] Use of undefined constant label - assumed 'label' C:\AppServ\www\test2.0\Application\Home\Controller\UserController.class.php 第 16 行.
INFO: [ app_end ] --START--
INFO: Run Behavior\ShowPageTraceBehavior [ RunTime:0.000401s ]
INFO: [ app_end ] --END-- [ RunTime:0.000426s ]

[ 2017-11-16T13:08:23+08:00 ] ::1 /test2.0/Home/User/teacherShow?adminid=%E9%A9%AC%E5%9D%A4
INFO: [ app_init ] --START--
INFO: Run Behavior\BuildLiteBehavior [ RunTime:0.000009s ]
INFO: [ app_init ] --END-- [ RunTime:0.000258s ]
INFO: [ app_begin ] --START--
INFO: Run Behavior\ReadHtmlCacheBehavior [ RunTime:0.000422s ]
INFO: [ app_begin ] --END-- [ RunTime:0.000457s ]
INFO: [ view_parse ] --START--
INFO: [ template_filter ] --START--
INFO: Run Behavior\ContentReplaceBehavior [ RunTime:0.000505s ]
INFO: [ template_filter ] --END-- [ RunTime:0.000916s ]
INFO: Run Behavior\ParseTemplateBehavior [ RunTime:0.032872s ]
INFO: [ view_parse ] --END-- [ RunTime:0.032918s ]
INFO: [ view_filter ] --START--
INFO: Run Behavior\WriteHtmlCacheBehavior [ RunTime:0.000265s ]
INFO: [ view_filter ] --END-- [ RunTime:0.000288s ]
INFO: [ app_end ] --START--
INFO: Run Behavior\ShowPageTraceBehavior [ RunTime:0.000416s ]
INFO: [ app_end ] --END-- [ RunTime:0.000457s ]

[ 2017-11-16T13:08:23+08:00 ] ::1 /test2.0/index.php?m=Home&c=User&a=userinfo
INFO: [ app_init ] --START--
INFO: Run Behavior\BuildLiteBehavior [ RunTime:0.000009s ]
INFO: [ app_init ] --END-- [ RunTime:0.000226s ]
INFO: [ app_begin ] --START--
INFO: Run Behavior\ReadHtmlCacheBehavior [ RunTime:0.000380s ]
INFO: [ app_begin ] --END-- [ RunTime:0.000422s ]
SQL: SHOW COLUMNS FROM `file` [ RunTime:0.0015s ]
SQL: SELECT `count`,`filename`,`filesavename`,`upfile_time`,`filesavefolder`,`fileusername`,`filelabel` FROM `file` WHERE ( fileusername='马坤'and isdelete=0 ) ORDER BY upfile_time desc  [ RunTime:0.0005s ]
NOTIC: [8] Undefined index: username C:\AppServ\www\test2.0\Application\Home\Controller\UserController.class.php 第 13 行.
NOTIC: [8] Undefined index: username C:\AppServ\www\test2.0\Application\Home\Controller\UserController.class.php 第 13 行.
NOTIC: [8] Undefined index: username C:\AppServ\www\test2.0\Application\Home\Controller\UserController.class.php 第 13 行.
NOTIC: [8] Undefined index: username C:\AppServ\www\test2.0\Application\Home\Controller\UserController.class.php 第 13 行.
NOTIC: [8] Undefined index: username C:\AppServ\www\test2.0\Application\Home\Controller\UserController.class.php 第 13 行.
NOTIC: [8] Undefined index: username C:\AppServ\www\test2.0\Application\Home\Controller\UserController.class.php 第 13 行.
NOTIC: [8] Undefined index: username C:\AppServ\www\test2.0\Application\Home\Controller\UserController.class.php 第 13 行.
NOTIC: [8] Undefined index: username C:\AppServ\www\test2.0\Application\Home\Controller\UserController.class.php 第 13 行.
NOTIC: [8] Undefined index: username C:\AppServ\www\test2.0\Application\Home\Controller\UserController.class.php 第 13 行.
SQL: SELECT DISTINCT  `filelabel` FROM `file` WHERE ( fileusername='马坤' and isdelete=0 and filelabel !='' )  [ RunTime:0.0006s ]
NOTIC: [8] Use of undefined constant label - assumed 'label' C:\AppServ\www\test2.0\Application\Home\Controller\UserController.class.php 第 16 行.
INFO: [ app_end ] --START--
INFO: Run Behavior\ShowPageTraceBehavior [ RunTime:0.000503s ]
INFO: [ app_end ] --END-- [ RunTime:0.000533s ]

[ 2017-11-16T13:08:25+08:00 ] ::1 /test2.0/index.php?m=Home&c=File&a=UserinfoSearchByLabel
INFO: [ app_init ] --START--
INFO: Run Behavior\BuildLiteBehavior [ RunTime:0.000007s ]
INFO: [ app_init ] --END-- [ RunTime:0.000287s ]
INFO: [ app_begin ] --START--
INFO: Run Behavior\ReadHtmlCacheBehavior [ RunTime:0.000273s ]
INFO: [ app_begin ] --END-- [ RunTime:0.000315s ]
SQL: SHOW COLUMNS FROM `file` [ RunTime:0.0012s ]
SQL: SELECT * FROM `file` WHERE ( fileusername='马坤'and isdelete=0 and filelabel='c++' ) ORDER BY upfile_time desc  [ RunTime:0.0003s ]
INFO: [ app_end ] --START--
INFO: Run Behavior\ShowPageTraceBehavior [ RunTime:0.000339s ]
INFO: [ app_end ] --END-- [ RunTime:0.000378s ]

[ 2017-11-16T13:08:26+08:00 ] ::1 /test2.0/index.php?m=Home&c=File&a=UserinfoSearchByLabel
INFO: [ app_init ] --START--
INFO: Run Behavior\BuildLiteBehavior [ RunTime:0.000007s ]
INFO: [ app_init ] --END-- [ RunTime:0.000193s ]
INFO: [ app_begin ] --START--
INFO: Run Behavior\ReadHtmlCacheBehavior [ RunTime:0.000257s ]
INFO: [ app_begin ] --END-- [ RunTime:0.000286s ]
SQL: SHOW COLUMNS FROM `file` [ RunTime:0.0011s ]
SQL: SELECT * FROM `file` WHERE ( fileusername='马坤'and isdelete=0 and filelabel='c++' ) ORDER BY upfile_time desc  [ RunTime:0.0003s ]
INFO: [ app_end ] --START--
INFO: Run Behavior\ShowPageTraceBehavior [ RunTime:0.000329s ]
INFO: [ app_end ] --END-- [ RunTime:0.000356s ]

[ 2017-11-16T13:08:28+08:00 ] ::1 /test2.0/index.php?m=Home&c=File&a=UserinfoSearchByLabel
INFO: [ app_init ] --START--
INFO: Run Behavior\BuildLiteBehavior [ RunTime:0.000007s ]
INFO: [ app_init ] --END-- [ RunTime:0.000193s ]
INFO: [ app_begin ] --START--
INFO: Run Behavior\ReadHtmlCacheBehavior [ RunTime:0.000256s ]
INFO: [ app_begin ] --END-- [ RunTime:0.000285s ]
SQL: SHOW COLUMNS FROM `file` [ RunTime:0.0012s ]
SQL: SELECT * FROM `file` WHERE ( fileusername='马坤'and isdelete=0 and filelabel='c++' ) ORDER BY upfile_time desc  [ RunTime:0.0003s ]
INFO: [ app_end ] --START--
INFO: Run Behavior\ShowPageTraceBehavior [ RunTime:0.000329s ]
INFO: [ app_end ] --END-- [ RunTime:0.000355s ]

