[ 2018-01-05T13:39:07+08:00 ] ::1 /shixun/index.php?m=Home&c=File&a=showfile
INFO: [ app_init ] --START--
INFO: Run Behavior\BuildLiteBehavior [ RunTime:0.000012s ]
INFO: [ app_init ] --END-- [ RunTime:0.000553s ]
INFO: [ app_begin ] --START--
INFO: Run Behavior\ReadHtmlCacheBehavior [ RunTime:0.000598s ]
INFO: [ app_begin ] --END-- [ RunTime:0.000645s ]
SQL: SHOW COLUMNS FROM `file` [ RunTime:0.0007s ]
NOTIC: [8] Undefined index: username H:\AppServ\www\shixun\Application\Home\Controller\FileController.class.php 第 21 行.
SQL: SELECT `filename`,`filesavename`,`upfile_time`,`filesavefolder`,`fileusername`,`filelabel` FROM `file` WHERE ( filesavefolder='ziyuan' and isdelete=0 ) ORDER BY upfile_time desc  [ RunTime:0.0003s ]
NOTIC: [8] Undefined index: username H:\AppServ\www\shixun\Application\Home\Controller\FileController.class.php 第 24 行.
NOTIC: [8] Undefined index: username H:\AppServ\www\shixun\Application\Home\Controller\FileController.class.php 第 24 行.
NOTIC: [8] Undefined index: username H:\AppServ\www\shixun\Application\Home\Controller\FileController.class.php 第 24 行.
INFO: [ app_end ] --START--
INFO: Run Behavior\ShowPageTraceBehavior [ RunTime:0.000702s ]
INFO: [ app_end ] --END-- [ RunTime:0.000735s ]

[ 2018-01-05T13:39:42+08:00 ] ::1 /shixun/index.php?m=Home&c=File&a=showfile
INFO: [ app_init ] --START--
INFO: Run Behavior\BuildLiteBehavior [ RunTime:0.000013s ]
INFO: [ app_init ] --END-- [ RunTime:0.000347s ]
INFO: [ app_begin ] --START--
INFO: Run Behavior\ReadHtmlCacheBehavior [ RunTime:0.000854s ]
INFO: [ app_begin ] --END-- [ RunTime:0.000925s ]
SQL: SHOW COLUMNS FROM `file` [ RunTime:0.0006s ]
NOTIC: [8] Undefined index: username H:\AppServ\www\shixun\Application\Home\Controller\FileController.class.php 第 28 行.
SQL: SELECT * FROM `file` WHERE ( filesavefolder='testdata' and fileusername='2015082310' and isdelete=0 ) ORDER BY upfile_time desc  [ RunTime:0.0003s ]
NOTIC: [8] Undefined index: username H:\AppServ\www\shixun\Application\Home\Controller\FileController.class.php 第 31 行.
INFO: [ app_end ] --START--
INFO: Run Behavior\ShowPageTraceBehavior [ RunTime:0.000597s ]
INFO: [ app_end ] --END-- [ RunTime:0.000631s ]

[ 2018-01-05T13:39:43+08:00 ] ::1 /shixun/index.php?m=Home&c=File&a=showfile
INFO: [ app_init ] --START--
INFO: Run Behavior\BuildLiteBehavior [ RunTime:0.000011s ]
INFO: [ app_init ] --END-- [ RunTime:0.000350s ]
INFO: [ app_begin ] --START--
INFO: Run Behavior\ReadHtmlCacheBehavior [ RunTime:0.000626s ]
INFO: [ app_begin ] --END-- [ RunTime:0.000710s ]
SQL: SHOW COLUMNS FROM `file` [ RunTime:0.0005s ]
NOTIC: [8] Undefined index: username H:\AppServ\www\shixun\Application\Home\Controller\FileController.class.php 第 21 行.
SQL: SELECT `filename`,`filesavename`,`upfile_time`,`filesavefolder`,`fileusername`,`filelabel` FROM `file` WHERE ( filesavefolder='ziyuan' and isdelete=0 ) ORDER BY upfile_time desc  [ RunTime:0.0003s ]
NOTIC: [8] Undefined index: username H:\AppServ\www\shixun\Application\Home\Controller\FileController.class.php 第 24 行.
NOTIC: [8] Undefined index: username H:\AppServ\www\shixun\Application\Home\Controller\FileController.class.php 第 24 行.
NOTIC: [8] Undefined index: username H:\AppServ\www\shixun\Application\Home\Controller\FileController.class.php 第 24 行.
INFO: [ app_end ] --START--
INFO: Run Behavior\ShowPageTraceBehavior [ RunTime:0.000625s ]
INFO: [ app_end ] --END-- [ RunTime:0.000665s ]

[ 2018-01-05T13:39:44+08:00 ] ::1 /shixun/index.php?m=Home&c=Admin&a=index
INFO: [ app_init ] --START--
INFO: Run Behavior\BuildLiteBehavior [ RunTime:0.000011s ]
INFO: [ app_init ] --END-- [ RunTime:0.000316s ]
INFO: [ app_begin ] --START--
INFO: Run Behavior\ReadHtmlCacheBehavior [ RunTime:0.000501s ]
INFO: [ app_begin ] --END-- [ RunTime:0.000553s ]
INFO: [ view_parse ] --START--
INFO: [ template_filter ] --START--
INFO: Run Behavior\ContentReplaceBehavior [ RunTime:0.000077s ]
INFO: [ template_filter ] --END-- [ RunTime:0.000144s ]
INFO: Run Behavior\ParseTemplateBehavior [ RunTime:0.008925s ]
INFO: [ view_parse ] --END-- [ RunTime:0.008990s ]
INFO: [ view_filter ] --START--
INFO: Run Behavior\WriteHtmlCacheBehavior [ RunTime:0.000926s ]
INFO: [ view_filter ] --END-- [ RunTime:0.001047s ]
INFO: [ app_end ] --START--
INFO: Run Behavior\ShowPageTraceBehavior [ RunTime:0.001197s ]
INFO: [ app_end ] --END-- [ RunTime:0.001265s ]

[ 2018-01-05T13:53:39+08:00 ] ::1 /shixun/index.php?m=Home&c=File&a=showfile
INFO: [ app_init ] --START--
INFO: Run Behavior\BuildLiteBehavior [ RunTime:0.000011s ]
INFO: [ app_init ] --END-- [ RunTime:0.000297s ]
INFO: [ app_begin ] --START--
INFO: Run Behavior\ReadHtmlCacheBehavior [ RunTime:0.000455s ]
INFO: [ app_begin ] --END-- [ RunTime:0.000498s ]
SQL: SHOW COLUMNS FROM `file` [ RunTime:0.0006s ]
NOTIC: [8] Undefined index: username H:\AppServ\www\shixun\Application\Home\Controller\FileController.class.php 第 28 行.
SQL: SELECT * FROM `file` WHERE ( filesavefolder='testdata' and fileusername='2015082310' and isdelete=0 ) ORDER BY upfile_time desc  [ RunTime:0.0004s ]
NOTIC: [8] Undefined index: username H:\AppServ\www\shixun\Application\Home\Controller\FileController.class.php 第 31 行.
INFO: [ app_end ] --START--
INFO: Run Behavior\ShowPageTraceBehavior [ RunTime:0.000687s ]
INFO: [ app_end ] --END-- [ RunTime:0.000737s ]

[ 2018-01-05T13:53:40+08:00 ] ::1 /shixun/index.php?m=Home&c=File&a=showfile
INFO: [ app_init ] --START--
INFO: Run Behavior\BuildLiteBehavior [ RunTime:0.000009s ]
INFO: [ app_init ] --END-- [ RunTime:0.000271s ]
INFO: [ app_begin ] --START--
INFO: Run Behavior\ReadHtmlCacheBehavior [ RunTime:0.000468s ]
INFO: [ app_begin ] --END-- [ RunTime:0.000513s ]
SQL: SHOW COLUMNS FROM `file` [ RunTime:0.0005s ]
NOTIC: [8] Undefined index: username H:\AppServ\www\shixun\Application\Home\Controller\FileController.class.php 第 21 行.
SQL: SELECT `filename`,`filesavename`,`upfile_time`,`filesavefolder`,`fileusername`,`filelabel` FROM `file` WHERE ( filesavefolder='ziyuan' and isdelete=0 ) ORDER BY upfile_time desc  [ RunTime:0.0003s ]
NOTIC: [8] Undefined index: username H:\AppServ\www\shixun\Application\Home\Controller\FileController.class.php 第 24 行.
NOTIC: [8] Undefined index: username H:\AppServ\www\shixun\Application\Home\Controller\FileController.class.php 第 24 行.
NOTIC: [8] Undefined index: username H:\AppServ\www\shixun\Application\Home\Controller\FileController.class.php 第 24 行.
INFO: [ app_end ] --START--
INFO: Run Behavior\ShowPageTraceBehavior [ RunTime:0.000601s ]
INFO: [ app_end ] --END-- [ RunTime:0.000635s ]

[ 2018-01-05T13:53:43+08:00 ] ::1 /shixun/
INFO: [ app_init ] --START--
INFO: Run Behavior\BuildLiteBehavior [ RunTime:0.000009s ]
INFO: [ app_init ] --END-- [ RunTime:0.000274s ]
INFO: [ app_begin ] --START--
INFO: Run Behavior\ReadHtmlCacheBehavior [ RunTime:0.000429s ]
INFO: [ app_begin ] --END-- [ RunTime:0.000469s ]
SQL: SHOW COLUMNS FROM `file` [ RunTime:0.0005s ]
SQL: SELECT DISTINCT  `fileusername` FROM `file` WHERE ( filesavefolder='ziyuan' )  [ RunTime:0.0003s ]
NOTIC: [8] Use of undefined constant fileusername - assumed 'fileusername' H:\AppServ\www\shixun\Application\Home\Controller\IndexController.class.php 第 8 行.
INFO: [ view_parse ] --START--
INFO: [ template_filter ] --START--
INFO: Run Behavior\ContentReplaceBehavior [ RunTime:0.000082s ]
INFO: [ template_filter ] --END-- [ RunTime:0.000117s ]
NOTIC: [8] Undefined index: islogin H:\AppServ\www\shixun\Application\Runtime\Cache\Home\0785b05774680949491b8bc5d65b7e2b.php 第 18 行.
NOTIC: [8] Undefined index: islogin H:\AppServ\www\shixun\Application\Runtime\Cache\Home\0785b05774680949491b8bc5d65b7e2b.php 第 22 行.
NOTIC: [8] Undefined variable: module H:\AppServ\www\shixun\ThinkPHP\Common\functions.php 第 990 行.
NOTIC: [8] Undefined variable: var H:\AppServ\www\shixun\ThinkPHP\Common\functions.php 第 990 行.
NOTIC: [2] array_reverse() expects parameter 1 to be array, null given H:\AppServ\www\shixun\ThinkPHP\Common\functions.php 第 990 行.
NOTIC: [2] http_build_query(): Parameter 1 expected to be Array or Object.  Incorrect value given H:\AppServ\www\shixun\ThinkPHP\Common\functions.php 第 990 行.
INFO: Run Behavior\ParseTemplateBehavior [ RunTime:0.007460s ]
INFO: [ view_parse ] --END-- [ RunTime:0.007497s ]
INFO: [ view_filter ] --START--
INFO: Run Behavior\WriteHtmlCacheBehavior [ RunTime:0.000395s ]
INFO: [ view_filter ] --END-- [ RunTime:0.000426s ]
INFO: [ app_end ] --START--
INFO: Run Behavior\ShowPageTraceBehavior [ RunTime:0.000707s ]
INFO: [ app_end ] --END-- [ RunTime:0.000765s ]

[ 2018-01-05T13:53:44+08:00 ] ::1 /shixun/index.php?m=Home&c=File&a=showfile
INFO: [ app_init ] --START--
INFO: Run Behavior\BuildLiteBehavior [ RunTime:0.000013s ]
INFO: [ app_init ] --END-- [ RunTime:0.000488s ]
INFO: [ app_begin ] --START--
INFO: Run Behavior\ReadHtmlCacheBehavior [ RunTime:0.000421s ]
INFO: [ app_begin ] --END-- [ RunTime:0.000462s ]
SQL: SHOW COLUMNS FROM `file` [ RunTime:0.0005s ]
NOTIC: [8] Undefined index: username H:\AppServ\www\shixun\Application\Home\Controller\FileController.class.php 第 21 行.
SQL: SELECT `filename`,`filesavename`,`upfile_time`,`filesavefolder`,`fileusername`,`filelabel` FROM `file` WHERE ( filesavefolder='ziyuan' and isdelete=0 ) ORDER BY upfile_time desc  [ RunTime:0.0003s ]
NOTIC: [8] Undefined index: username H:\AppServ\www\shixun\Application\Home\Controller\FileController.class.php 第 24 行.
NOTIC: [8] Undefined index: username H:\AppServ\www\shixun\Application\Home\Controller\FileController.class.php 第 24 行.
NOTIC: [8] Undefined index: username H:\AppServ\www\shixun\Application\Home\Controller\FileController.class.php 第 24 行.
INFO: [ app_end ] --START--
INFO: Run Behavior\ShowPageTraceBehavior [ RunTime:0.000537s ]
INFO: [ app_end ] --END-- [ RunTime:0.000571s ]

[ 2018-01-05T13:53:45+08:00 ] ::1 /shixun/index.php?m=Home&c=File&a=showfile
INFO: [ app_init ] --START--
INFO: Run Behavior\BuildLiteBehavior [ RunTime:0.000012s ]
INFO: [ app_init ] --END-- [ RunTime:0.000600s ]
INFO: [ app_begin ] --START--
INFO: Run Behavior\ReadHtmlCacheBehavior [ RunTime:0.000444s ]
INFO: [ app_begin ] --END-- [ RunTime:0.000482s ]
SQL: SHOW COLUMNS FROM `file` [ RunTime:0.0005s ]
NOTIC: [8] Undefined index: username H:\AppServ\www\shixun\Application\Home\Controller\FileController.class.php 第 28 行.
SQL: SELECT * FROM `file` WHERE ( filesavefolder='testdata' and fileusername='2015082310' and isdelete=0 ) ORDER BY upfile_time desc  [ RunTime:0.0003s ]
NOTIC: [8] Undefined index: username H:\AppServ\www\shixun\Application\Home\Controller\FileController.class.php 第 31 行.
INFO: [ app_end ] --START--
INFO: Run Behavior\ShowPageTraceBehavior [ RunTime:0.000560s ]
INFO: [ app_end ] --END-- [ RunTime:0.000595s ]

[ 2018-01-05T13:53:45+08:00 ] ::1 /shixun/index.php?m=Home&c=File&a=showfile
INFO: [ app_init ] --START--
INFO: Run Behavior\BuildLiteBehavior [ RunTime:0.000009s ]
INFO: [ app_init ] --END-- [ RunTime:0.000275s ]
INFO: [ app_begin ] --START--
INFO: Run Behavior\ReadHtmlCacheBehavior [ RunTime:0.000404s ]
INFO: [ app_begin ] --END-- [ RunTime:0.000443s ]
SQL: SHOW COLUMNS FROM `file` [ RunTime:0.0011s ]
NOTIC: [8] Undefined index: username H:\AppServ\www\shixun\Application\Home\Controller\FileController.class.php 第 21 行.
SQL: SELECT `filename`,`filesavename`,`upfile_time`,`filesavefolder`,`fileusername`,`filelabel` FROM `file` WHERE ( filesavefolder='ziyuan' and isdelete=0 ) ORDER BY upfile_time desc  [ RunTime:0.0003s ]
NOTIC: [8] Undefined index: username H:\AppServ\www\shixun\Application\Home\Controller\FileController.class.php 第 24 行.
NOTIC: [8] Undefined index: username H:\AppServ\www\shixun\Application\Home\Controller\FileController.class.php 第 24 行.
NOTIC: [8] Undefined index: username H:\AppServ\www\shixun\Application\Home\Controller\FileController.class.php 第 24 行.
INFO: [ app_end ] --START--
INFO: Run Behavior\ShowPageTraceBehavior [ RunTime:0.000527s ]
INFO: [ app_end ] --END-- [ RunTime:0.000560s ]

[ 2018-01-05T13:53:46+08:00 ] ::1 /shixun/index.php?m=Home&c=File&a=showFileSearchByLabel
INFO: [ app_init ] --START--
INFO: Run Behavior\BuildLiteBehavior [ RunTime:0.000009s ]
INFO: [ app_init ] --END-- [ RunTime:0.000269s ]
INFO: [ app_begin ] --START--
INFO: Run Behavior\ReadHtmlCacheBehavior [ RunTime:0.000399s ]
INFO: [ app_begin ] --END-- [ RunTime:0.000437s ]
SQL: SHOW COLUMNS FROM `file` [ RunTime:0.0005s ]
SQL: SELECT * FROM `file` WHERE ( filesavefolder='ziyuan' and isdelete=0 and filelabel='C++' ) ORDER BY upfile_time desc  [ RunTime:0.0003s ]
INFO: [ app_end ] --START--
INFO: Run Behavior\ShowPageTraceBehavior [ RunTime:0.000512s ]
INFO: [ app_end ] --END-- [ RunTime:0.000548s ]

[ 2018-01-05T13:53:55+08:00 ] ::1 /shixun/index.php?m=Home&c=User&a=login
INFO: [ app_init ] --START--
INFO: Run Behavior\BuildLiteBehavior [ RunTime:0.000009s ]
INFO: [ app_init ] --END-- [ RunTime:0.000275s ]
INFO: [ app_begin ] --START--
INFO: Run Behavior\ReadHtmlCacheBehavior [ RunTime:0.000430s ]
INFO: [ app_begin ] --END-- [ RunTime:0.000466s ]
SQL: SHOW COLUMNS FROM `user` [ RunTime:0.0348s ]
SQL: SELECT * FROM `user` WHERE ( username='2015082310' )  [ RunTime:0.0003s ]
SQL: SELECT * FROM `user` WHERE ( username='2015082310' )  [ RunTime:0.0002s ]
SQL: SELECT `administrator` FROM `user` WHERE ( username='2015082310' )  [ RunTime:0.0002s ]

[ 2018-01-05T13:53:55+08:00 ] ::1 /shixun/index.php?m=Home&c=Index&a=index
INFO: [ app_init ] --START--
INFO: Run Behavior\BuildLiteBehavior [ RunTime:0.000009s ]
INFO: [ app_init ] --END-- [ RunTime:0.000280s ]
INFO: [ app_begin ] --START--
INFO: Run Behavior\ReadHtmlCacheBehavior [ RunTime:0.000407s ]
INFO: [ app_begin ] --END-- [ RunTime:0.000445s ]
SQL: SHOW COLUMNS FROM `file` [ RunTime:0.0005s ]
SQL: SELECT DISTINCT  `fileusername` FROM `file` WHERE ( filesavefolder='ziyuan' )  [ RunTime:0.0003s ]
NOTIC: [8] Use of undefined constant fileusername - assumed 'fileusername' H:\AppServ\www\shixun\Application\Home\Controller\IndexController.class.php 第 8 行.
INFO: [ view_parse ] --START--
INFO: [ template_filter ] --START--
INFO: Run Behavior\ContentReplaceBehavior [ RunTime:0.000082s ]
INFO: [ template_filter ] --END-- [ RunTime:0.000120s ]
NOTIC: [8] Undefined variable: module H:\AppServ\www\shixun\ThinkPHP\Common\functions.php 第 990 行.
NOTIC: [8] Undefined variable: var H:\AppServ\www\shixun\ThinkPHP\Common\functions.php 第 990 行.
NOTIC: [2] array_reverse() expects parameter 1 to be array, null given H:\AppServ\www\shixun\ThinkPHP\Common\functions.php 第 990 行.
NOTIC: [2] http_build_query(): Parameter 1 expected to be Array or Object.  Incorrect value given H:\AppServ\www\shixun\ThinkPHP\Common\functions.php 第 990 行.
INFO: Run Behavior\ParseTemplateBehavior [ RunTime:0.007693s ]
INFO: [ view_parse ] --END-- [ RunTime:0.007729s ]
INFO: [ view_filter ] --START--
INFO: Run Behavior\WriteHtmlCacheBehavior [ RunTime:0.000292s ]
INFO: [ view_filter ] --END-- [ RunTime:0.000320s ]
INFO: [ app_end ] --START--
INFO: Run Behavior\ShowPageTraceBehavior [ RunTime:0.000548s ]
INFO: [ app_end ] --END-- [ RunTime:0.000601s ]

[ 2018-01-05T13:53:57+08:00 ] ::1 /shixun/index.php?m=Home&c=User&a=teacherShow
INFO: [ app_init ] --START--
INFO: Run Behavior\BuildLiteBehavior [ RunTime:0.000011s ]
INFO: [ app_init ] --END-- [ RunTime:0.000313s ]
INFO: [ app_begin ] --START--
INFO: Run Behavior\ReadHtmlCacheBehavior [ RunTime:0.000450s ]
INFO: [ app_begin ] --END-- [ RunTime:0.000502s ]
INFO: [ view_parse ] --START--
INFO: [ template_filter ] --START--
INFO: Run Behavior\ContentReplaceBehavior [ RunTime:0.000051s ]
INFO: [ template_filter ] --END-- [ RunTime:0.000091s ]
INFO: Run Behavior\ParseTemplateBehavior [ RunTime:0.006374s ]
INFO: [ view_parse ] --END-- [ RunTime:0.006418s ]
INFO: [ view_filter ] --START--
INFO: Run Behavior\WriteHtmlCacheBehavior [ RunTime:0.000319s ]
INFO: [ view_filter ] --END-- [ RunTime:0.000350s ]
INFO: [ app_end ] --START--
INFO: Run Behavior\ShowPageTraceBehavior [ RunTime:0.000472s ]
INFO: [ app_end ] --END-- [ RunTime:0.000505s ]

[ 2018-01-05T13:53:58+08:00 ] ::1 /shixun/index.php?m=Home&c=User&a=userinfo
INFO: [ app_init ] --START--
INFO: Run Behavior\BuildLiteBehavior [ RunTime:0.000012s ]
INFO: [ app_init ] --END-- [ RunTime:0.000356s ]
INFO: [ app_begin ] --START--
INFO: Run Behavior\ReadHtmlCacheBehavior [ RunTime:0.000453s ]
INFO: [ app_begin ] --END-- [ RunTime:0.000505s ]
SQL: SHOW COLUMNS FROM `file` [ RunTime:0.0005s ]
SQL: SELECT `count`,`filename`,`filesavename`,`upfile_time`,`filesavefolder`,`fileusername`,`filelabel` FROM `file` WHERE ( fileusername='2015082310'and isdelete=0 ) ORDER BY upfile_time desc  [ RunTime:0.0003s ]
NOTIC: [8] Undefined index: username H:\AppServ\www\shixun\Application\Home\Controller\UserController.class.php 第 11 行.
NOTIC: [8] Undefined index: username H:\AppServ\www\shixun\Application\Home\Controller\UserController.class.php 第 11 行.
NOTIC: [8] Undefined index: username H:\AppServ\www\shixun\Application\Home\Controller\UserController.class.php 第 11 行.
NOTIC: [8] Undefined index: username H:\AppServ\www\shixun\Application\Home\Controller\UserController.class.php 第 11 行.
SQL: SELECT DISTINCT  `filelabel` FROM `file` WHERE ( fileusername='2015082310' and isdelete=0 and filelabel !='' )  [ RunTime:0.0002s ]
NOTIC: [8] Use of undefined constant label - assumed 'label' H:\AppServ\www\shixun\Application\Home\Controller\UserController.class.php 第 14 行.
INFO: [ app_end ] --START--
INFO: Run Behavior\ShowPageTraceBehavior [ RunTime:0.000714s ]
INFO: [ app_end ] --END-- [ RunTime:0.000748s ]

[ 2018-01-05T13:53:59+08:00 ] ::1 /shixun/index.php?m=Home&c=File&a=displayup
INFO: [ app_init ] --START--
INFO: Run Behavior\BuildLiteBehavior [ RunTime:0.000009s ]
INFO: [ app_init ] --END-- [ RunTime:0.000312s ]
INFO: [ app_begin ] --START--
INFO: Run Behavior\ReadHtmlCacheBehavior [ RunTime:0.000458s ]
INFO: [ app_begin ] --END-- [ RunTime:0.000508s ]
SQL: SHOW COLUMNS FROM `file` [ RunTime:0.0005s ]
SQL: SELECT DISTINCT  `filelabel` FROM `file` WHERE ( fileusername='2015082310' and isdelete=0 and filelabel !='' )  [ RunTime:0.0002s ]
NOTIC: [8] Use of undefined constant label - assumed 'label' H:\AppServ\www\shixun\Application\Home\Controller\FileController.class.php 第 10 行.
INFO: [ view_parse ] --START--
INFO: [ template_filter ] --START--
INFO: Run Behavior\ContentReplaceBehavior [ RunTime:0.000033s ]
INFO: [ template_filter ] --END-- [ RunTime:0.000073s ]
INFO: Run Behavior\ParseTemplateBehavior [ RunTime:0.006757s ]
INFO: [ view_parse ] --END-- [ RunTime:0.006801s ]
INFO: [ view_filter ] --START--
INFO: Run Behavior\WriteHtmlCacheBehavior [ RunTime:0.000316s ]
INFO: [ view_filter ] --END-- [ RunTime:0.000350s ]
INFO: [ app_end ] --START--
INFO: Run Behavior\ShowPageTraceBehavior [ RunTime:0.000492s ]
INFO: [ app_end ] --END-- [ RunTime:0.000528s ]

[ 2018-01-05T13:54:14+08:00 ] ::1 /shixun/index.php?m=Home&c=File&a=up
INFO: [ app_init ] --START--
INFO: Run Behavior\BuildLiteBehavior [ RunTime:0.000010s ]
INFO: [ app_init ] --END-- [ RunTime:0.000292s ]
INFO: [ app_begin ] --START--
INFO: Run Behavior\ReadHtmlCacheBehavior [ RunTime:0.000446s ]
INFO: [ app_begin ] --END-- [ RunTime:0.000496s ]
NOTIC: [8] Use of undefined constant Y - assumed 'Y' H:\AppServ\www\shixun\Application\Home\Controller\FileController.class.php 第 59 行.
NOTIC: [8] Use of undefined constant m - assumed 'm' H:\AppServ\www\shixun\Application\Home\Controller\FileController.class.php 第 59 行.
NOTIC: [8] Use of undefined constant d - assumed 'd' H:\AppServ\www\shixun\Application\Home\Controller\FileController.class.php 第 59 行.
SQL: SHOW COLUMNS FROM `file` [ RunTime:0.0008s ]
NOTIC: [2] call_user_func() expects parameter 1 to be a valid callback, no array or string given H:\AppServ\www\shixun\ThinkPHP\Library\Think\Upload.class.php 第 170 行.
SQL: INSERT INTO `file` (`filelabel`,`filesavefolder`,`fileusername`,`filename`,`filetype`,`filesavename`,`isdelete`,`count`,`upfile_time`) VALUES ('JAVA','ziyuan','2015082310','工作室课题.doc','application/msword','8e34d73ed96d6c0e73060d612625df94.doc','0','0','2018-01-05') [ RunTime:0.0496s ]
INFO: [ view_parse ] --START--
INFO: [ template_filter ] --START--
INFO: Run Behavior\ContentReplaceBehavior [ RunTime:0.000046s ]
INFO: [ template_filter ] --END-- [ RunTime:0.000110s ]
INFO: Run Behavior\ParseTemplateBehavior [ RunTime:0.012917s ]
INFO: [ view_parse ] --END-- [ RunTime:0.012963s ]
INFO: [ view_filter ] --START--
INFO: Run Behavior\WriteHtmlCacheBehavior [ RunTime:0.000331s ]
INFO: [ view_filter ] --END-- [ RunTime:0.000361s ]
INFO: [ app_end ] --START--
INFO: Run Behavior\ShowPageTraceBehavior [ RunTime:0.000526s ]
INFO: [ app_end ] --END-- [ RunTime:0.000558s ]

[ 2018-01-05T13:54:15+08:00 ] ::1 /shixun/index.php?m=Home&c=file&a=displayup
INFO: [ app_init ] --START--
INFO: Run Behavior\BuildLiteBehavior [ RunTime:0.000010s ]
INFO: [ app_init ] --END-- [ RunTime:0.000280s ]
INFO: [ app_begin ] --START--
INFO: Run Behavior\ReadHtmlCacheBehavior [ RunTime:0.000436s ]
INFO: [ app_begin ] --END-- [ RunTime:0.000484s ]
SQL: SHOW COLUMNS FROM `file` [ RunTime:0.0005s ]
SQL: SELECT DISTINCT  `filelabel` FROM `file` WHERE ( fileusername='2015082310' and isdelete=0 and filelabel !='' )  [ RunTime:0.0003s ]
NOTIC: [8] Use of undefined constant label - assumed 'label' H:\AppServ\www\shixun\Application\Home\Controller\FileController.class.php 第 10 行.
INFO: [ view_parse ] --START--
INFO: [ template_filter ] --START--
INFO: Run Behavior\ContentReplaceBehavior [ RunTime:0.000037s ]
INFO: [ template_filter ] --END-- [ RunTime:0.000082s ]
INFO: Run Behavior\ParseTemplateBehavior [ RunTime:0.007470s ]
INFO: [ view_parse ] --END-- [ RunTime:0.007551s ]
INFO: [ view_filter ] --START--
INFO: Run Behavior\WriteHtmlCacheBehavior [ RunTime:0.000297s ]
INFO: [ view_filter ] --END-- [ RunTime:0.000329s ]
INFO: [ app_end ] --START--
INFO: Run Behavior\ShowPageTraceBehavior [ RunTime:0.000561s ]
INFO: [ app_end ] --END-- [ RunTime:0.000594s ]

[ 2018-01-05T13:54:17+08:00 ] ::1 /shixun/index.php?m=Home&c=User&a=teacherShow
INFO: [ app_init ] --START--
INFO: Run Behavior\BuildLiteBehavior [ RunTime:0.000053s ]
INFO: [ app_init ] --END-- [ RunTime:0.000495s ]
INFO: [ app_begin ] --START--
INFO: Run Behavior\ReadHtmlCacheBehavior [ RunTime:0.000604s ]
INFO: [ app_begin ] --END-- [ RunTime:0.000683s ]
INFO: [ view_parse ] --START--
INFO: [ template_filter ] --START--
INFO: Run Behavior\ContentReplaceBehavior [ RunTime:0.000049s ]
INFO: [ template_filter ] --END-- [ RunTime:0.000093s ]
INFO: Run Behavior\ParseTemplateBehavior [ RunTime:0.006231s ]
INFO: [ view_parse ] --END-- [ RunTime:0.006272s ]
INFO: [ view_filter ] --START--
INFO: Run Behavior\WriteHtmlCacheBehavior [ RunTime:0.000308s ]
INFO: [ view_filter ] --END-- [ RunTime:0.000338s ]
INFO: [ app_end ] --START--
INFO: Run Behavior\ShowPageTraceBehavior [ RunTime:0.000445s ]
INFO: [ app_end ] --END-- [ RunTime:0.000479s ]

[ 2018-01-05T13:54:17+08:00 ] ::1 /shixun/index.php?m=Home&c=User&a=userinfo
INFO: [ app_init ] --START--
INFO: Run Behavior\BuildLiteBehavior [ RunTime:0.000009s ]
INFO: [ app_init ] --END-- [ RunTime:0.000312s ]
INFO: [ app_begin ] --START--
INFO: Run Behavior\ReadHtmlCacheBehavior [ RunTime:0.000404s ]
INFO: [ app_begin ] --END-- [ RunTime:0.000443s ]
SQL: SHOW COLUMNS FROM `file` [ RunTime:0.0005s ]
SQL: SELECT `count`,`filename`,`filesavename`,`upfile_time`,`filesavefolder`,`fileusername`,`filelabel` FROM `file` WHERE ( fileusername='2015082310'and isdelete=0 ) ORDER BY upfile_time desc  [ RunTime:0.0004s ]
NOTIC: [8] Undefined index: username H:\AppServ\www\shixun\Application\Home\Controller\UserController.class.php 第 11 行.
NOTIC: [8] Undefined index: username H:\AppServ\www\shixun\Application\Home\Controller\UserController.class.php 第 11 行.
NOTIC: [8] Undefined index: username H:\AppServ\www\shixun\Application\Home\Controller\UserController.class.php 第 11 行.
NOTIC: [8] Undefined index: username H:\AppServ\www\shixun\Application\Home\Controller\UserController.class.php 第 11 行.
NOTIC: [8] Undefined index: username H:\AppServ\www\shixun\Application\Home\Controller\UserController.class.php 第 11 行.
SQL: SELECT DISTINCT  `filelabel` FROM `file` WHERE ( fileusername='2015082310' and isdelete=0 and filelabel !='' )  [ RunTime:0.0003s ]
NOTIC: [8] Use of undefined constant label - assumed 'label' H:\AppServ\www\shixun\Application\Home\Controller\UserController.class.php 第 14 行.
INFO: [ app_end ] --START--
INFO: Run Behavior\ShowPageTraceBehavior [ RunTime:0.000616s ]
INFO: [ app_end ] --END-- [ RunTime:0.000653s ]

[ 2018-01-05T13:54:19+08:00 ] ::1 /shixun/index.php?m=Home&c=File&a=downloadFile&folders=ziyuan&file=8e34d73ed96d6c0e73060d612625df94.doc&reallyfile=%E5%B7%A5%E4%BD%9C%E5%AE%A4%E8%AF%BE%E9%A2%98.doc&fileusername=
INFO: [ app_init ] --START--
INFO: Run Behavior\BuildLiteBehavior [ RunTime:0.000010s ]
INFO: [ app_init ] --END-- [ RunTime:0.000293s ]
INFO: [ app_begin ] --START--
INFO: Run Behavior\ReadHtmlCacheBehavior [ RunTime:0.000447s ]
INFO: [ app_begin ] --END-- [ RunTime:0.000494s ]
SQL: SHOW COLUMNS FROM `file` [ RunTime:0.0005s ]
SQL: update file set file.count=file.count+1 where filesavename ='8e34d73ed96d6c0e73060d612625df94.doc' [ RunTime:0.0709s ]

[ 2018-01-05T13:54:27+08:00 ] ::1 /shixun/index.php?m=Home&c=File&a=displayup
INFO: [ app_init ] --START--
INFO: Run Behavior\BuildLiteBehavior [ RunTime:0.000012s ]
INFO: [ app_init ] --END-- [ RunTime:0.000291s ]
INFO: [ app_begin ] --START--
INFO: Run Behavior\ReadHtmlCacheBehavior [ RunTime:0.000423s ]
INFO: [ app_begin ] --END-- [ RunTime:0.000510s ]
SQL: SHOW COLUMNS FROM `file` [ RunTime:0.0005s ]
SQL: SELECT DISTINCT  `filelabel` FROM `file` WHERE ( fileusername='2015082310' and isdelete=0 and filelabel !='' )  [ RunTime:0.0002s ]
NOTIC: [8] Use of undefined constant label - assumed 'label' H:\AppServ\www\shixun\Application\Home\Controller\FileController.class.php 第 10 行.
INFO: [ view_parse ] --START--
INFO: [ template_filter ] --START--
INFO: Run Behavior\ContentReplaceBehavior [ RunTime:0.000041s ]
INFO: [ template_filter ] --END-- [ RunTime:0.000088s ]
INFO: Run Behavior\ParseTemplateBehavior [ RunTime:0.007784s ]
INFO: [ view_parse ] --END-- [ RunTime:0.007855s ]
INFO: [ view_filter ] --START--
INFO: Run Behavior\WriteHtmlCacheBehavior [ RunTime:0.000312s ]
INFO: [ view_filter ] --END-- [ RunTime:0.000344s ]
INFO: [ app_end ] --START--
INFO: Run Behavior\ShowPageTraceBehavior [ RunTime:0.000484s ]
INFO: [ app_end ] --END-- [ RunTime:0.000526s ]

[ 2018-01-05T13:54:38+08:00 ] ::1 /shixun/index.php?m=Home&c=File&a=up
INFO: [ app_init ] --START--
INFO: Run Behavior\BuildLiteBehavior [ RunTime:0.000016s ]
INFO: [ app_init ] --END-- [ RunTime:0.000406s ]
INFO: [ app_begin ] --START--
INFO: Run Behavior\ReadHtmlCacheBehavior [ RunTime:0.000480s ]
INFO: [ app_begin ] --END-- [ RunTime:0.000534s ]
NOTIC: [8] Use of undefined constant Y - assumed 'Y' H:\AppServ\www\shixun\Application\Home\Controller\FileController.class.php 第 59 行.
NOTIC: [8] Use of undefined constant m - assumed 'm' H:\AppServ\www\shixun\Application\Home\Controller\FileController.class.php 第 59 行.
NOTIC: [8] Use of undefined constant d - assumed 'd' H:\AppServ\www\shixun\Application\Home\Controller\FileController.class.php 第 59 行.
SQL: SHOW COLUMNS FROM `file` [ RunTime:0.0005s ]
NOTIC: [2] call_user_func() expects parameter 1 to be a valid callback, no array or string given H:\AppServ\www\shixun\ThinkPHP\Library\Think\Upload.class.php 第 170 行.
SQL: INSERT INTO `file` (`filelabel`,`filesavefolder`,`fileusername`,`filename`,`filetype`,`filesavename`,`isdelete`,`count`,`upfile_time`) VALUES ('JAVA','ziyuan','2015082310','工作室课题3.doc','application/msword','00a7641a6fb46a4ecb18094d116d0407.doc','0','0','2018-01-05') [ RunTime:0.0524s ]
INFO: [ view_parse ] --START--
INFO: [ template_filter ] --START--
INFO: Run Behavior\ContentReplaceBehavior [ RunTime:0.000029s ]
INFO: [ template_filter ] --END-- [ RunTime:0.000125s ]
INFO: Run Behavior\ParseTemplateBehavior [ RunTime:0.005557s ]
INFO: [ view_parse ] --END-- [ RunTime:0.005630s ]
INFO: [ view_filter ] --START--
INFO: Run Behavior\WriteHtmlCacheBehavior [ RunTime:0.000273s ]
INFO: [ view_filter ] --END-- [ RunTime:0.000302s ]
INFO: [ app_end ] --START--
INFO: Run Behavior\ShowPageTraceBehavior [ RunTime:0.000487s ]
INFO: [ app_end ] --END-- [ RunTime:0.000518s ]

[ 2018-01-05T13:54:39+08:00 ] ::1 /shixun/index.php?m=Home&c=file&a=displayup
INFO: [ app_init ] --START--
INFO: Run Behavior\BuildLiteBehavior [ RunTime:0.000016s ]
INFO: [ app_init ] --END-- [ RunTime:0.000350s ]
INFO: [ app_begin ] --START--
INFO: Run Behavior\ReadHtmlCacheBehavior [ RunTime:0.000542s ]
INFO: [ app_begin ] --END-- [ RunTime:0.000623s ]
SQL: SHOW COLUMNS FROM `file` [ RunTime:0.0005s ]
SQL: SELECT DISTINCT  `filelabel` FROM `file` WHERE ( fileusername='2015082310' and isdelete=0 and filelabel !='' )  [ RunTime:0.0003s ]
NOTIC: [8] Use of undefined constant label - assumed 'label' H:\AppServ\www\shixun\Application\Home\Controller\FileController.class.php 第 10 行.
INFO: [ view_parse ] --START--
INFO: [ template_filter ] --START--
INFO: Run Behavior\ContentReplaceBehavior [ RunTime:0.000107s ]
INFO: [ template_filter ] --END-- [ RunTime:0.000217s ]
INFO: Run Behavior\ParseTemplateBehavior [ RunTime:0.007428s ]
INFO: [ view_parse ] --END-- [ RunTime:0.007487s ]
INFO: [ view_filter ] --START--
INFO: Run Behavior\WriteHtmlCacheBehavior [ RunTime:0.000355s ]
INFO: [ view_filter ] --END-- [ RunTime:0.000392s ]
INFO: [ app_end ] --START--
INFO: Run Behavior\ShowPageTraceBehavior [ RunTime:0.000486s ]
INFO: [ app_end ] --END-- [ RunTime:0.000522s ]

[ 2018-01-05T13:54:40+08:00 ] ::1 /shixun/index.php?m=Home&c=User&a=teacherShow
INFO: [ app_init ] --START--
INFO: Run Behavior\BuildLiteBehavior [ RunTime:0.000010s ]
INFO: [ app_init ] --END-- [ RunTime:0.000317s ]
INFO: [ app_begin ] --START--
INFO: Run Behavior\ReadHtmlCacheBehavior [ RunTime:0.000501s ]
INFO: [ app_begin ] --END-- [ RunTime:0.000571s ]
INFO: [ view_parse ] --START--
INFO: [ template_filter ] --START--
INFO: Run Behavior\ContentReplaceBehavior [ RunTime:0.000046s ]
INFO: [ template_filter ] --END-- [ RunTime:0.000081s ]
INFO: Run Behavior\ParseTemplateBehavior [ RunTime:0.005967s ]
INFO: [ view_parse ] --END-- [ RunTime:0.006012s ]
INFO: [ view_filter ] --START--
INFO: Run Behavior\WriteHtmlCacheBehavior [ RunTime:0.000324s ]
INFO: [ view_filter ] --END-- [ RunTime:0.000358s ]
INFO: [ app_end ] --START--
INFO: Run Behavior\ShowPageTraceBehavior [ RunTime:0.000454s ]
INFO: [ app_end ] --END-- [ RunTime:0.000487s ]

[ 2018-01-05T13:54:41+08:00 ] ::1 /shixun/index.php?m=Home&c=User&a=userinfo
INFO: [ app_init ] --START--
INFO: Run Behavior\BuildLiteBehavior [ RunTime:0.000019s ]
INFO: [ app_init ] --END-- [ RunTime:0.000918s ]
INFO: [ app_begin ] --START--
INFO: Run Behavior\ReadHtmlCacheBehavior [ RunTime:0.000806s ]
INFO: [ app_begin ] --END-- [ RunTime:0.000886s ]
SQL: SHOW COLUMNS FROM `file` [ RunTime:0.0010s ]
SQL: SELECT `count`,`filename`,`filesavename`,`upfile_time`,`filesavefolder`,`fileusername`,`filelabel` FROM `file` WHERE ( fileusername='2015082310'and isdelete=0 ) ORDER BY upfile_time desc  [ RunTime:0.0005s ]
NOTIC: [8] Undefined index: username H:\AppServ\www\shixun\Application\Home\Controller\UserController.class.php 第 11 行.
NOTIC: [8] Undefined index: username H:\AppServ\www\shixun\Application\Home\Controller\UserController.class.php 第 11 行.
NOTIC: [8] Undefined index: username H:\AppServ\www\shixun\Application\Home\Controller\UserController.class.php 第 11 行.
NOTIC: [8] Undefined index: username H:\AppServ\www\shixun\Application\Home\Controller\UserController.class.php 第 11 行.
NOTIC: [8] Undefined index: username H:\AppServ\www\shixun\Application\Home\Controller\UserController.class.php 第 11 行.
NOTIC: [8] Undefined index: username H:\AppServ\www\shixun\Application\Home\Controller\UserController.class.php 第 11 行.
SQL: SELECT DISTINCT  `filelabel` FROM `file` WHERE ( fileusername='2015082310' and isdelete=0 and filelabel !='' )  [ RunTime:0.0003s ]
NOTIC: [8] Use of undefined constant label - assumed 'label' H:\AppServ\www\shixun\Application\Home\Controller\UserController.class.php 第 14 行.
INFO: [ app_end ] --START--
INFO: Run Behavior\ShowPageTraceBehavior [ RunTime:0.000712s ]
INFO: [ app_end ] --END-- [ RunTime:0.000760s ]

[ 2018-01-05T13:54:43+08:00 ] ::1 /shixun/index.php?m=Home&c=User&a=deleteFile
INFO: [ app_init ] --START--
INFO: Run Behavior\BuildLiteBehavior [ RunTime:0.000011s ]
INFO: [ app_init ] --END-- [ RunTime:0.000288s ]
INFO: [ app_begin ] --START--
INFO: Run Behavior\ReadHtmlCacheBehavior [ RunTime:0.000442s ]
INFO: [ app_begin ] --END-- [ RunTime:0.000497s ]
SQL: SHOW COLUMNS FROM `file` [ RunTime:0.0010s ]
SQL: update file set isdelete=1 where filesavename='8e34d73ed96d6c0e73060d612625df94.doc' [ RunTime:0.0339s ]
INFO: [ app_end ] --START--
INFO: Run Behavior\ShowPageTraceBehavior [ RunTime:0.000699s ]
INFO: [ app_end ] --END-- [ RunTime:0.000752s ]

[ 2018-01-05T13:54:43+08:00 ] ::1 /shixun/index.php?m=Home&c=User&a=teacherShow
INFO: [ app_init ] --START--
INFO: Run Behavior\BuildLiteBehavior [ RunTime:0.000019s ]
INFO: [ app_init ] --END-- [ RunTime:0.000520s ]
INFO: [ app_begin ] --START--
INFO: Run Behavior\ReadHtmlCacheBehavior [ RunTime:0.000499s ]
INFO: [ app_begin ] --END-- [ RunTime:0.000570s ]
INFO: [ view_parse ] --START--
INFO: [ template_filter ] --START--
INFO: Run Behavior\ContentReplaceBehavior [ RunTime:0.000057s ]
INFO: [ template_filter ] --END-- [ RunTime:0.000121s ]
INFO: Run Behavior\ParseTemplateBehavior [ RunTime:0.005966s ]
INFO: [ view_parse ] --END-- [ RunTime:0.006007s ]
INFO: [ view_filter ] --START--
INFO: Run Behavior\WriteHtmlCacheBehavior [ RunTime:0.000291s ]
INFO: [ view_filter ] --END-- [ RunTime:0.000320s ]
INFO: [ app_end ] --START--
INFO: Run Behavior\ShowPageTraceBehavior [ RunTime:0.000464s ]
INFO: [ app_end ] --END-- [ RunTime:0.000495s ]

[ 2018-01-05T13:54:43+08:00 ] ::1 /shixun/index.php?m=Home&c=User&a=userinfo
INFO: [ app_init ] --START--
INFO: Run Behavior\BuildLiteBehavior [ RunTime:0.000017s ]
INFO: [ app_init ] --END-- [ RunTime:0.000756s ]
INFO: [ app_begin ] --START--
INFO: Run Behavior\ReadHtmlCacheBehavior [ RunTime:0.000771s ]
INFO: [ app_begin ] --END-- [ RunTime:0.000849s ]
SQL: SHOW COLUMNS FROM `file` [ RunTime:0.0006s ]
SQL: SELECT `count`,`filename`,`filesavename`,`upfile_time`,`filesavefolder`,`fileusername`,`filelabel` FROM `file` WHERE ( fileusername='2015082310'and isdelete=0 ) ORDER BY upfile_time desc  [ RunTime:0.0004s ]
NOTIC: [8] Undefined index: username H:\AppServ\www\shixun\Application\Home\Controller\UserController.class.php 第 11 行.
NOTIC: [8] Undefined index: username H:\AppServ\www\shixun\Application\Home\Controller\UserController.class.php 第 11 行.
NOTIC: [8] Undefined index: username H:\AppServ\www\shixun\Application\Home\Controller\UserController.class.php 第 11 行.
NOTIC: [8] Undefined index: username H:\AppServ\www\shixun\Application\Home\Controller\UserController.class.php 第 11 行.
NOTIC: [8] Undefined index: username H:\AppServ\www\shixun\Application\Home\Controller\UserController.class.php 第 11 行.
SQL: SELECT DISTINCT  `filelabel` FROM `file` WHERE ( fileusername='2015082310' and isdelete=0 and filelabel !='' )  [ RunTime:0.0003s ]
NOTIC: [8] Use of undefined constant label - assumed 'label' H:\AppServ\www\shixun\Application\Home\Controller\UserController.class.php 第 14 行.
INFO: [ app_end ] --START--
INFO: Run Behavior\ShowPageTraceBehavior [ RunTime:0.000890s ]
INFO: [ app_end ] --END-- [ RunTime:0.000950s ]

[ 2018-01-05T13:54:44+08:00 ] ::1 /shixun/index.php?m=Home&c=File&a=UserinfoSearchByLabel
INFO: [ app_init ] --START--
INFO: Run Behavior\BuildLiteBehavior [ RunTime:0.000009s ]
INFO: [ app_init ] --END-- [ RunTime:0.000276s ]
INFO: [ app_begin ] --START--
INFO: Run Behavior\ReadHtmlCacheBehavior [ RunTime:0.000400s ]
INFO: [ app_begin ] --END-- [ RunTime:0.000438s ]
SQL: SHOW COLUMNS FROM `file` [ RunTime:0.0005s ]
SQL: SELECT * FROM `file` WHERE ( isdelete=0 and filelabel='C++' ) ORDER BY upfile_time desc  [ RunTime:0.0003s ]
INFO: [ app_end ] --START--
INFO: Run Behavior\ShowPageTraceBehavior [ RunTime:0.000542s ]
INFO: [ app_end ] --END-- [ RunTime:0.000581s ]

[ 2018-01-05T13:54:46+08:00 ] ::1 /shixun/index.php?m=Home&c=File&a=UserinfoSearchByLabel
INFO: [ app_init ] --START--
INFO: Run Behavior\BuildLiteBehavior [ RunTime:0.000009s ]
INFO: [ app_init ] --END-- [ RunTime:0.000272s ]
INFO: [ app_begin ] --START--
INFO: Run Behavior\ReadHtmlCacheBehavior [ RunTime:0.000436s ]
INFO: [ app_begin ] --END-- [ RunTime:0.000475s ]
SQL: SHOW COLUMNS FROM `file` [ RunTime:0.0005s ]
SQL: SELECT * FROM `file` WHERE ( isdelete=0 and filelabel='JAVA' ) ORDER BY upfile_time desc  [ RunTime:0.0003s ]
INFO: [ app_end ] --START--
INFO: Run Behavior\ShowPageTraceBehavior [ RunTime:0.000549s ]
INFO: [ app_end ] --END-- [ RunTime:0.000588s ]

[ 2018-01-05T13:54:47+08:00 ] ::1 /shixun/index.php?m=Home&c=File&a=UserinfoSearchByLabel
INFO: [ app_init ] --START--
INFO: Run Behavior\BuildLiteBehavior [ RunTime:0.000009s ]
INFO: [ app_init ] --END-- [ RunTime:0.000298s ]
INFO: [ app_begin ] --START--
INFO: Run Behavior\ReadHtmlCacheBehavior [ RunTime:0.000436s ]
INFO: [ app_begin ] --END-- [ RunTime:0.000475s ]
SQL: SHOW COLUMNS FROM `file` [ RunTime:0.0006s ]
SQL: SELECT * FROM `file` WHERE ( isdelete=0 and filelabel='私有文件' ) ORDER BY upfile_time desc  [ RunTime:0.0003s ]
INFO: [ app_end ] --START--
INFO: Run Behavior\ShowPageTraceBehavior [ RunTime:0.000657s ]
INFO: [ app_end ] --END-- [ RunTime:0.000698s ]

[ 2018-01-05T13:54:53+08:00 ] ::1 /shixun/index.php?m=Home&c=Index&a=index
INFO: [ app_init ] --START--
INFO: Run Behavior\BuildLiteBehavior [ RunTime:0.000009s ]
INFO: [ app_init ] --END-- [ RunTime:0.000282s ]
INFO: [ app_begin ] --START--
INFO: Run Behavior\ReadHtmlCacheBehavior [ RunTime:0.000511s ]
INFO: [ app_begin ] --END-- [ RunTime:0.000550s ]
SQL: SHOW COLUMNS FROM `file` [ RunTime:0.0005s ]
SQL: SELECT DISTINCT  `fileusername` FROM `file` WHERE ( filesavefolder='ziyuan' )  [ RunTime:0.0002s ]
NOTIC: [8] Use of undefined constant fileusername - assumed 'fileusername' H:\AppServ\www\shixun\Application\Home\Controller\IndexController.class.php 第 8 行.
INFO: [ view_parse ] --START--
INFO: [ template_filter ] --START--
INFO: Run Behavior\ContentReplaceBehavior [ RunTime:0.000081s ]
INFO: [ template_filter ] --END-- [ RunTime:0.000121s ]
NOTIC: [8] Undefined variable: module H:\AppServ\www\shixun\ThinkPHP\Common\functions.php 第 990 行.
NOTIC: [8] Undefined variable: var H:\AppServ\www\shixun\ThinkPHP\Common\functions.php 第 990 行.
NOTIC: [2] array_reverse() expects parameter 1 to be array, null given H:\AppServ\www\shixun\ThinkPHP\Common\functions.php 第 990 行.
NOTIC: [2] http_build_query(): Parameter 1 expected to be Array or Object.  Incorrect value given H:\AppServ\www\shixun\ThinkPHP\Common\functions.php 第 990 行.
INFO: Run Behavior\ParseTemplateBehavior [ RunTime:0.007847s ]
INFO: [ view_parse ] --END-- [ RunTime:0.007886s ]
INFO: [ view_filter ] --START--
INFO: Run Behavior\WriteHtmlCacheBehavior [ RunTime:0.000324s ]
INFO: [ view_filter ] --END-- [ RunTime:0.000355s ]
INFO: [ app_end ] --START--
INFO: Run Behavior\ShowPageTraceBehavior [ RunTime:0.000597s ]
INFO: [ app_end ] --END-- [ RunTime:0.000679s ]

[ 2018-01-05T13:54:54+08:00 ] ::1 /shixun/index.php?m=Home&c=File&a=showfile
INFO: [ app_init ] --START--
INFO: Run Behavior\BuildLiteBehavior [ RunTime:0.000010s ]
INFO: [ app_init ] --END-- [ RunTime:0.000279s ]
INFO: [ app_begin ] --START--
INFO: Run Behavior\ReadHtmlCacheBehavior [ RunTime:0.000406s ]
INFO: [ app_begin ] --END-- [ RunTime:0.000461s ]
SQL: SHOW COLUMNS FROM `file` [ RunTime:0.0005s ]
SQL: SELECT `filename`,`filesavename`,`upfile_time`,`filesavefolder`,`fileusername`,`filelabel` FROM `file` WHERE ( filesavefolder='ziyuan' and isdelete=0 ) ORDER BY upfile_time desc  [ RunTime:0.0003s ]
NOTIC: [8] Undefined index: username H:\AppServ\www\shixun\Application\Home\Controller\FileController.class.php 第 24 行.
NOTIC: [8] Undefined index: username H:\AppServ\www\shixun\Application\Home\Controller\FileController.class.php 第 24 行.
NOTIC: [8] Undefined index: username H:\AppServ\www\shixun\Application\Home\Controller\FileController.class.php 第 24 行.
NOTIC: [8] Undefined index: username H:\AppServ\www\shixun\Application\Home\Controller\FileController.class.php 第 24 行.
INFO: [ app_end ] --START--
INFO: Run Behavior\ShowPageTraceBehavior [ RunTime:0.000525s ]
INFO: [ app_end ] --END-- [ RunTime:0.000559s ]

[ 2018-01-05T13:54:56+08:00 ] ::1 /shixun/index.php?m=Home&c=File&a=showFileSearchByLabel
INFO: [ app_init ] --START--
INFO: Run Behavior\BuildLiteBehavior [ RunTime:0.000009s ]
INFO: [ app_init ] --END-- [ RunTime:0.000271s ]
INFO: [ app_begin ] --START--
INFO: Run Behavior\ReadHtmlCacheBehavior [ RunTime:0.000396s ]
INFO: [ app_begin ] --END-- [ RunTime:0.000434s ]
SQL: SHOW COLUMNS FROM `file` [ RunTime:0.0005s ]
SQL: SELECT * FROM `file` WHERE ( filesavefolder='ziyuan' and isdelete=0 and filelabel='C++' ) ORDER BY upfile_time desc  [ RunTime:0.0003s ]
INFO: [ app_end ] --START--
INFO: Run Behavior\ShowPageTraceBehavior [ RunTime:0.000528s ]
INFO: [ app_end ] --END-- [ RunTime:0.000563s ]

[ 2018-01-05T13:54:58+08:00 ] ::1 /shixun/index.php?m=Home&c=File&a=showfile
INFO: [ app_init ] --START--
INFO: Run Behavior\BuildLiteBehavior [ RunTime:0.000010s ]
INFO: [ app_init ] --END-- [ RunTime:0.000323s ]
INFO: [ app_begin ] --START--
INFO: Run Behavior\ReadHtmlCacheBehavior [ RunTime:0.000452s ]
INFO: [ app_begin ] --END-- [ RunTime:0.000504s ]
SQL: SHOW COLUMNS FROM `file` [ RunTime:0.0005s ]
SQL: SELECT * FROM `file` WHERE ( filesavefolder='testdata' and fileusername='2015082310' and isdelete=0 ) ORDER BY upfile_time desc  [ RunTime:0.0003s ]
NOTIC: [8] Undefined index: username H:\AppServ\www\shixun\Application\Home\Controller\FileController.class.php 第 31 行.
INFO: [ app_end ] --START--
INFO: Run Behavior\ShowPageTraceBehavior [ RunTime:0.000600s ]
INFO: [ app_end ] --END-- [ RunTime:0.000642s ]

[ 2018-01-05T13:54:59+08:00 ] ::1 /shixun/index.php?m=Home&c=File&a=showfile
INFO: [ app_init ] --START--
INFO: Run Behavior\BuildLiteBehavior [ RunTime:0.000011s ]
INFO: [ app_init ] --END-- [ RunTime:0.000328s ]
INFO: [ app_begin ] --START--
INFO: Run Behavior\ReadHtmlCacheBehavior [ RunTime:0.000452s ]
INFO: [ app_begin ] --END-- [ RunTime:0.000504s ]
SQL: SHOW COLUMNS FROM `file` [ RunTime:0.0009s ]
SQL: SELECT `filename`,`filesavename`,`upfile_time`,`filesavefolder`,`fileusername`,`filelabel` FROM `file` WHERE ( filesavefolder='ziyuan' and isdelete=0 ) ORDER BY upfile_time desc  [ RunTime:0.0007s ]
NOTIC: [8] Undefined index: username H:\AppServ\www\shixun\Application\Home\Controller\FileController.class.php 第 24 行.
NOTIC: [8] Undefined index: username H:\AppServ\www\shixun\Application\Home\Controller\FileController.class.php 第 24 行.
NOTIC: [8] Undefined index: username H:\AppServ\www\shixun\Application\Home\Controller\FileController.class.php 第 24 行.
NOTIC: [8] Undefined index: username H:\AppServ\www\shixun\Application\Home\Controller\FileController.class.php 第 24 行.
INFO: [ app_end ] --START--
INFO: Run Behavior\ShowPageTraceBehavior [ RunTime:0.000626s ]
INFO: [ app_end ] --END-- [ RunTime:0.000663s ]

[ 2018-01-05T13:56:46+08:00 ] ::1 /shixun/index.php?m=Home&c=User&a=logOut
INFO: [ app_init ] --START--
INFO: Run Behavior\BuildLiteBehavior [ RunTime:0.000008s ]
INFO: [ app_init ] --END-- [ RunTime:0.000278s ]
INFO: [ app_begin ] --START--
INFO: Run Behavior\ReadHtmlCacheBehavior [ RunTime:0.000428s ]
INFO: [ app_begin ] --END-- [ RunTime:0.000466s ]
INFO: [ view_parse ] --START--
INFO: [ template_filter ] --START--
INFO: Run Behavior\ContentReplaceBehavior [ RunTime:0.000105s ]
INFO: [ template_filter ] --END-- [ RunTime:0.000142s ]
NOTIC: [8] Undefined variable: module H:\AppServ\www\shixun\ThinkPHP\Common\functions.php 第 990 行.
NOTIC: [8] Undefined variable: var H:\AppServ\www\shixun\ThinkPHP\Common\functions.php 第 990 行.
NOTIC: [2] array_reverse() expects parameter 1 to be array, null given H:\AppServ\www\shixun\ThinkPHP\Common\functions.php 第 990 行.
NOTIC: [2] http_build_query(): Parameter 1 expected to be Array or Object.  Incorrect value given H:\AppServ\www\shixun\ThinkPHP\Common\functions.php 第 990 行.
INFO: Run Behavior\ParseTemplateBehavior [ RunTime:0.007800s ]
INFO: [ view_parse ] --END-- [ RunTime:0.007840s ]
INFO: [ view_filter ] --START--
INFO: Run Behavior\WriteHtmlCacheBehavior [ RunTime:0.000309s ]
INFO: [ view_filter ] --END-- [ RunTime:0.000342s ]
INFO: [ app_end ] --START--
INFO: Run Behavior\ShowPageTraceBehavior [ RunTime:0.000853s ]
INFO: [ app_end ] --END-- [ RunTime:0.001312s ]

[ 2018-01-05T13:56:48+08:00 ] ::1 /shixun/index.php?m=Home&c=File&a=showfile
INFO: [ app_init ] --START--
INFO: Run Behavior\BuildLiteBehavior [ RunTime:0.000011s ]
INFO: [ app_init ] --END-- [ RunTime:0.000305s ]
INFO: [ app_begin ] --START--
INFO: Run Behavior\ReadHtmlCacheBehavior [ RunTime:0.000431s ]
INFO: [ app_begin ] --END-- [ RunTime:0.000471s ]
SQL: SHOW COLUMNS FROM `file` [ RunTime:0.0010s ]
NOTIC: [8] Undefined index: username H:\AppServ\www\shixun\Application\Home\Controller\FileController.class.php 第 21 行.
SQL: SELECT `filename`,`filesavename`,`upfile_time`,`filesavefolder`,`fileusername`,`filelabel` FROM `file` WHERE ( filesavefolder='ziyuan' and isdelete=0 ) ORDER BY upfile_time desc  [ RunTime:0.0004s ]
NOTIC: [8] Undefined index: username H:\AppServ\www\shixun\Application\Home\Controller\FileController.class.php 第 24 行.
NOTIC: [8] Undefined index: username H:\AppServ\www\shixun\Application\Home\Controller\FileController.class.php 第 24 行.
NOTIC: [8] Undefined index: username H:\AppServ\www\shixun\Application\Home\Controller\FileController.class.php 第 24 行.
NOTIC: [8] Undefined index: username H:\AppServ\www\shixun\Application\Home\Controller\FileController.class.php 第 24 行.
INFO: [ app_end ] --START--
INFO: Run Behavior\ShowPageTraceBehavior [ RunTime:0.000590s ]
INFO: [ app_end ] --END-- [ RunTime:0.000626s ]

[ 2018-01-05T14:09:48+08:00 ] ::1 /shixun/index.php?m=Home&c=User&a=register
INFO: [ app_init ] --START--
INFO: Run Behavior\BuildLiteBehavior [ RunTime:0.000015s ]
INFO: [ app_init ] --END-- [ RunTime:0.000438s ]
INFO: [ app_begin ] --START--
INFO: Run Behavior\ReadHtmlCacheBehavior [ RunTime:0.000994s ]
INFO: [ app_begin ] --END-- [ RunTime:0.001070s ]
SQL: SHOW COLUMNS FROM `user` [ RunTime:0.0041s ]
SQL: SELECT * FROM `user` WHERE ( username='2015082310' )  [ RunTime:0.0003s ]
SQL: INSERT INTO `user` (`username`,`password`,`email`) VALUES ('2015082310','897ab2b85a9685f1c2102042f9407481','1191544503@qq.com') [ RunTime:0.0551s ]

[ 2018-01-05T14:09:49+08:00 ] ::1 /shixun/index.php?m=&
INFO: [ app_init ] --START--
INFO: Run Behavior\BuildLiteBehavior [ RunTime:0.000130s ]
INFO: [ app_init ] --END-- [ RunTime:0.000946s ]
INFO: [ app_begin ] --START--
INFO: Run Behavior\ReadHtmlCacheBehavior [ RunTime:0.000531s ]
INFO: [ app_begin ] --END-- [ RunTime:0.000594s ]
SQL: SHOW COLUMNS FROM `file` [ RunTime:0.0005s ]
SQL: SELECT DISTINCT  `fileusername` FROM `file` WHERE ( filesavefolder='ziyuan' )  [ RunTime:0.0002s ]
NOTIC: [8] Use of undefined constant fileusername - assumed 'fileusername' H:\AppServ\www\shixun\Application\Home\Controller\IndexController.class.php 第 8 行.
INFO: [ view_parse ] --START--
INFO: [ template_filter ] --START--
INFO: Run Behavior\ContentReplaceBehavior [ RunTime:0.000149s ]
INFO: [ template_filter ] --END-- [ RunTime:0.000230s ]
NOTIC: [8] Undefined variable: module H:\AppServ\www\shixun\ThinkPHP\Common\functions.php 第 990 行.
NOTIC: [8] Undefined variable: var H:\AppServ\www\shixun\ThinkPHP\Common\functions.php 第 990 行.
NOTIC: [2] array_reverse() expects parameter 1 to be array, null given H:\AppServ\www\shixun\ThinkPHP\Common\functions.php 第 990 行.
NOTIC: [2] http_build_query(): Parameter 1 expected to be Array or Object.  Incorrect value given H:\AppServ\www\shixun\ThinkPHP\Common\functions.php 第 990 行.
INFO: Run Behavior\ParseTemplateBehavior [ RunTime:0.011767s ]
INFO: [ view_parse ] --END-- [ RunTime:0.011869s ]
INFO: [ view_filter ] --START--
INFO: Run Behavior\WriteHtmlCacheBehavior [ RunTime:0.000321s ]
INFO: [ view_filter ] --END-- [ RunTime:0.000352s ]
INFO: [ app_end ] --START--
INFO: Run Behavior\ShowPageTraceBehavior [ RunTime:0.000597s ]
INFO: [ app_end ] --END-- [ RunTime:0.000655s ]

[ 2018-01-05T14:09:54+08:00 ] ::1 /shixun/index.php?m=Home&c=User&a=login
INFO: [ app_init ] --START--
INFO: Run Behavior\BuildLiteBehavior [ RunTime:0.000011s ]
INFO: [ app_init ] --END-- [ RunTime:0.000374s ]
INFO: [ app_begin ] --START--
INFO: Run Behavior\ReadHtmlCacheBehavior [ RunTime:0.000446s ]
INFO: [ app_begin ] --END-- [ RunTime:0.000489s ]
SQL: SHOW COLUMNS FROM `user` [ RunTime:0.0016s ]
SQL: SELECT * FROM `user` WHERE ( username='2015082310' )  [ RunTime:0.0003s ]
SQL: SELECT * FROM `user` WHERE ( username='2015082310' )  [ RunTime:0.0003s ]

[ 2018-01-05T14:09:54+08:00 ] ::1 /shixun/index.php?m=Home&c=Index&a=index
INFO: [ app_init ] --START--
INFO: Run Behavior\BuildLiteBehavior [ RunTime:0.000011s ]
INFO: [ app_init ] --END-- [ RunTime:0.000390s ]
INFO: [ app_begin ] --START--
INFO: Run Behavior\ReadHtmlCacheBehavior [ RunTime:0.000500s ]
INFO: [ app_begin ] --END-- [ RunTime:0.000599s ]
SQL: SHOW COLUMNS FROM `file` [ RunTime:0.0005s ]
SQL: SELECT DISTINCT  `fileusername` FROM `file` WHERE ( filesavefolder='ziyuan' )  [ RunTime:0.0002s ]
NOTIC: [8] Use of undefined constant fileusername - assumed 'fileusername' H:\AppServ\www\shixun\Application\Home\Controller\IndexController.class.php 第 8 行.
INFO: [ view_parse ] --START--
INFO: [ template_filter ] --START--
INFO: Run Behavior\ContentReplaceBehavior [ RunTime:0.000143s ]
INFO: [ template_filter ] --END-- [ RunTime:0.000189s ]
NOTIC: [8] Undefined variable: module H:\AppServ\www\shixun\ThinkPHP\Common\functions.php 第 990 行.
NOTIC: [8] Undefined variable: var H:\AppServ\www\shixun\ThinkPHP\Common\functions.php 第 990 行.
NOTIC: [2] array_reverse() expects parameter 1 to be array, null given H:\AppServ\www\shixun\ThinkPHP\Common\functions.php 第 990 行.
NOTIC: [2] http_build_query(): Parameter 1 expected to be Array or Object.  Incorrect value given H:\AppServ\www\shixun\ThinkPHP\Common\functions.php 第 990 行.
INFO: Run Behavior\ParseTemplateBehavior [ RunTime:0.008661s ]
INFO: [ view_parse ] --END-- [ RunTime:0.008701s ]
INFO: [ view_filter ] --START--
INFO: Run Behavior\WriteHtmlCacheBehavior [ RunTime:0.000311s ]
INFO: [ view_filter ] --END-- [ RunTime:0.000341s ]
INFO: [ app_end ] --START--
INFO: Run Behavior\ShowPageTraceBehavior [ RunTime:0.000561s ]
INFO: [ app_end ] --END-- [ RunTime:0.000628s ]

[ 2018-01-05T14:09:55+08:00 ] ::1 /shixun/index.php?m=Home&c=User&a=teacherShow
INFO: [ app_init ] --START--
INFO: Run Behavior\BuildLiteBehavior [ RunTime:0.000009s ]
INFO: [ app_init ] --END-- [ RunTime:0.000270s ]
INFO: [ app_begin ] --START--
INFO: Run Behavior\ReadHtmlCacheBehavior [ RunTime:0.000415s ]
INFO: [ app_begin ] --END-- [ RunTime:0.000453s ]
INFO: [ view_parse ] --START--
INFO: [ template_filter ] --START--
INFO: Run Behavior\ContentReplaceBehavior [ RunTime:0.000051s ]
INFO: [ template_filter ] --END-- [ RunTime:0.000091s ]
INFO: Run Behavior\ParseTemplateBehavior [ RunTime:0.006381s ]
INFO: [ view_parse ] --END-- [ RunTime:0.006422s ]
INFO: [ view_filter ] --START--
INFO: Run Behavior\WriteHtmlCacheBehavior [ RunTime:0.000282s ]
INFO: [ view_filter ] --END-- [ RunTime:0.000311s ]
INFO: [ app_end ] --START--
INFO: Run Behavior\ShowPageTraceBehavior [ RunTime:0.000435s ]
INFO: [ app_end ] --END-- [ RunTime:0.000468s ]

[ 2018-01-05T14:09:55+08:00 ] ::1 /shixun/index.php?m=Home&c=User&a=userinfo
INFO: [ app_init ] --START--
INFO: Run Behavior\BuildLiteBehavior [ RunTime:0.000014s ]
INFO: [ app_init ] --END-- [ RunTime:0.000443s ]
INFO: [ app_begin ] --START--
INFO: Run Behavior\ReadHtmlCacheBehavior [ RunTime:0.000616s ]
INFO: [ app_begin ] --END-- [ RunTime:0.000675s ]
SQL: SHOW COLUMNS FROM `file` [ RunTime:0.0008s ]
SQL: SELECT `count`,`filename`,`filesavename`,`upfile_time`,`filesavefolder`,`fileusername`,`filelabel` FROM `file` WHERE ( fileusername='2015082310'and isdelete=0 ) ORDER BY upfile_time desc  [ RunTime:0.0004s ]
NOTIC: [8] Undefined index: username H:\AppServ\www\shixun\Application\Home\Controller\UserController.class.php 第 11 行.
NOTIC: [8] Undefined index: username H:\AppServ\www\shixun\Application\Home\Controller\UserController.class.php 第 11 行.
NOTIC: [8] Undefined index: username H:\AppServ\www\shixun\Application\Home\Controller\UserController.class.php 第 11 行.
NOTIC: [8] Undefined index: username H:\AppServ\www\shixun\Application\Home\Controller\UserController.class.php 第 11 行.
NOTIC: [8] Undefined index: username H:\AppServ\www\shixun\Application\Home\Controller\UserController.class.php 第 11 行.
SQL: SELECT DISTINCT  `filelabel` FROM `file` WHERE ( fileusername='2015082310' and isdelete=0 and filelabel !='' )  [ RunTime:0.0002s ]
NOTIC: [8] Use of undefined constant label - assumed 'label' H:\AppServ\www\shixun\Application\Home\Controller\UserController.class.php 第 14 行.
INFO: [ app_end ] --START--
INFO: Run Behavior\ShowPageTraceBehavior [ RunTime:0.000562s ]
INFO: [ app_end ] --END-- [ RunTime:0.000599s ]

[ 2018-01-05T14:09:58+08:00 ] ::1 /shixun/index.php?m=Home&c=Index&a=index
INFO: [ app_init ] --START--
INFO: Run Behavior\BuildLiteBehavior [ RunTime:0.000009s ]
INFO: [ app_init ] --END-- [ RunTime:0.000279s ]
INFO: [ app_begin ] --START--
INFO: Run Behavior\ReadHtmlCacheBehavior [ RunTime:0.000413s ]
INFO: [ app_begin ] --END-- [ RunTime:0.000452s ]
SQL: SHOW COLUMNS FROM `file` [ RunTime:0.0005s ]
SQL: SELECT DISTINCT  `fileusername` FROM `file` WHERE ( filesavefolder='ziyuan' )  [ RunTime:0.0003s ]
NOTIC: [8] Use of undefined constant fileusername - assumed 'fileusername' H:\AppServ\www\shixun\Application\Home\Controller\IndexController.class.php 第 8 行.
INFO: [ view_parse ] --START--
INFO: [ template_filter ] --START--
INFO: Run Behavior\ContentReplaceBehavior [ RunTime:0.000188s ]
INFO: [ template_filter ] --END-- [ RunTime:0.000253s ]
NOTIC: [8] Undefined variable: module H:\AppServ\www\shixun\ThinkPHP\Common\functions.php 第 990 行.
NOTIC: [8] Undefined variable: var H:\AppServ\www\shixun\ThinkPHP\Common\functions.php 第 990 行.
NOTIC: [2] array_reverse() expects parameter 1 to be array, null given H:\AppServ\www\shixun\ThinkPHP\Common\functions.php 第 990 行.
NOTIC: [2] http_build_query(): Parameter 1 expected to be Array or Object.  Incorrect value given H:\AppServ\www\shixun\ThinkPHP\Common\functions.php 第 990 行.
INFO: Run Behavior\ParseTemplateBehavior [ RunTime:0.007775s ]
INFO: [ view_parse ] --END-- [ RunTime:0.007814s ]
INFO: [ view_filter ] --START--
INFO: Run Behavior\WriteHtmlCacheBehavior [ RunTime:0.000310s ]
INFO: [ view_filter ] --END-- [ RunTime:0.000339s ]
INFO: [ app_end ] --START--
INFO: Run Behavior\ShowPageTraceBehavior [ RunTime:0.000551s ]
INFO: [ app_end ] --END-- [ RunTime:0.000598s ]

[ 2018-01-05T14:10:00+08:00 ] ::1 /shixun/index.php?m=Home&c=File&a=showfile
INFO: [ app_init ] --START--
INFO: Run Behavior\BuildLiteBehavior [ RunTime:0.000013s ]
INFO: [ app_init ] --END-- [ RunTime:0.000559s ]
INFO: [ app_begin ] --START--
INFO: Run Behavior\ReadHtmlCacheBehavior [ RunTime:0.000464s ]
INFO: [ app_begin ] --END-- [ RunTime:0.000508s ]
SQL: SHOW COLUMNS FROM `file` [ RunTime:0.0005s ]
SQL: SELECT `filename`,`filesavename`,`upfile_time`,`filesavefolder`,`fileusername`,`filelabel` FROM `file` WHERE ( filesavefolder='ziyuan' and isdelete=0 ) ORDER BY upfile_time desc  [ RunTime:0.0003s ]
NOTIC: [8] Undefined index: username H:\AppServ\www\shixun\Application\Home\Controller\FileController.class.php 第 24 行.
NOTIC: [8] Undefined index: username H:\AppServ\www\shixun\Application\Home\Controller\FileController.class.php 第 24 行.
NOTIC: [8] Undefined index: username H:\AppServ\www\shixun\Application\Home\Controller\FileController.class.php 第 24 行.
NOTIC: [8] Undefined index: username H:\AppServ\www\shixun\Application\Home\Controller\FileController.class.php 第 24 行.
INFO: [ app_end ] --START--
INFO: Run Behavior\ShowPageTraceBehavior [ RunTime:0.000551s ]
INFO: [ app_end ] --END-- [ RunTime:0.000588s ]

[ 2018-01-05T14:10:01+08:00 ] ::1 /shixun/index.php?m=Home&c=File&a=showfile
INFO: [ app_init ] --START--
INFO: Run Behavior\BuildLiteBehavior [ RunTime:0.000009s ]
INFO: [ app_init ] --END-- [ RunTime:0.000301s ]
INFO: [ app_begin ] --START--
INFO: Run Behavior\ReadHtmlCacheBehavior [ RunTime:0.000445s ]
INFO: [ app_begin ] --END-- [ RunTime:0.000515s ]
SQL: SHOW COLUMNS FROM `file` [ RunTime:0.0006s ]
SQL: SELECT * FROM `file` WHERE ( filesavefolder='testdata' and fileusername='2015082310' and isdelete=0 ) ORDER BY upfile_time desc  [ RunTime:0.0004s ]
NOTIC: [8] Undefined index: username H:\AppServ\www\shixun\Application\Home\Controller\FileController.class.php 第 31 行.
INFO: [ app_end ] --START--
INFO: Run Behavior\ShowPageTraceBehavior [ RunTime:0.000565s ]
INFO: [ app_end ] --END-- [ RunTime:0.000607s ]

[ 2018-01-05T14:10:02+08:00 ] ::1 /shixun/index.php?m=Home&c=File&a=showfile
INFO: [ app_init ] --START--
INFO: Run Behavior\BuildLiteBehavior [ RunTime:0.000012s ]
INFO: [ app_init ] --END-- [ RunTime:0.000364s ]
INFO: [ app_begin ] --START--
INFO: Run Behavior\ReadHtmlCacheBehavior [ RunTime:0.000444s ]
INFO: [ app_begin ] --END-- [ RunTime:0.000484s ]
SQL: SHOW COLUMNS FROM `file` [ RunTime:0.0005s ]
SQL: SELECT `filename`,`filesavename`,`upfile_time`,`filesavefolder`,`fileusername`,`filelabel` FROM `file` WHERE ( filesavefolder='ziyuan' and isdelete=0 ) ORDER BY upfile_time desc  [ RunTime:0.0003s ]
NOTIC: [8] Undefined index: username H:\AppServ\www\shixun\Application\Home\Controller\FileController.class.php 第 24 行.
NOTIC: [8] Undefined index: username H:\AppServ\www\shixun\Application\Home\Controller\FileController.class.php 第 24 行.
NOTIC: [8] Undefined index: username H:\AppServ\www\shixun\Application\Home\Controller\FileController.class.php 第 24 行.
NOTIC: [8] Undefined index: username H:\AppServ\www\shixun\Application\Home\Controller\FileController.class.php 第 24 行.
INFO: [ app_end ] --START--
INFO: Run Behavior\ShowPageTraceBehavior [ RunTime:0.000582s ]
INFO: [ app_end ] --END-- [ RunTime:0.000617s ]

[ 2018-01-05T14:10:02+08:00 ] ::1 /shixun/index.php?m=Home&c=File&a=showFileSearchByLabel
INFO: [ app_init ] --START--
INFO: Run Behavior\BuildLiteBehavior [ RunTime:0.000009s ]
INFO: [ app_init ] --END-- [ RunTime:0.000265s ]
INFO: [ app_begin ] --START--
INFO: Run Behavior\ReadHtmlCacheBehavior [ RunTime:0.000397s ]
INFO: [ app_begin ] --END-- [ RunTime:0.000436s ]
SQL: SHOW COLUMNS FROM `file` [ RunTime:0.0005s ]
SQL: SELECT * FROM `file` WHERE ( filesavefolder='ziyuan' and isdelete=0 and filelabel='C++' ) ORDER BY upfile_time desc  [ RunTime:0.0003s ]
INFO: [ app_end ] --START--
INFO: Run Behavior\ShowPageTraceBehavior [ RunTime:0.000609s ]
INFO: [ app_end ] --END-- [ RunTime:0.000649s ]

[ 2018-01-05T14:13:33+08:00 ] ::1 /shixun/index.php?m=Home&c=Index&a=index
INFO: [ app_init ] --START--
INFO: Run Behavior\BuildLiteBehavior [ RunTime:0.000010s ]
INFO: [ app_init ] --END-- [ RunTime:0.000321s ]
INFO: [ app_begin ] --START--
INFO: Run Behavior\ReadHtmlCacheBehavior [ RunTime:0.000472s ]
INFO: [ app_begin ] --END-- [ RunTime:0.000523s ]
SQL: SHOW COLUMNS FROM `file` [ RunTime:0.0006s ]
SQL: SELECT DISTINCT  `fileusername` FROM `file` WHERE ( filesavefolder='ziyuan' )  [ RunTime:0.0003s ]
NOTIC: [8] Use of undefined constant fileusername - assumed 'fileusername' H:\AppServ\www\shixun\Application\Home\Controller\IndexController.class.php 第 8 行.
INFO: [ view_parse ] --START--
INFO: [ template_filter ] --START--
INFO: Run Behavior\ContentReplaceBehavior [ RunTime:0.000148s ]
INFO: [ template_filter ] --END-- [ RunTime:0.000197s ]
NOTIC: [8] Undefined variable: module H:\AppServ\www\shixun\ThinkPHP\Common\functions.php 第 990 行.
NOTIC: [8] Undefined variable: var H:\AppServ\www\shixun\ThinkPHP\Common\functions.php 第 990 行.
NOTIC: [2] array_reverse() expects parameter 1 to be array, null given H:\AppServ\www\shixun\ThinkPHP\Common\functions.php 第 990 行.
NOTIC: [2] http_build_query(): Parameter 1 expected to be Array or Object.  Incorrect value given H:\AppServ\www\shixun\ThinkPHP\Common\functions.php 第 990 行.
INFO: Run Behavior\ParseTemplateBehavior [ RunTime:0.009009s ]
INFO: [ view_parse ] --END-- [ RunTime:0.009067s ]
INFO: [ view_filter ] --START--
INFO: Run Behavior\WriteHtmlCacheBehavior [ RunTime:0.000313s ]
INFO: [ view_filter ] --END-- [ RunTime:0.000344s ]
INFO: [ app_end ] --START--
INFO: Run Behavior\ShowPageTraceBehavior [ RunTime:0.000574s ]
INFO: [ app_end ] --END-- [ RunTime:0.000633s ]

[ 2018-01-05T14:13:34+08:00 ] ::1 /shixun/index.php?m=Home&c=File&a=showfile
INFO: [ app_init ] --START--
INFO: Run Behavior\BuildLiteBehavior [ RunTime:0.000009s ]
INFO: [ app_init ] --END-- [ RunTime:0.000297s ]
INFO: [ app_begin ] --START--
INFO: Run Behavior\ReadHtmlCacheBehavior [ RunTime:0.000404s ]
INFO: [ app_begin ] --END-- [ RunTime:0.000443s ]
SQL: SHOW COLUMNS FROM `file` [ RunTime:0.0005s ]
SQL: SELECT `filename`,`filesavename`,`upfile_time`,`filesavefolder`,`fileusername`,`filelabel` FROM `file` WHERE ( filesavefolder='ziyuan' and isdelete=0 ) ORDER BY upfile_time desc  [ RunTime:0.0003s ]
NOTIC: [8] Undefined index: username H:\AppServ\www\shixun\Application\Home\Controller\FileController.class.php 第 24 行.
NOTIC: [8] Undefined index: username H:\AppServ\www\shixun\Application\Home\Controller\FileController.class.php 第 24 行.
NOTIC: [8] Undefined index: username H:\AppServ\www\shixun\Application\Home\Controller\FileController.class.php 第 24 行.
NOTIC: [8] Undefined index: username H:\AppServ\www\shixun\Application\Home\Controller\FileController.class.php 第 24 行.
INFO: [ app_end ] --START--
INFO: Run Behavior\ShowPageTraceBehavior [ RunTime:0.000573s ]
INFO: [ app_end ] --END-- [ RunTime:0.000608s ]

[ 2018-01-05T14:13:36+08:00 ] ::1 /shixun/index.php?m=Home&c=File&a=showfile
INFO: [ app_init ] --START--
INFO: Run Behavior\BuildLiteBehavior [ RunTime:0.000009s ]
INFO: [ app_init ] --END-- [ RunTime:0.000429s ]
INFO: [ app_begin ] --START--
INFO: Run Behavior\ReadHtmlCacheBehavior [ RunTime:0.000467s ]
INFO: [ app_begin ] --END-- [ RunTime:0.000507s ]
SQL: SHOW COLUMNS FROM `file` [ RunTime:0.0005s ]
SQL: SELECT * FROM `file` WHERE ( filesavefolder='testdata' and fileusername='2015082310' and isdelete=0 ) ORDER BY upfile_time desc  [ RunTime:0.0003s ]
NOTIC: [8] Undefined index: username H:\AppServ\www\shixun\Application\Home\Controller\FileController.class.php 第 31 行.
INFO: [ app_end ] --START--
INFO: Run Behavior\ShowPageTraceBehavior [ RunTime:0.000664s ]
INFO: [ app_end ] --END-- [ RunTime:0.000736s ]

