[ 2018-01-12T11:59:08+08:00 ] ::1 /shixun/
INFO: [ app_init ] --START--
INFO: Run Behavior\BuildLiteBehavior [ RunTime:0.000018s ]
INFO: [ app_init ] --END-- [ RunTime:0.000701s ]
INFO: [ app_begin ] --START--
INFO: Run Behavior\ReadHtmlCacheBehavior [ RunTime:0.013184s ]
INFO: [ app_begin ] --END-- [ RunTime:0.013247s ]
SQL: SHOW COLUMNS FROM `file` [ RunTime:0.0010s ]
SQL: SELECT DISTINCT  `fileusername` FROM `file` WHERE ( filesavefolder='ziyuan' )  [ RunTime:0.0006s ]
NOTIC: [8] Use of undefined constant fileusername - assumed 'fileusername' H:\AppServ\www\shixun\Application\Home\Controller\IndexController.class.php 第 18 行.
INFO: [ view_parse ] --START--
INFO: [ template_filter ] --START--
INFO: Run Behavior\ContentReplaceBehavior [ RunTime:0.000123s ]
INFO: [ template_filter ] --END-- [ RunTime:0.000168s ]
NOTIC: [8] Undefined index: islogin H:\AppServ\www\shixun\Application\Runtime\Cache\Home\0785b05774680949491b8bc5d65b7e2b.php 第 18 行.
NOTIC: [8] Undefined index: islogin H:\AppServ\www\shixun\Application\Runtime\Cache\Home\0785b05774680949491b8bc5d65b7e2b.php 第 22 行.
NOTIC: [8] Undefined variable: module H:\AppServ\www\shixun\ThinkPHP\Common\functions.php 第 990 行.
NOTIC: [8] Undefined variable: var H:\AppServ\www\shixun\ThinkPHP\Common\functions.php 第 990 行.
NOTIC: [2] array_reverse() expects parameter 1 to be array, null given H:\AppServ\www\shixun\ThinkPHP\Common\functions.php 第 990 行.
NOTIC: [2] http_build_query(): Parameter 1 expected to be Array or Object.  Incorrect value given H:\AppServ\www\shixun\ThinkPHP\Common\functions.php 第 990 行.
INFO: Run Behavior\ParseTemplateBehavior [ RunTime:0.058928s ]
INFO: [ view_parse ] --END-- [ RunTime:0.059000s ]
INFO: [ view_filter ] --START--
INFO: Run Behavior\WriteHtmlCacheBehavior [ RunTime:0.000635s ]
INFO: [ view_filter ] --END-- [ RunTime:0.000738s ]
INFO: [ app_end ] --START--
INFO: Run Behavior\ShowPageTraceBehavior [ RunTime:0.010111s ]
INFO: [ app_end ] --END-- [ RunTime:0.010183s ]

[ 2018-01-12T11:59:12+08:00 ] ::1 /shixun/index.php?m=Home&c=User&a=login
INFO: [ app_init ] --START--
INFO: Run Behavior\BuildLiteBehavior [ RunTime:0.000011s ]
INFO: [ app_init ] --END-- [ RunTime:0.000297s ]
INFO: [ app_begin ] --START--
INFO: Run Behavior\ReadHtmlCacheBehavior [ RunTime:0.000426s ]
INFO: [ app_begin ] --END-- [ RunTime:0.000464s ]
SQL: SHOW COLUMNS FROM `user` [ RunTime:0.0013s ]
SQL: SELECT * FROM `user` WHERE ( username='2015082310' )  [ RunTime:0.0098s ]
SQL: SELECT * FROM `user` WHERE ( username='2015082310' )  [ RunTime:0.0002s ]

[ 2018-01-12T11:59:12+08:00 ] ::1 /shixun/index.php?m=Home&c=Index&a=index
INFO: [ app_init ] --START--
INFO: Run Behavior\BuildLiteBehavior [ RunTime:0.000013s ]
INFO: [ app_init ] --END-- [ RunTime:0.000330s ]
INFO: [ app_begin ] --START--
INFO: Run Behavior\ReadHtmlCacheBehavior [ RunTime:0.000431s ]
INFO: [ app_begin ] --END-- [ RunTime:0.000473s ]
SQL: SHOW COLUMNS FROM `file` [ RunTime:0.0005s ]
SQL: SELECT DISTINCT  `fileusername` FROM `file` WHERE ( filesavefolder='ziyuan' )  [ RunTime:0.0003s ]
NOTIC: [8] Use of undefined constant fileusername - assumed 'fileusername' H:\AppServ\www\shixun\Application\Home\Controller\IndexController.class.php 第 18 行.
INFO: [ view_parse ] --START--
INFO: [ template_filter ] --START--
INFO: Run Behavior\ContentReplaceBehavior [ RunTime:0.000078s ]
INFO: [ template_filter ] --END-- [ RunTime:0.000117s ]
NOTIC: [8] Undefined variable: module H:\AppServ\www\shixun\ThinkPHP\Common\functions.php 第 990 行.
NOTIC: [8] Undefined variable: var H:\AppServ\www\shixun\ThinkPHP\Common\functions.php 第 990 行.
NOTIC: [2] array_reverse() expects parameter 1 to be array, null given H:\AppServ\www\shixun\ThinkPHP\Common\functions.php 第 990 行.
NOTIC: [2] http_build_query(): Parameter 1 expected to be Array or Object.  Incorrect value given H:\AppServ\www\shixun\ThinkPHP\Common\functions.php 第 990 行.
INFO: Run Behavior\ParseTemplateBehavior [ RunTime:0.007971s ]
INFO: [ view_parse ] --END-- [ RunTime:0.008029s ]
INFO: [ view_filter ] --START--
INFO: Run Behavior\WriteHtmlCacheBehavior [ RunTime:0.000307s ]
INFO: [ view_filter ] --END-- [ RunTime:0.000349s ]
INFO: [ app_end ] --START--
INFO: Run Behavior\ShowPageTraceBehavior [ RunTime:0.000891s ]
INFO: [ app_end ] --END-- [ RunTime:0.000949s ]

[ 2018-01-12T11:59:14+08:00 ] ::1 /shixun/index.php?m=Home&c=User&a=teacherShow
INFO: [ app_init ] --START--
INFO: Run Behavior\BuildLiteBehavior [ RunTime:0.000009s ]
INFO: [ app_init ] --END-- [ RunTime:0.000244s ]
INFO: [ app_begin ] --START--
INFO: Run Behavior\ReadHtmlCacheBehavior [ RunTime:0.000460s ]
INFO: [ app_begin ] --END-- [ RunTime:0.000498s ]
INFO: [ view_parse ] --START--
INFO: [ template_filter ] --START--
INFO: Run Behavior\ContentReplaceBehavior [ RunTime:0.000054s ]
INFO: [ template_filter ] --END-- [ RunTime:0.000093s ]
INFO: Run Behavior\ParseTemplateBehavior [ RunTime:0.030097s ]
INFO: [ view_parse ] --END-- [ RunTime:0.030141s ]
INFO: [ view_filter ] --START--
INFO: Run Behavior\WriteHtmlCacheBehavior [ RunTime:0.000187s ]
INFO: [ view_filter ] --END-- [ RunTime:0.000214s ]
INFO: [ app_end ] --START--
INFO: Run Behavior\ShowPageTraceBehavior [ RunTime:0.000600s ]
INFO: [ app_end ] --END-- [ RunTime:0.000652s ]

[ 2018-01-12T11:59:14+08:00 ] ::1 /shixun/index.php?m=Home&c=User&a=userinfo
INFO: [ app_init ] --START--
INFO: Run Behavior\BuildLiteBehavior [ RunTime:0.000017s ]
INFO: [ app_init ] --END-- [ RunTime:0.000409s ]
INFO: [ app_begin ] --START--
INFO: Run Behavior\ReadHtmlCacheBehavior [ RunTime:0.000756s ]
INFO: [ app_begin ] --END-- [ RunTime:0.000829s ]
SQL: SHOW COLUMNS FROM `file` [ RunTime:0.0008s ]
SQL: SELECT `count`,`filename`,`filesavename`,`upfile_time`,`filesavefolder`,`fileusername`,`filelabel` FROM `file` WHERE ( fileusername='2015082310'and isdelete=0 ) ORDER BY upfile_time desc  [ RunTime:0.0005s ]
NOTIC: [8] Undefined index: username H:\AppServ\www\shixun\Application\Home\Controller\UserController.class.php 第 21 行.
NOTIC: [8] Undefined index: username H:\AppServ\www\shixun\Application\Home\Controller\UserController.class.php 第 21 行.
NOTIC: [8] Undefined index: username H:\AppServ\www\shixun\Application\Home\Controller\UserController.class.php 第 21 行.
NOTIC: [8] Undefined index: username H:\AppServ\www\shixun\Application\Home\Controller\UserController.class.php 第 21 行.
SQL: SELECT DISTINCT  `filelabel` FROM `file` WHERE ( fileusername='2015082310' and isdelete=0 and filelabel !='' )  [ RunTime:0.0004s ]
NOTIC: [8] Use of undefined constant label - assumed 'label' H:\AppServ\www\shixun\Application\Home\Controller\UserController.class.php 第 24 行.
INFO: [ app_end ] --START--
INFO: Run Behavior\ShowPageTraceBehavior [ RunTime:0.000881s ]
INFO: [ app_end ] --END-- [ RunTime:0.000956s ]

[ 2018-01-12T11:59:16+08:00 ] ::1 /shixun/index.php?m=Home&c=File&a=duandiandownloadFile&folders=ziyuan&file=9b58f8328079b0268152b913d0281885.docx&reallyfile=%E5%9B%BE%E6%A0%87.docx&fileusername=
INFO: [ app_init ] --START--
INFO: Run Behavior\BuildLiteBehavior [ RunTime:0.000012s ]
INFO: [ app_init ] --END-- [ RunTime:0.000290s ]
INFO: [ app_begin ] --START--
INFO: Run Behavior\ReadHtmlCacheBehavior [ RunTime:0.000431s ]
INFO: [ app_begin ] --END-- [ RunTime:0.000482s ]
SQL: SHOW COLUMNS FROM `file` [ RunTime:0.0007s ]
SQL: update file set file.count=file.count+1 where filesavename ='9b58f8328079b0268152b913d0281885.docx' [ RunTime:0.0434s ]
NOTIC: [8192] Function set_magic_quotes_runtime() is deprecated H:\AppServ\www\shixun\Application\Home\Controller\Transfer.php 第 64 行.
NOTIC: [8192] Function set_magic_quotes_runtime() is deprecated H:\AppServ\www\shixun\Application\Home\Controller\Transfer.php 第 107 行.
INFO: [ app_end ] --START--
INFO: Run Behavior\ShowPageTraceBehavior [ RunTime:0.001738s ]
INFO: [ app_end ] --END-- [ RunTime:0.002172s ]

[ 2018-01-12T11:59:16+08:00 ] ::1 /shixun/index.php?m=Home&c=File&a=duandiandownloadFile&folders=ziyuan&file=9271577afaecfd7ffb24dc948cb2c2d7.txt&reallyfile=git%E5%91%BD%E4%BB%A4.txt&fileusername=
INFO: [ app_init ] --START--
INFO: Run Behavior\BuildLiteBehavior [ RunTime:0.000009s ]
INFO: [ app_init ] --END-- [ RunTime:0.000252s ]
INFO: [ app_begin ] --START--
INFO: Run Behavior\ReadHtmlCacheBehavior [ RunTime:0.000401s ]
INFO: [ app_begin ] --END-- [ RunTime:0.000439s ]
SQL: SHOW COLUMNS FROM `file` [ RunTime:0.0005s ]
SQL: update file set file.count=file.count+1 where filesavename ='9271577afaecfd7ffb24dc948cb2c2d7.txt' [ RunTime:0.1036s ]
NOTIC: [8192] Function set_magic_quotes_runtime() is deprecated H:\AppServ\www\shixun\Application\Home\Controller\Transfer.php 第 64 行.
NOTIC: [8192] Function set_magic_quotes_runtime() is deprecated H:\AppServ\www\shixun\Application\Home\Controller\Transfer.php 第 107 行.
INFO: [ app_end ] --START--
INFO: Run Behavior\ShowPageTraceBehavior [ RunTime:0.000677s ]
INFO: [ app_end ] --END-- [ RunTime:0.000729s ]

[ 2018-01-12T11:59:17+08:00 ] ::1 /shixun/index.php?m=Home&c=File&a=duandiandownloadFile&folders=testdata&file=ca6bfb3ebb139383308f67c3960448c7.txt&reallyfile=%E6%96%B0%E5%BB%BA%E6%96%87%E6%9C%AC%E6%96%87%E6%A1%A3.txt&fileusername=
INFO: [ app_init ] --START--
INFO: Run Behavior\BuildLiteBehavior [ RunTime:0.000010s ]
INFO: [ app_init ] --END-- [ RunTime:0.000245s ]
INFO: [ app_begin ] --START--
INFO: Run Behavior\ReadHtmlCacheBehavior [ RunTime:0.000440s ]
INFO: [ app_begin ] --END-- [ RunTime:0.000478s ]
SQL: SHOW COLUMNS FROM `file` [ RunTime:0.0008s ]
SQL: update file set file.count=file.count+1 where filesavename ='ca6bfb3ebb139383308f67c3960448c7.txt' [ RunTime:0.0410s ]
NOTIC: [8192] Function set_magic_quotes_runtime() is deprecated H:\AppServ\www\shixun\Application\Home\Controller\Transfer.php 第 64 行.
NOTIC: [8192] Function set_magic_quotes_runtime() is deprecated H:\AppServ\www\shixun\Application\Home\Controller\Transfer.php 第 107 行.
INFO: [ app_end ] --START--
INFO: Run Behavior\ShowPageTraceBehavior [ RunTime:0.000662s ]
INFO: [ app_end ] --END-- [ RunTime:0.000720s ]

[ 2018-01-12T11:59:18+08:00 ] ::1 /shixun/index.php?m=Home&c=File&a=duandiandownloadFile&folders=ziyuan&file=d8f06852f2cab9300e01c7ffa4ee6dbf.txt&reallyfile=%E6%96%B0%E5%BB%BA%E6%96%87%E6%9C%AC%E6%96%87%E6%A1%A3.txt&fileusername=
INFO: [ app_init ] --START--
INFO: Run Behavior\BuildLiteBehavior [ RunTime:0.000010s ]
INFO: [ app_init ] --END-- [ RunTime:0.000241s ]
INFO: [ app_begin ] --START--
INFO: Run Behavior\ReadHtmlCacheBehavior [ RunTime:0.000415s ]
INFO: [ app_begin ] --END-- [ RunTime:0.000453s ]
SQL: SHOW COLUMNS FROM `file` [ RunTime:0.0006s ]
SQL: update file set file.count=file.count+1 where filesavename ='d8f06852f2cab9300e01c7ffa4ee6dbf.txt' [ RunTime:0.0813s ]
NOTIC: [8192] Function set_magic_quotes_runtime() is deprecated H:\AppServ\www\shixun\Application\Home\Controller\Transfer.php 第 64 行.
NOTIC: [8192] Function set_magic_quotes_runtime() is deprecated H:\AppServ\www\shixun\Application\Home\Controller\Transfer.php 第 107 行.
INFO: [ app_end ] --START--
INFO: Run Behavior\ShowPageTraceBehavior [ RunTime:0.000593s ]
INFO: [ app_end ] --END-- [ RunTime:0.000658s ]

[ 2018-01-12T11:59:21+08:00 ] ::1 /shixun/index.php?m=Home&c=File&a=UserinfoSearchByLabel
INFO: [ app_init ] --START--
INFO: Run Behavior\BuildLiteBehavior [ RunTime:0.000011s ]
INFO: [ app_init ] --END-- [ RunTime:0.000264s ]
INFO: [ app_begin ] --START--
INFO: Run Behavior\ReadHtmlCacheBehavior [ RunTime:0.000381s ]
INFO: [ app_begin ] --END-- [ RunTime:0.000418s ]
SQL: SHOW COLUMNS FROM `file` [ RunTime:0.0005s ]
SQL: SELECT * FROM `file` WHERE ( isdelete=0 and filelabel='C++' ) ORDER BY upfile_time desc  [ RunTime:0.0003s ]
INFO: [ app_end ] --START--
INFO: Run Behavior\ShowPageTraceBehavior [ RunTime:0.000556s ]
INFO: [ app_end ] --END-- [ RunTime:0.000591s ]

[ 2018-01-12T11:59:24+08:00 ] ::1 /shixun/index.php?m=Home&c=User&a=userinfo
INFO: [ app_init ] --START--
INFO: Run Behavior\BuildLiteBehavior [ RunTime:0.000020s ]
INFO: [ app_init ] --END-- [ RunTime:0.000454s ]
INFO: [ app_begin ] --START--
INFO: Run Behavior\ReadHtmlCacheBehavior [ RunTime:0.000458s ]
INFO: [ app_begin ] --END-- [ RunTime:0.000505s ]
SQL: SHOW COLUMNS FROM `file` [ RunTime:0.0005s ]
SQL: SELECT `count`,`filename`,`filesavename`,`upfile_time`,`filesavefolder`,`fileusername`,`filelabel` FROM `file` WHERE ( fileusername='2015082310'and isdelete=0 ) ORDER BY upfile_time desc  [ RunTime:0.0003s ]
NOTIC: [8] Undefined index: username H:\AppServ\www\shixun\Application\Home\Controller\UserController.class.php 第 21 行.
NOTIC: [8] Undefined index: username H:\AppServ\www\shixun\Application\Home\Controller\UserController.class.php 第 21 行.
NOTIC: [8] Undefined index: username H:\AppServ\www\shixun\Application\Home\Controller\UserController.class.php 第 21 行.
NOTIC: [8] Undefined index: username H:\AppServ\www\shixun\Application\Home\Controller\UserController.class.php 第 21 行.
SQL: SELECT DISTINCT  `filelabel` FROM `file` WHERE ( fileusername='2015082310' and isdelete=0 and filelabel !='' )  [ RunTime:0.0004s ]
NOTIC: [8] Use of undefined constant label - assumed 'label' H:\AppServ\www\shixun\Application\Home\Controller\UserController.class.php 第 24 行.
INFO: [ app_end ] --START--
INFO: Run Behavior\ShowPageTraceBehavior [ RunTime:0.000794s ]
INFO: [ app_end ] --END-- [ RunTime:0.000859s ]

[ 2018-01-12T11:59:25+08:00 ] ::1 /shixun/index.php?m=Home&c=User&a=teacherShow
INFO: [ app_init ] --START--
INFO: Run Behavior\BuildLiteBehavior [ RunTime:0.000010s ]
INFO: [ app_init ] --END-- [ RunTime:0.000268s ]
INFO: [ app_begin ] --START--
INFO: Run Behavior\ReadHtmlCacheBehavior [ RunTime:0.000402s ]
INFO: [ app_begin ] --END-- [ RunTime:0.000440s ]
INFO: [ view_parse ] --START--
INFO: [ template_filter ] --START--
INFO: Run Behavior\ContentReplaceBehavior [ RunTime:0.000087s ]
INFO: [ template_filter ] --END-- [ RunTime:0.000234s ]
INFO: Run Behavior\ParseTemplateBehavior [ RunTime:0.006367s ]
INFO: [ view_parse ] --END-- [ RunTime:0.006412s ]
INFO: [ view_filter ] --START--
INFO: Run Behavior\WriteHtmlCacheBehavior [ RunTime:0.000195s ]
INFO: [ view_filter ] --END-- [ RunTime:0.000226s ]
INFO: [ app_end ] --START--
INFO: Run Behavior\ShowPageTraceBehavior [ RunTime:0.000570s ]
INFO: [ app_end ] --END-- [ RunTime:0.000623s ]

[ 2018-01-12T11:59:25+08:00 ] ::1 /shixun/index.php?m=Home&c=User&a=userinfo
INFO: [ app_init ] --START--
INFO: Run Behavior\BuildLiteBehavior [ RunTime:0.000016s ]
INFO: [ app_init ] --END-- [ RunTime:0.000418s ]
INFO: [ app_begin ] --START--
INFO: Run Behavior\ReadHtmlCacheBehavior [ RunTime:0.000574s ]
INFO: [ app_begin ] --END-- [ RunTime:0.000644s ]
SQL: SHOW COLUMNS FROM `file` [ RunTime:0.0006s ]
SQL: SELECT `count`,`filename`,`filesavename`,`upfile_time`,`filesavefolder`,`fileusername`,`filelabel` FROM `file` WHERE ( fileusername='2015082310'and isdelete=0 ) ORDER BY upfile_time desc  [ RunTime:0.0003s ]
NOTIC: [8] Undefined index: username H:\AppServ\www\shixun\Application\Home\Controller\UserController.class.php 第 21 行.
NOTIC: [8] Undefined index: username H:\AppServ\www\shixun\Application\Home\Controller\UserController.class.php 第 21 行.
NOTIC: [8] Undefined index: username H:\AppServ\www\shixun\Application\Home\Controller\UserController.class.php 第 21 行.
NOTIC: [8] Undefined index: username H:\AppServ\www\shixun\Application\Home\Controller\UserController.class.php 第 21 行.
SQL: SELECT DISTINCT  `filelabel` FROM `file` WHERE ( fileusername='2015082310' and isdelete=0 and filelabel !='' )  [ RunTime:0.0003s ]
NOTIC: [8] Use of undefined constant label - assumed 'label' H:\AppServ\www\shixun\Application\Home\Controller\UserController.class.php 第 24 行.
INFO: [ app_end ] --START--
INFO: Run Behavior\ShowPageTraceBehavior [ RunTime:0.000542s ]
INFO: [ app_end ] --END-- [ RunTime:0.000577s ]

