[ 2017-11-09T15:18:26+08:00 ] ::1 /test2.0/ZY.css
INFO: [ app_init ] --START--
INFO: Run Behavior\BuildLiteBehavior [ RunTime:0.000007s ]
INFO: [ app_init ] --END-- [ RunTime:0.000302s ]
ERR: æ— æ³•åŠ è½½æ¨¡å—:ZY

[ 2017-11-09T15:18:26+08:00 ] ::1 /test2.0/font-awesome.min.css
INFO: [ app_init ] --START--
INFO: Run Behavior\BuildLiteBehavior [ RunTime:0.000008s ]
INFO: [ app_init ] --END-- [ RunTime:0.000331s ]
ERR: æ— æ³•åŠ è½½æ¨¡å—:Font-awesome.min

[ 2017-11-09T15:18:27+08:00 ] ::1 /test2.0/ZY.css
INFO: [ app_init ] --START--
INFO: Run Behavior\BuildLiteBehavior [ RunTime:0.000007s ]
INFO: [ app_init ] --END-- [ RunTime:0.000494s ]
ERR: æ— æ³•åŠ è½½æ¨¡å—:ZY

½æ¨¡å—:Font-awesome.min

[ 2017-11-09T15:18:27+08:00 ] ::1 /test2.0/font-awesome.min.css
INFO: [ app_init ] --START--
INFO: Run Behavior\BuildLiteBehavior [ RunTime:0.000008s ]
INFO: [ app_init ] --END-- [ RunTime:0.000449s ]
ERR: æ— æ³•åŠ è½½æ¨¡å—:Font-awesome.min

[ 2017-11-09T15:18:27+08:00 ] ::1 /test2.0/ZY.css
INFO: [ app_init ] --START--
INFO: Run Behavior\BuildLiteBehavior [ RunTime:0.000008s ]
INFO: [ app_init ] --END-- [ RunTime:0.000273s ]
ERR: æ— æ³•åŠ è½½æ¨¡å—:ZY

[ 2017-11-09T15:18:27+08:00 ] ::1 /test2.0/ZY.css
INFO: [ app_init ] --START--
INFO: Run Behavior\BuildLiteBehavior [ RunTime:0.000007s ]
INFO: [ app_init ] --END-- [ RunTime:0.000264s ]
ERR: æ— æ³•åŠ è½½æ¨¡å—:ZY

[ 2017-11-09T15:18:27+08:00 ] ::1 /test2.0/font-awesome.min.css
INFO: [ app_init ] --START--
INFO: Run Behavior\BuildLiteBehavior [ RunTime:0.000007s ]
INFO: [ app_init ] --END-- [ RunTime:0.000259s ]
ERR: æ— æ³•åŠ è½½æ¨¡å—:Font-awesome.min

[ 2017-11-09T15:18:27+08:00 ] ::1 /test2.0/font-awesome.min.css
INFO: [ app_init ] --START--
INFO: Run Behavior\BuildLiteBehavior [ RunTime:0.000009s ]
INFO: [ app_init ] --END-- [ RunTime:0.000312s ]
ERR: æ— æ³•åŠ è½½æ¨¡å—:Font-awesome.min

[ 2017-11-09T15:18:27+08:00 ] ::1 /test2.0/ZY.css
INFO: [ app_init ] --START--
INFO: Run Behavior\BuildLiteBehavior [ RunTime:0.000007s ]
INFO: [ app_init ] --END-- [ RunTime:0.000297s ]
ERR: æ— æ³•åŠ è½½æ¨¡å—:ZY

[ 2017-11-09T15:18:27+08:00 ] ::1 /test2.0/font-awesome.min.css
INFO: [ app_init ] --START--
INFO: Run Behavior\BuildLiteBehavior [ RunTime:0.000008s ]
INFO: [ app_init ] --END-- [ RunTime:0.000279s ]
ERR: æ— æ³•åŠ è½½æ¨¡å—:Font-awesome.min

[ 2017-11-09T15:18:27+08:00 ] ::1 /test2.0/ZY.css
INFO: [ app_init ] --START--
INFO: Run Behavior\BuildLiteBehavior [ RunTime:0.000007s ]
INFO: [ app_init ] --END-- [ RunTime:0.000270s ]
ERR: æ— æ³•åŠ è½½æ¨¡å—:ZY

[ 2017-11-09T15:18:27+08:00 ] ::1 /test2.0/font-awesome.min.css
INFO: [ app_init ] --START--
INFO: Run Behavior\BuildLiteBehavior [ RunTime:0.000009s ]
INFO: [ app_init ] --END-- [ RunTime:0.000415s ]
ERR: æ— æ³•åŠ è½½æ¨¡å—:Font-awesome.min

[ 2017-11-09T15:18:27+08:00 ] ::1 /test2.0/ZY.css
INFO: [ app_init ] --START--
INFO: Run Behavior\BuildLiteBehavior [ RunTime:0.000007s ]
INFO: [ app_init ] --END-- [ RunTime:0.000272s ]
ERR: æ— æ³•åŠ è½½æ¨¡å—:ZY

½æ¨¡å—:Font-awesome.min

[ 2017-11-09T15:18:28+08:00 ] ::1 /test2.0/font-awesome.min.css
INFO: [ app_init ] --START--
INFO: Run Behavior\BuildLiteBehavior [ RunTime:0.000009s ]
INFO: [ app_init ] --END-- [ RunTime:0.000443s ]
ERR: æ— æ³•åŠ è½½æ¨¡å—:Font-awesome.min

[ 2017-11-09T15:18:28+08:00 ] ::1 /test2.0/ZY.css
INFO: [ app_init ] --START--
INFO: Run Behavior\BuildLiteBehavior [ RunTime:0.000008s ]
INFO: [ app_init ] --END-- [ RunTime:0.000447s ]
ERR: æ— æ³•åŠ è½½æ¨¡å—:ZY

[ 2017-11-09T15:18:43+08:00 ] ::1 /test2.0/font-awesome.min.css
INFO: [ app_init ] --START--
INFO: Run Behavior\BuildLiteBehavior [ RunTime:0.000009s ]
INFO: [ app_init ] --END-- [ RunTime:0.000274s ]
ERR: æ— æ³•åŠ è½½æ¨¡å—:Font-awesome.min

[ 2017-11-09T15:18:43+08:00 ] ::1 /test2.0/font-awesome.min.css
INFO: [ app_init ] --START--
INFO: Run Behavior\BuildLiteBehavior [ RunTime:0.000009s ]
INFO: [ app_init ] --END-- [ RunTime:0.000271s ]
ERR: æ— æ³•åŠ è½½æ¨¡å—:Font-awesome.min

[ 2017-11-09T15:18:43+08:00 ] ::1 /test2.0/font-awesome.min.css
INFO: [ app_init ] --START--
INFO: Run Behavior\BuildLiteBehavior [ RunTime:0.000008s ]
INFO: [ app_init ] --END-- [ RunTime:0.000265s ]
ERR: æ— æ³•åŠ è½½æ¨¡å—:Font-awesome.min

[ 2017-11-09T15:18:44+08:00 ] ::1 /test2.0/font-awesome.min.css
INFO: [ app_init ] --START--
INFO: Run Behavior\BuildLiteBehavior [ RunTime:0.000007s ]
INFO: [ app_init ] --END-- [ RunTime:0.000258s ]
ERR: æ— æ³•åŠ è½½æ¨¡å—:Font-awesome.min

[ 2017-11-09T15:18:47+08:00 ] ::1 /test2.0/font-awesome.min.css
INFO: [ app_init ] --START--
INFO: Run Behavior\BuildLiteBehavior [ RunTime:0.000020s ]
INFO: [ app_init ] --END-- [ RunTime:0.000416s ]
ERR: æ— æ³•åŠ è½½æ¨¡å—:Font-awesome.min

[ 2017-11-09T15:18:49+08:00 ] ::1 /test2.0/font-awesome.min.css
INFO: [ app_init ] --START--
INFO: Run Behavior\BuildLiteBehavior [ RunTime:0.000008s ]
INFO: [ app_init ] --END-- [ RunTime:0.000271s ]
ERR: æ— æ³•åŠ è½½æ¨¡å—:Font-awesome.min

[ 2017-11-09T15:19:15+08:00 ] ::1 /test2.0/__Public__/CSS/ZY.css
INFO: [ app_init ] --START--
INFO: Run Behavior\BuildLiteBehavior [ RunTime:0.000008s ]
INFO: [ app_init ] --END-- [ RunTime:0.000292s ]
ERR: æ— æ³•åŠ è½½æ¨¡å—:__Public__

[ 2017-11-09T15:19:15+08:00 ] ::1 /test2.0/font-awesome.min.css
INFO: [ app_init ] --START--
INFO: Run Behavior\BuildLiteBehavior [ RunTime:0.000007s ]
INFO: [ app_init ] --END-- [ RunTime:0.000404s ]
ERR: æ— æ³•åŠ è½½æ¨¡å—:Font-awesome.min

[ 2017-11-09T15:19:15+08:00 ] ::1 /test2.0/__Public__/CSS/ZY.css
INFO: [ app_init ] --START--
INFO: Run Behavior\BuildLiteBehavior [ RunTime:0.000008s ]
INFO: [ app_init ] --END-- [ RunTime:0.000311s ]
ERR: æ— æ³•åŠ è½½æ¨¡å—:__Public__

[ 2017-11-09T15:19:15+08:00 ] ::1 /test2.0/font-awesome.min.css
INFO: [ app_init ] --START--
INFO: Run Behavior\BuildLiteBehavior [ RunTime:0.000008s ]
INFO: [ app_init ] --END-- [ RunTime:0.000313s ]
ERR: æ— æ³•åŠ è½½æ¨¡å—:Font-awesome.min

[ 2017-11-09T15:19:16+08:00 ] ::1 /test2.0/font-awesome.min.css
INFO: [ app_init ] --START--
INFO: Run Behavior\BuildLiteBehavior [ RunTime:0.000008s ]
INFO: [ app_init ] --END-- [ RunTime:0.000267s ]
ERR: æ— æ³•åŠ è½½æ¨¡å—:Font-awesome.min

[ 2017-11-09T15:19:16+08:00 ] ::1 /test2.0/__Public__/CSS/ZY.css
INFO: [ app_init ] --START--
INFO: Run Behavior\BuildLiteBehavior [ RunTime:0.000007s ]
INFO: [ app_init ] --END-- [ RunTime:0.000260s ]
ERR: æ— æ³•åŠ è½½æ¨¡å—:__Public__

[ 2017-11-09T15:19:16+08:00 ] ::1 /test2.0/font-awesome.min.css
INFO: [ app_init ] --START--
INFO: Run Behavior\BuildLiteBehavior [ RunTime:0.000008s ]
INFO: [ app_init ] --END-- [ RunTime:0.000360s ]
ERR: æ— æ³•åŠ è½½æ¨¡å—:Font-awesome.min

[ 2017-11-09T15:19:16+08:00 ] ::1 /test2.0/__Public__/CSS/ZY.css
INFO: [ app_init ] --START--
INFO: Run Behavior\BuildLiteBehavior [ RunTime:0.000009s ]
INFO: [ app_init ] --END-- [ RunTime:0.000320s ]
ERR: æ— æ³•åŠ è½½æ¨¡å—:__Public__

[ 2017-11-09T15:19:44+08:00 ] ::1 /test2.0/font-awesome.min.css
INFO: [ app_init ] --START--
INFO: Run Behavior\BuildLiteBehavior [ RunTime:0.000009s ]
INFO: [ app_init ] --END-- [ RunTime:0.000305s ]
ERR: æ— æ³•åŠ è½½æ¨¡å—:Font-awesome.min

[ 2017-11-09T15:19:44+08:00 ] ::1 /test2.0/Public/CSS/arrow.png
INFO: [ app_init ] --START--
INFO: Run Behavior\BuildLiteBehavior [ RunTime:0.000010s ]
INFO: [ app_init ] --END-- [ RunTime:0.000311s ]
ERR: æ— æ³•åŠ è½½æ¨¡å—:Public

[ 2017-11-09T15:19:46+08:00 ] ::1 /test2.0/font-awesome.min.css
INFO: [ app_init ] --START--
INFO: Run Behavior\BuildLiteBehavior [ RunTime:0.000009s ]
INFO: [ app_init ] --END-- [ RunTime:0.000289s ]
ERR: æ— æ³•åŠ è½½æ¨¡å—:Font-awesome.min

[ 2017-11-09T15:20:29+08:00 ] ::1 /test2.0/font-awesome.min.css
INFO: [ app_init ] --START--
INFO: Run Behavior\BuildLiteBehavior [ RunTime:0.000009s ]
INFO: [ app_init ] --END-- [ RunTime:0.000298s ]
ERR: æ— æ³•åŠ è½½æ¨¡å—:Font-awesome.min

[ 2017-11-09T15:20:29+08:00 ] ::1 /test2.0/ZY.js
INFO: [ app_init ] --START--
INFO: Run Behavior\BuildLiteBehavior [ RunTime:0.000009s ]
INFO: [ app_init ] --END-- [ RunTime:0.000293s ]
ERR: æ— æ³•åŠ è½½æ¨¡å—:ZY

[ 2017-11-09T15:20:30+08:00 ] ::1 /test2.0/Public/CSS/arrow.png
INFO: [ app_init ] --START--
INFO: Run Behavior\BuildLiteBehavior [ RunTime:0.000010s ]
INFO: [ app_init ] --END-- [ RunTime:0.000344s ]
ERR: æ— æ³•åŠ è½½æ¨¡å—:Public

[ 2017-11-09T15:21:42+08:00 ] ::1 /test2.0/font-awesome.min.css
INFO: [ app_init ] --START--
INFO: Run Behavior\BuildLiteBehavior [ RunTime:0.000009s ]
INFO: [ app_init ] --END-- [ RunTime:0.000295s ]
ERR: æ— æ³•åŠ è½½æ¨¡å—:Font-awesome.min

[ 2017-11-09T15:21:42+08:00 ] ::1 /test2.0/ZY.js
INFO: [ app_init ] --START--
INFO: Run Behavior\BuildLiteBehavior [ RunTime:0.000009s ]
INFO: [ app_init ] --END-- [ RunTime:0.000294s ]
ERR: æ— æ³•åŠ è½½æ¨¡å—:ZY

[ 2017-11-09T15:21:42+08:00 ] ::1 /test2.0/Public/CSS/arrow.png
INFO: [ app_init ] --START--
INFO: Run Behavior\BuildLiteBehavior [ RunTime:0.000009s ]
INFO: [ app_init ] --END-- [ RunTime:0.000267s ]
ERR: æ— æ³•åŠ è½½æ¨¡å—:Public

[ 2017-11-09T15:23:41+08:00 ] ::1 /test2.0/font-awesome.min.css
INFO: [ app_init ] --START--
INFO: Run Behavior\BuildLiteBehavior [ RunTime:0.000009s ]
INFO: [ app_init ] --END-- [ RunTime:0.000274s ]
ERR: æ— æ³•åŠ è½½æ¨¡å—:Font-awesome.min

[ 2017-11-09T15:23:41+08:00 ] ::1 /test2.0/Public/CSS/arrow.png
INFO: [ app_init ] --START--
INFO: Run Behavior\BuildLiteBehavior [ RunTime:0.000013s ]
INFO: [ app_init ] --END-- [ RunTime:0.000313s ]
ERR: æ— æ³•åŠ è½½æ¨¡å—:Public

[ 2017-11-09T15:25:42+08:00 ] ::1 /test2.0/font-awesome.min.css
INFO: [ app_init ] --START--
INFO: Run Behavior\BuildLiteBehavior [ RunTime:0.000008s ]
INFO: [ app_init ] --END-- [ RunTime:0.000294s ]
ERR: æ— æ³•åŠ è½½æ¨¡å—:Font-awesome.min

[ 2017-11-09T15:25:42+08:00 ] ::1 /test2.0/Public/CSS/arrow.png
INFO: [ app_init ] --START--
INFO: Run Behavior\BuildLiteBehavior [ RunTime:0.000009s ]
INFO: [ app_init ] --END-- [ RunTime:0.000278s ]
ERR: æ— æ³•åŠ è½½æ¨¡å—:Public

[ 2017-11-09T15:26:30+08:00 ] ::1 /test2.0/font-awesome.min.css
INFO: [ app_init ] --START--
INFO: Run Behavior\BuildLiteBehavior [ RunTime:0.000009s ]
INFO: [ app_init ] --END-- [ RunTime:0.000342s ]
ERR: æ— æ³•åŠ è½½æ¨¡å—:Font-awesome.min

[ 2017-11-09T15:26:30+08:00 ] ::1 /test2.0/Public/CSS/arrow.png
INFO: [ app_init ] --START--
INFO: Run Behavior\BuildLiteBehavior [ RunTime:0.000067s ]
INFO: [ app_init ] --END-- [ RunTime:0.001918s ]
ERR: æ— æ³•åŠ è½½æ¨¡å—:Public

[ 2017-11-09T15:26:31+08:00 ] ::1 /test2.0/font-awesome.min.css
INFO: [ app_init ] --START--
INFO: Run Behavior\BuildLiteBehavior [ RunTime:0.000013s ]
INFO: [ app_init ] --END-- [ RunTime:0.000421s ]
ERR: æ— æ³•åŠ è½½æ¨¡å—:Font-awesome.min

[ 2017-11-09T15:26:31+08:00 ] ::1 /test2.0/font-awesome.min.css
INFO: [ app_init ] --START--
INFO: Run Behavior\BuildLiteBehavior [ RunTime:0.000013s ]
INFO: [ app_init ] --END-- [ RunTime:0.000443s ]
ERR: æ— æ³•åŠ è½½æ¨¡å—:Font-awesome.min

[ 2017-11-09T15:26:37+08:00 ] ::1 /test2.0/font-awesome.min.css
INFO: [ app_init ] --START--
INFO: Run Behavior\BuildLiteBehavior [ RunTime:0.000009s ]
INFO: [ app_init ] --END-- [ RunTime:0.000278s ]
ERR: æ— æ³•åŠ è½½æ¨¡å—:Font-awesome.min

[ 2017-11-09T15:26:37+08:00 ] ::1 /test2.0/font-awesome.min.css
INFO: [ app_init ] --START--
INFO: Run Behavior\BuildLiteBehavior [ RunTime:0.000011s ]
INFO: [ app_init ] --END-- [ RunTime:0.000307s ]
ERR: æ— æ³•åŠ è½½æ¨¡å—:Font-awesome.min

[ 2017-11-09T15:26:38+08:00 ] ::1 /test2.0/font-awesome.min.css
INFO: [ app_init ] --START--
INFO: Run Behavior\BuildLiteBehavior [ RunTime:0.000009s ]
INFO: [ app_init ] --END-- [ RunTime:0.000424s ]
ERR: æ— æ³•åŠ è½½æ¨¡å—:Font-awesome.min

[ 2017-11-09T15:27:48+08:00 ] ::1 /test2.0/font-awesome.min.css
INFO: [ app_init ] --START--
INFO: Run Behavior\BuildLiteBehavior [ RunTime:0.000009s ]
INFO: [ app_init ] --END-- [ RunTime:0.000398s ]
ERR: æ— æ³•åŠ è½½æ¨¡å—:Font-awesome.min

[ 2017-11-09T15:28:02+08:00 ] ::1 /test2.0/font-awesome.min.css
INFO: [ app_init ] --START--
INFO: Run Behavior\BuildLiteBehavior [ RunTime:0.000022s ]
INFO: [ app_init ] --END-- [ RunTime:0.000379s ]
ERR: æ— æ³•åŠ è½½æ¨¡å—:Font-awesome.min

[ 2017-11-09T15:29:35+08:00 ] ::1 /test2.0/font-awesome.min.css
INFO: [ app_init ] --START--
INFO: Run Behavior\BuildLiteBehavior [ RunTime:0.000009s ]
INFO: [ app_init ] --END-- [ RunTime:0.000292s ]
ERR: æ— æ³•åŠ è½½æ¨¡å—:Font-awesome.min

[ 2017-11-09T15:29:46+08:00 ] ::1 /test2.0/font-awesome.min.css
INFO: [ app_init ] --START--
INFO: Run Behavior\BuildLiteBehavior [ RunTime:0.000009s ]
INFO: [ app_init ] --END-- [ RunTime:0.000374s ]
ERR: æ— æ³•åŠ è½½æ¨¡å—:Font-awesome.min

[ 2017-11-09T15:32:44+08:00 ] ::1 /test2.0/font-awesome.min.css
INFO: [ app_init ] --START--
INFO: Run Behavior\BuildLiteBehavior [ RunTime:0.000011s ]
INFO: [ app_init ] --END-- [ RunTime:0.000302s ]
ERR: æ— æ³•åŠ è½½æ¨¡å—:Font-awesome.min

[ 2017-11-09T15:34:41+08:00 ] ::1 /test2.0/font-awesome.min.css
INFO: [ app_init ] --START--
INFO: Run Behavior\BuildLiteBehavior [ RunTime:0.000018s ]
INFO: [ app_init ] --END-- [ RunTime:0.000286s ]
ERR: æ— æ³•åŠ è½½æ¨¡å—:Font-awesome.min

[ 2017-11-09T15:34:41+08:00 ] ::1 /test2.0/font-awesome.min.css
INFO: [ app_init ] --START--
INFO: Run Behavior\BuildLiteBehavior [ RunTime:0.000010s ]
INFO: [ app_init ] --END-- [ RunTime:0.000302s ]
ERR: æ— æ³•åŠ è½½æ¨¡å—:Font-awesome.min

[ 2017-11-09T15:34:59+08:00 ] ::1 /test2.0/font-awesome.min.css
INFO: [ app_init ] --START--
INFO: Run Behavior\BuildLiteBehavior [ RunTime:0.000009s ]
INFO: [ app_init ] --END-- [ RunTime:0.000324s ]
ERR: æ— æ³•åŠ è½½æ¨¡å—:Font-awesome.min

[ 2017-11-09T15:35:29+08:00 ] ::1 /test2.0/font-awesome.min.css
INFO: [ app_init ] --START--
INFO: Run Behavior\BuildLiteBehavior [ RunTime:0.000010s ]
INFO: [ app_init ] --END-- [ RunTime:0.000311s ]
ERR: æ— æ³•åŠ è½½æ¨¡å—:Font-awesome.min

[ 2017-11-09T15:36:27+08:00 ] ::1 /test2.0/font-awesome.min.css
INFO: [ app_init ] --START--
INFO: Run Behavior\BuildLiteBehavior [ RunTime:0.000009s ]
INFO: [ app_init ] --END-- [ RunTime:0.000291s ]
ERR: æ— æ³•åŠ è½½æ¨¡å—:Font-awesome.min

[ 2017-11-09T15:37:08+08:00 ] ::1 /test2.0/font-awesome.min.css
INFO: [ app_init ] --START--
INFO: Run Behavior\BuildLiteBehavior [ RunTime:0.000009s ]
INFO: [ app_init ] --END-- [ RunTime:0.000309s ]
ERR: æ— æ³•åŠ è½½æ¨¡å—:Font-awesome.min

[ 2017-11-09T15:37:34+08:00 ] ::1 /test2.0/font-awesome.min.css
INFO: [ app_init ] --START--
INFO: Run Behavior\BuildLiteBehavior [ RunTime:0.000009s ]
INFO: [ app_init ] --END-- [ RunTime:0.000268s ]
ERR: æ— æ³•åŠ è½½æ¨¡å—:Font-awesome.min

[ 2017-11-09T15:37:40+08:00 ] ::1 /test2.0/font-awesome.min.css
INFO: [ app_init ] --START--
INFO: Run Behavior\BuildLiteBehavior [ RunTime:0.000022s ]
INFO: [ app_init ] --END-- [ RunTime:0.000357s ]
ERR: æ— æ³•åŠ è½½æ¨¡å—:Font-awesome.min

[ 2017-11-09T15:38:56+08:00 ] ::1 /test2.0/font-awesome.min.css
INFO: [ app_init ] --START--
INFO: Run Behavior\BuildLiteBehavior [ RunTime:0.000011s ]
INFO: [ app_init ] --END-- [ RunTime:0.000362s ]
ERR: æ— æ³•åŠ è½½æ¨¡å—:Font-awesome.min

[ 2017-11-09T15:39:02+08:00 ] ::1 /test2.0/font-awesome.min.css
INFO: [ app_init ] --START--
INFO: Run Behavior\BuildLiteBehavior [ RunTime:0.000010s ]
INFO: [ app_init ] --END-- [ RunTime:0.000326s ]
ERR: æ— æ³•åŠ è½½æ¨¡å—:Font-awesome.min

[ 2017-11-09T15:39:02+08:00 ] ::1 /test2.0/font-awesome.min.css
INFO: [ app_init ] --START--
INFO: Run Behavior\BuildLiteBehavior [ RunTime:0.000009s ]
INFO: [ app_init ] --END-- [ RunTime:0.000313s ]
ERR: æ— æ³•åŠ è½½æ¨¡å—:Font-awesome.min

[ 2017-11-09T15:39:03+08:00 ] ::1 /test2.0/font-awesome.min.css
INFO: [ app_init ] --START--
INFO: Run Behavior\BuildLiteBehavior [ RunTime:0.000010s ]
INFO: [ app_init ] --END-- [ RunTime:0.000295s ]
ERR: æ— æ³•åŠ è½½æ¨¡å—:Font-awesome.min

[ 2017-11-09T15:39:03+08:00 ] ::1 /test2.0/font-awesome.min.css
INFO: [ app_init ] --START--
INFO: Run Behavior\BuildLiteBehavior [ RunTime:0.000030s ]
INFO: [ app_init ] --END-- [ RunTime:0.000360s ]
ERR: æ— æ³•åŠ è½½æ¨¡å—:Font-awesome.min

[ 2017-11-09T15:39:03+08:00 ] ::1 /test2.0/font-awesome.min.css
INFO: [ app_init ] --START--
INFO: Run Behavior\BuildLiteBehavior [ RunTime:0.000009s ]
INFO: [ app_init ] --END-- [ RunTime:0.000389s ]
ERR: æ— æ³•åŠ è½½æ¨¡å—:Font-awesome.min

[ 2017-11-09T15:39:03+08:00 ] ::1 /test2.0/font-awesome.min.css
INFO: [ app_init ] --START--
INFO: Run Behavior\BuildLiteBehavior [ RunTime:0.000011s ]
INFO: [ app_init ] --END-- [ RunTime:0.000332s ]
ERR: æ— æ³•åŠ è½½æ¨¡å—:Font-awesome.min

[ 2017-11-09T15:39:18+08:00 ] ::1 /test2.0/font-awesome.min.css
INFO: [ app_init ] --START--
INFO: Run Behavior\BuildLiteBehavior [ RunTime:0.000011s ]
INFO: [ app_init ] --END-- [ RunTime:0.000297s ]
ERR: æ— æ³•åŠ è½½æ¨¡å—:Font-awesome.min

[ 2017-11-09T15:39:18+08:00 ] ::1 /test2.0/Public/CSS/arrow.png
INFO: [ app_init ] --START--
INFO: Run Behavior\BuildLiteBehavior [ RunTime:0.000011s ]
INFO: [ app_init ] --END-- [ RunTime:0.000327s ]
ERR: æ— æ³•åŠ è½½æ¨¡å—:Public

[ 2017-11-09T15:39:23+08:00 ] ::1 /test2.0/font-awesome.min.css
INFO: [ app_init ] --START--
INFO: Run Behavior\BuildLiteBehavior [ RunTime:0.000010s ]
INFO: [ app_init ] --END-- [ RunTime:0.000361s ]
ERR: æ— æ³•åŠ è½½æ¨¡å—:Font-awesome.min

[ 2017-11-09T15:39:23+08:00 ] ::1 /test2.0/Public/CSS/arrow.png
INFO: [ app_init ] --START--
INFO: Run Behavior\BuildLiteBehavior [ RunTime:0.000012s ]
INFO: [ app_init ] --END-- [ RunTime:0.000410s ]
ERR: æ— æ³•åŠ è½½æ¨¡å—:Public

[ 2017-11-09T15:39:24+08:00 ] ::1 /test2.0/font-awesome.min.css
INFO: [ app_init ] --START--
INFO: Run Behavior\BuildLiteBehavior [ RunTime:0.000013s ]
INFO: [ app_init ] --END-- [ RunTime:0.000385s ]
ERR: æ— æ³•åŠ è½½æ¨¡å—:Font-awesome.min

[ 2017-11-09T15:39:24+08:00 ] ::1 /test2.0/Public/CSS/arrow.png
INFO: [ app_init ] --START--
INFO: Run Behavior\BuildLiteBehavior [ RunTime:0.000027s ]
INFO: [ app_init ] --END-- [ RunTime:0.000353s ]
ERR: æ— æ³•åŠ è½½æ¨¡å—:Public

[ 2017-11-09T15:39:25+08:00 ] ::1 /test2.0/font-awesome.min.css
INFO: [ app_init ] --START--
INFO: Run Behavior\BuildLiteBehavior [ RunTime:0.000012s ]
INFO: [ app_init ] --END-- [ RunTime:0.000433s ]
ERR: æ— æ³•åŠ è½½æ¨¡å—:Font-awesome.min

[ 2017-11-09T15:43:43+08:00 ] ::1 /test2.0/font-awesome.min.css
INFO: [ app_init ] --START--
INFO: Run Behavior\BuildLiteBehavior [ RunTime:0.000008s ]
INFO: [ app_init ] --END-- [ RunTime:0.000382s ]
ERR: æ— æ³•åŠ è½½æ¨¡å—:Font-awesome.min

[ 2017-11-09T15:43:43+08:00 ] ::1 /test2.0/font-awesome.min.css
INFO: [ app_init ] --START--
INFO: Run Behavior\BuildLiteBehavior [ RunTime:0.000008s ]
INFO: [ app_init ] --END-- [ RunTime:0.000261s ]
ERR: æ— æ³•åŠ è½½æ¨¡å—:Font-awesome.min

[ 2017-11-09T15:43:43+08:00 ] ::1 /test2.0/Public/CSS/arrow.png
INFO: [ app_init ] --START--
INFO: Run Behavior\BuildLiteBehavior [ RunTime:0.000012s ]
INFO: [ app_init ] --END-- [ RunTime:0.000327s ]
ERR: æ— æ³•åŠ è½½æ¨¡å—:Public

[ 2017-11-09T15:44:04+08:00 ] ::1 /test2.0/font-awesome.min.css
INFO: [ app_init ] --START--
INFO: Run Behavior\BuildLiteBehavior [ RunTime:0.000009s ]
INFO: [ app_init ] --END-- [ RunTime:0.000279s ]
ERR: æ— æ³•åŠ è½½æ¨¡å—:Font-awesome.min

[ 2017-11-09T15:44:04+08:00 ] ::1 /test2.0/font-awesome.min.css
INFO: [ app_init ] --START--
INFO: Run Behavior\BuildLiteBehavior [ RunTime:0.000010s ]
INFO: [ app_init ] --END-- [ RunTime:0.000286s ]
ERR: æ— æ³•åŠ è½½æ¨¡å—:Font-awesome.min

[ 2017-11-09T15:44:04+08:00 ] ::1 /test2.0/Public/CSS/arrow.png
INFO: [ app_init ] --START--
INFO: Run Behavior\BuildLiteBehavior [ RunTime:0.000012s ]
INFO: [ app_init ] --END-- [ RunTime:0.000333s ]
ERR: æ— æ³•åŠ è½½æ¨¡å—:Public

[ 2017-11-09T15:47:03+08:00 ] ::1 /test2.0/font-awesome.min.css
INFO: [ app_init ] --START--
INFO: Run Behavior\BuildLiteBehavior [ RunTime:0.000008s ]
INFO: [ app_init ] --END-- [ RunTime:0.000267s ]
ERR: æ— æ³•åŠ è½½æ¨¡å—:Font-awesome.min

[ 2017-11-09T15:47:03+08:00 ] ::1 /test2.0/font-awesome.min.css
INFO: [ app_init ] --START--
INFO: Run Behavior\BuildLiteBehavior [ RunTime:0.000008s ]
INFO: [ app_init ] --END-- [ RunTime:0.000244s ]
ERR: æ— æ³•åŠ è½½æ¨¡å—:Font-awesome.min

[ 2017-11-09T15:47:03+08:00 ] ::1 /test2.0/Public/CSS/arrow.png
INFO: [ app_init ] --START--
INFO: Run Behavior\BuildLiteBehavior [ RunTime:0.000012s ]
INFO: [ app_init ] --END-- [ RunTime:0.000459s ]
ERR: æ— æ³•åŠ è½½æ¨¡å—:Public

[ 2017-11-09T15:47:22+08:00 ] ::1 /test2.0/font-awesome.min.css
INFO: [ app_init ] --START--
INFO: Run Behavior\BuildLiteBehavior [ RunTime:0.000015s ]
INFO: [ app_init ] --END-- [ RunTime:0.000553s ]
ERR: æ— æ³•åŠ è½½æ¨¡å—:Font-awesome.min

[ 2017-11-09T15:47:22+08:00 ] ::1 /test2.0/font-awesome.min.css
INFO: [ app_init ] --START--
INFO: Run Behavior\BuildLiteBehavior [ RunTime:0.000013s ]
INFO: [ app_init ] --END-- [ RunTime:0.002462s ]
ERR: æ— æ³•åŠ è½½æ¨¡å—:Font-awesome.min

[ 2017-11-09T15:47:22+08:00 ] ::1 /test2.0/Public/CSS/arrow.png
INFO: [ app_init ] --START--
INFO: Run Behavior\BuildLiteBehavior [ RunTime:0.000011s ]
INFO: [ app_init ] --END-- [ RunTime:0.000318s ]
ERR: æ— æ³•åŠ è½½æ¨¡å—:Public

[ 2017-11-09T15:48:18+08:00 ] ::1 /test2.0/font-awesome.min.css
INFO: [ app_init ] --START--
INFO: Run Behavior\BuildLiteBehavior [ RunTime:0.000008s ]
INFO: [ app_init ] --END-- [ RunTime:0.000268s ]
ERR: æ— æ³•åŠ è½½æ¨¡å—:Font-awesome.min

[ 2017-11-09T15:48:18+08:00 ] ::1 /test2.0/font-awesome.min.css
INFO: [ app_init ] --START--
INFO: Run Behavior\BuildLiteBehavior [ RunTime:0.000025s ]
INFO: [ app_init ] --END-- [ RunTime:0.000406s ]
ERR: æ— æ³•åŠ è½½æ¨¡å—:Font-awesome.min

[ 2017-11-09T15:48:18+08:00 ] ::1 /test2.0/Public/CSS/arrow.png
INFO: [ app_init ] --START--
INFO: Run Behavior\BuildLiteBehavior [ RunTime:0.000012s ]
INFO: [ app_init ] --END-- [ RunTime:0.000373s ]
ERR: æ— æ³•åŠ è½½æ¨¡å—:Public

[ 2017-11-09T15:48:53+08:00 ] ::1 /test2.0/font-awesome.min.css
INFO: [ app_init ] --START--
INFO: Run Behavior\BuildLiteBehavior [ RunTime:0.000021s ]
INFO: [ app_init ] --END-- [ RunTime:0.000332s ]
ERR: æ— æ³•åŠ è½½æ¨¡å—:Font-awesome.min

[ 2017-11-09T15:48:53+08:00 ] ::1 /test2.0/font-awesome.min.css
INFO: [ app_init ] --START--
INFO: Run Behavior\BuildLiteBehavior [ RunTime:0.000011s ]
INFO: [ app_init ] --END-- [ RunTime:0.000277s ]
ERR: æ— æ³•åŠ è½½æ¨¡å—:Font-awesome.min

[ 2017-11-09T15:48:54+08:00 ] ::1 /test2.0/Public/CSS/arrow.png
INFO: [ app_init ] --START--
INFO: Run Behavior\BuildLiteBehavior [ RunTime:0.000010s ]
INFO: [ app_init ] --END-- [ RunTime:0.000311s ]
ERR: æ— æ³•åŠ è½½æ¨¡å—:Public

[ 2017-11-09T15:49:32+08:00 ] ::1 /test2.0/font-awesome.min.css
INFO: [ app_init ] --START--
INFO: Run Behavior\BuildLiteBehavior [ RunTime:0.000009s ]
INFO: [ app_init ] --END-- [ RunTime:0.000276s ]
ERR: æ— æ³•åŠ è½½æ¨¡å—:Font-awesome.min

[ 2017-11-09T15:49:32+08:00 ] ::1 /test2.0/Public/CSS/arrow.png
INFO: [ app_init ] --START--
INFO: Run Behavior\BuildLiteBehavior [ RunTime:0.000012s ]
INFO: [ app_init ] --END-- [ RunTime:0.000317s ]
ERR: æ— æ³•åŠ è½½æ¨¡å—:Public

[ 2017-11-09T15:49:32+08:00 ] ::1 /test2.0/font-awesome.min.css
INFO: [ app_init ] --START--
INFO: Run Behavior\BuildLiteBehavior [ RunTime:0.000011s ]
INFO: [ app_init ] --END-- [ RunTime:0.000377s ]
ERR: æ— æ³•åŠ è½½æ¨¡å—:Font-awesome.min

[ 2017-11-09T15:50:25+08:00 ] ::1 /test2.0/font-awesome.min.css
INFO: [ app_init ] --START--
INFO: Run Behavior\BuildLiteBehavior [ RunTime:0.000009s ]
INFO: [ app_init ] --END-- [ RunTime:0.000280s ]
ERR: æ— æ³•åŠ è½½æ¨¡å—:Font-awesome.min

[ 2017-11-09T15:51:03+08:00 ] ::1 /test2.0/font-awesome.min.css
INFO: [ app_init ] --START--
INFO: Run Behavior\BuildLiteBehavior [ RunTime:0.000010s ]
INFO: [ app_init ] --END-- [ RunTime:0.000335s ]
ERR: æ— æ³•åŠ è½½æ¨¡å—:Font-awesome.min

[ 2017-11-09T15:51:28+08:00 ] ::1 /test2.0/font-awesome.min.css
INFO: [ app_init ] --START--
INFO: Run Behavior\BuildLiteBehavior [ RunTime:0.000009s ]
INFO: [ app_init ] --END-- [ RunTime:0.000301s ]
ERR: æ— æ³•åŠ è½½æ¨¡å—:Font-awesome.min

[ 2017-11-09T15:53:31+08:00 ] ::1 /test2.0/font-awesome.min.css
INFO: [ app_init ] --START--
INFO: Run Behavior\BuildLiteBehavior [ RunTime:0.000009s ]
INFO: [ app_init ] --END-- [ RunTime:0.000267s ]
ERR: æ— æ³•åŠ è½½æ¨¡å—:Font-awesome.min

[ 2017-11-09T15:53:39+08:00 ] ::1 /test2.0/font-awesome.min.css
INFO: [ app_init ] --START--
INFO: Run Behavior\BuildLiteBehavior [ RunTime:0.000010s ]
INFO: [ app_init ] --END-- [ RunTime:0.000309s ]
ERR: æ— æ³•åŠ è½½æ¨¡å—:Font-awesome.min

[ 2017-11-09T15:53:39+08:00 ] ::1 /test2.0/font-awesome.min.css
INFO: [ app_init ] --START--
INFO: Run Behavior\BuildLiteBehavior [ RunTime:0.000011s ]
INFO: [ app_init ] --END-- [ RunTime:0.000379s ]
ERR: æ— æ³•åŠ è½½æ¨¡å—:Font-awesome.min

[ 2017-11-09T15:53:53+08:00 ] ::1 /test2.0/font-awesome.min.css
INFO: [ app_init ] --START--
INFO: Run Behavior\BuildLiteBehavior [ RunTime:0.000010s ]
INFO: [ app_init ] --END-- [ RunTime:0.000347s ]
ERR: æ— æ³•åŠ è½½æ¨¡å—:Font-awesome.min

[ 2017-11-09T15:54:38+08:00 ] ::1 /test2.0/font-awesome.min.css
INFO: [ app_init ] --START--
INFO: Run Behavior\BuildLiteBehavior [ RunTime:0.000009s ]
INFO: [ app_init ] --END-- [ RunTime:0.000304s ]
ERR: æ— æ³•åŠ è½½æ¨¡å—:Font-awesome.min

[ 2017-11-09T15:54:39+08:00 ] ::1 /test2.0/font-awesome.min.css
INFO: [ app_init ] --START--
INFO: Run Behavior\BuildLiteBehavior [ RunTime:0.000025s ]
INFO: [ app_init ] --END-- [ RunTime:0.000342s ]
ERR: æ— æ³•åŠ è½½æ¨¡å—:Font-awesome.min

[ 2017-11-09T15:54:39+08:00 ] ::1 /test2.0/font-awesome.min.css
INFO: [ app_init ] --START--
INFO: Run Behavior\BuildLiteBehavior [ RunTime:0.000009s ]
INFO: [ app_init ] --END-- [ RunTime:0.000312s ]
ERR: æ— æ³•åŠ è½½æ¨¡å—:Font-awesome.min

[ 2017-11-09T15:54:39+08:00 ] ::1 /test2.0/font-awesome.min.css
INFO: [ app_init ] --START--
INFO: Run Behavior\BuildLiteBehavior [ RunTime:0.000010s ]
INFO: [ app_init ] --END-- [ RunTime:0.000446s ]
ERR: æ— æ³•åŠ è½½æ¨¡å—:Font-awesome.min

[ 2017-11-09T15:54:58+08:00 ] ::1 /test2.0/font-awesome.min.css
INFO: [ app_init ] --START--
INFO: Run Behavior\BuildLiteBehavior [ RunTime:0.000009s ]
INFO: [ app_init ] --END-- [ RunTime:0.000273s ]
ERR: æ— æ³•åŠ è½½æ¨¡å—:Font-awesome.min

[ 2017-11-09T15:54:58+08:00 ] ::1 /test2.0/font-awesome.min.css
INFO: [ app_init ] --START--
INFO: Run Behavior\BuildLiteBehavior [ RunTime:0.000038s ]
INFO: [ app_init ] --END-- [ RunTime:0.000603s ]
ERR: æ— æ³•åŠ è½½æ¨¡å—:Font-awesome.min

[ 2017-11-09T15:54:58+08:00 ] ::1 /test2.0/font-awesome.min.css
INFO: [ app_init ] --START--
INFO: Run Behavior\BuildLiteBehavior [ RunTime:0.000011s ]
INFO: [ app_init ] --END-- [ RunTime:0.000488s ]
ERR: æ— æ³•åŠ è½½æ¨¡å—:Font-awesome.min

[ 2017-11-09T15:54:58+08:00 ] ::1 /test2.0/font-awesome.min.css
INFO: [ app_init ] --START--
INFO: Run Behavior\BuildLiteBehavior [ RunTime:0.000013s ]
INFO: [ app_init ] --END-- [ RunTime:0.000339s ]
ERR: æ— æ³•åŠ è½½æ¨¡å—:Font-awesome.min

[ 2017-11-09T15:59:01+08:00 ] ::1 /test2.0/font-awesome.min.css
INFO: [ app_init ] --START--
INFO: Run Behavior\BuildLiteBehavior [ RunTime:0.000008s ]
INFO: [ app_init ] --END-- [ RunTime:0.000260s ]
ERR: æ— æ³•åŠ è½½æ¨¡å—:Font-awesome.min

[ 2017-11-09T15:59:01+08:00 ] ::1 /test2.0/font-awesome.min.css
INFO: [ app_init ] --START--
INFO: Run Behavior\BuildLiteBehavior [ RunTime:0.000010s ]
INFO: [ app_init ] --END-- [ RunTime:0.000354s ]
ERR: æ— æ³•åŠ è½½æ¨¡å—:Font-awesome.min

[ 2017-11-09T15:59:45+08:00 ] ::1 /test2.0/font-awesome.min.css
INFO: [ app_init ] --START--
INFO: Run Behavior\BuildLiteBehavior [ RunTime:0.000009s ]
INFO: [ app_init ] --END-- [ RunTime:0.000259s ]
ERR: æ— æ³•åŠ è½½æ¨¡å—:Font-awesome.min

[ 2017-11-09T16:00:35+08:00 ] ::1 /test2.0/font-awesome.min.css
INFO: [ app_init ] --START--
INFO: Run Behavior\BuildLiteBehavior [ RunTime:0.000012s ]
INFO: [ app_init ] --END-- [ RunTime:0.000330s ]
ERR: æ— æ³•åŠ è½½æ¨¡å—:Font-awesome.min

[ 2017-11-09T16:00:35+08:00 ] ::1 /test2.0/font-awesome.min.css
INFO: [ app_init ] --START--
INFO: Run Behavior\BuildLiteBehavior [ RunTime:0.000014s ]
INFO: [ app_init ] --END-- [ RunTime:0.000374s ]
ERR: æ— æ³•åŠ è½½æ¨¡å—:Font-awesome.min

[ 2017-11-09T16:00:35+08:00 ] ::1 /test2.0/font-awesome.min.css
INFO: [ app_init ] --START--
INFO: Run Behavior\BuildLiteBehavior [ RunTime:0.000010s ]
INFO: [ app_init ] --END-- [ RunTime:0.000311s ]
ERR: æ— æ³•åŠ è½½æ¨¡å—:Font-awesome.min

[ 2017-11-09T16:01:56+08:00 ] ::1 /test2.0/font-awesome.min.css
INFO: [ app_init ] --START--
INFO: Run Behavior\BuildLiteBehavior [ RunTime:0.000009s ]
INFO: [ app_init ] --END-- [ RunTime:0.000314s ]
ERR: æ— æ³•åŠ è½½æ¨¡å—:Font-awesome.min

[ 2017-11-09T16:02:31+08:00 ] ::1 /test2.0/font-awesome.min.css
INFO: [ app_init ] --START--
INFO: Run Behavior\BuildLiteBehavior [ RunTime:0.000008s ]
INFO: [ app_init ] --END-- [ RunTime:0.000274s ]
ERR: æ— æ³•åŠ è½½æ¨¡å—:Font-awesome.min

[ 2017-11-09T16:02:31+08:00 ] ::1 /test2.0/font-awesome.min.css
INFO: [ app_init ] --START--
INFO: Run Behavior\BuildLiteBehavior [ RunTime:0.000011s ]
INFO: [ app_init ] --END-- [ RunTime:0.000594s ]
ERR: æ— æ³•åŠ è½½æ¨¡å—:Font-awesome.min

[ 2017-11-09T16:02:31+08:00 ] ::1 /test2.0/font-awesome.min.css
INFO: [ app_init ] --START--
INFO: Run Behavior\BuildLiteBehavior [ RunTime:0.000009s ]
INFO: [ app_init ] --END-- [ RunTime:0.000259s ]
ERR: æ— æ³•åŠ è½½æ¨¡å—:Font-awesome.min

[ 2017-11-09T16:03:12+08:00 ] ::1 /test2.0/font-awesome.min.css
INFO: [ app_init ] --START--
INFO: Run Behavior\BuildLiteBehavior [ RunTime:0.000013s ]
INFO: [ app_init ] --END-- [ RunTime:0.000293s ]
ERR: æ— æ³•åŠ è½½æ¨¡å—:Font-awesome.min

[ 2017-11-09T16:03:52+08:00 ] ::1 /test2.0/font-awesome.min.css
INFO: [ app_init ] --START--
INFO: Run Behavior\BuildLiteBehavior [ RunTime:0.000009s ]
INFO: [ app_init ] --END-- [ RunTime:0.000248s ]
ERR: æ— æ³•åŠ è½½æ¨¡å—:Font-awesome.min

[ 2017-11-09T16:03:52+08:00 ] ::1 /test2.0/font-awesome.min.css
INFO: [ app_init ] --START--
INFO: Run Behavior\BuildLiteBehavior [ RunTime:0.000009s ]
INFO: [ app_init ] --END-- [ RunTime:0.000244s ]
ERR: æ— æ³•åŠ è½½æ¨¡å—:Font-awesome.min

[ 2017-11-09T16:04:45+08:00 ] ::1 /test2.0/font-awesome.min.css
INFO: [ app_init ] --START--
INFO: Run Behavior\BuildLiteBehavior [ RunTime:0.000009s ]
INFO: [ app_init ] --END-- [ RunTime:0.000243s ]
ERR: æ— æ³•åŠ è½½æ¨¡å—:Font-awesome.min

[ 2017-11-09T16:05:23+08:00 ] ::1 /test2.0/font-awesome.min.css
INFO: [ app_init ] --START--
INFO: Run Behavior\BuildLiteBehavior [ RunTime:0.000009s ]
INFO: [ app_init ] --END-- [ RunTime:0.000259s ]
ERR: æ— æ³•åŠ è½½æ¨¡å—:Font-awesome.min

[ 2017-11-09T16:06:49+08:00 ] ::1 /test2.0/font-awesome.min.css
INFO: [ app_init ] --START--
INFO: Run Behavior\BuildLiteBehavior [ RunTime:0.000016s ]
INFO: [ app_init ] --END-- [ RunTime:0.000309s ]
ERR: æ— æ³•åŠ è½½æ¨¡å—:Font-awesome.min

[ 2017-11-09T16:07:24+08:00 ] ::1 /test2.0/font-awesome.min.css
INFO: [ app_init ] --START--
INFO: Run Behavior\BuildLiteBehavior [ RunTime:0.000016s ]
INFO: [ app_init ] --END-- [ RunTime:0.000523s ]
ERR: æ— æ³•åŠ è½½æ¨¡å—:Font-awesome.min

[ 2017-11-09T16:07:24+08:00 ] ::1 /test2.0/font-awesome.min.css
INFO: [ app_init ] --START--
INFO: Run Behavior\BuildLiteBehavior [ RunTime:0.000010s ]
INFO: [ app_init ] --END-- [ RunTime:0.000265s ]
ERR: æ— æ³•åŠ è½½æ¨¡å—:Font-awesome.min

[ 2017-11-09T16:07:24+08:00 ] ::1 /test2.0/font-awesome.min.css
INFO: [ app_init ] --START--
INFO: Run Behavior\BuildLiteBehavior [ RunTime:0.000013s ]
INFO: [ app_init ] --END-- [ RunTime:0.000406s ]
ERR: æ— æ³•åŠ è½½æ¨¡å—:Font-awesome.min

[ 2017-11-09T16:07:49+08:00 ] ::1 /test2.0/font-awesome.min.css
INFO: [ app_init ] --START--
INFO: Run Behavior\BuildLiteBehavior [ RunTime:0.000008s ]
INFO: [ app_init ] --END-- [ RunTime:0.000245s ]
ERR: æ— æ³•åŠ è½½æ¨¡å—:Font-awesome.min

[ 2017-11-09T16:08:36+08:00 ] ::1 /test2.0/font-awesome.min.css
INFO: [ app_init ] --START--
INFO: Run Behavior\BuildLiteBehavior [ RunTime:0.000009s ]
INFO: [ app_init ] --END-- [ RunTime:0.000246s ]
ERR: æ— æ³•åŠ è½½æ¨¡å—:Font-awesome.min

[ 2017-11-09T16:09:38+08:00 ] ::1 /test2.0/font-awesome.min.css
INFO: [ app_init ] --START--
INFO: Run Behavior\BuildLiteBehavior [ RunTime:0.000009s ]
INFO: [ app_init ] --END-- [ RunTime:0.000649s ]
ERR: æ— æ³•åŠ è½½æ¨¡å—:Font-awesome.min

[ 2017-11-09T16:10:44+08:00 ] ::1 /test2.0/font-awesome.min.css
INFO: [ app_init ] --START--
INFO: Run Behavior\BuildLiteBehavior [ RunTime:0.000019s ]
INFO: [ app_init ] --END-- [ RunTime:0.000579s ]
ERR: æ— æ³•åŠ è½½æ¨¡å—:Font-awesome.min

[ 2017-11-09T16:10:44+08:00 ] ::1 /test2.0/Public/CSS/arrow.png
INFO: [ app_init ] --START--
INFO: Run Behavior\BuildLiteBehavior [ RunTime:0.000011s ]
INFO: [ app_init ] --END-- [ RunTime:0.000416s ]
ERR: æ— æ³•åŠ è½½æ¨¡å—:Public

[ 2017-11-09T16:10:44+08:00 ] ::1 /test2.0/font-awesome.min.css
INFO: [ app_init ] --START--
INFO: Run Behavior\BuildLiteBehavior [ RunTime:0.000013s ]
INFO: [ app_init ] --END-- [ RunTime:0.000401s ]
ERR: æ— æ³•åŠ è½½æ¨¡å—:Font-awesome.min

[ 2017-11-09T16:10:45+08:00 ] ::1 /test2.0/font-awesome.min.css
INFO: [ app_init ] --START--
INFO: Run Behavior\BuildLiteBehavior [ RunTime:0.000011s ]
INFO: [ app_init ] --END-- [ RunTime:0.000292s ]
ERR: æ— æ³•åŠ è½½æ¨¡å—:Font-awesome.min

[ 2017-11-09T16:10:45+08:00 ] ::1 /test2.0/font-awesome.min.css
INFO: [ app_init ] --START--
INFO: Run Behavior\BuildLiteBehavior [ RunTime:0.000042s ]
INFO: [ app_init ] --END-- [ RunTime:0.000892s ]
ERR: æ— æ³•åŠ è½½æ¨¡å—:Font-awesome.min

[ 2017-11-09T16:11:20+08:00 ] ::1 /test2.0/font-awesome.min.css
INFO: [ app_init ] --START--
INFO: Run Behavior\BuildLiteBehavior [ RunTime:0.000009s ]
INFO: [ app_init ] --END-- [ RunTime:0.000282s ]
ERR: æ— æ³•åŠ è½½æ¨¡å—:Font-awesome.min

[ 2017-11-09T16:11:42+08:00 ] ::1 /test2.0/font-awesome.min.css
INFO: [ app_init ] --START--
INFO: Run Behavior\BuildLiteBehavior [ RunTime:0.000009s ]
INFO: [ app_init ] --END-- [ RunTime:0.000246s ]
ERR: æ— æ³•åŠ è½½æ¨¡å—:Font-awesome.min

[ 2017-11-09T16:12:06+08:00 ] ::1 /test2.0/font-awesome.min.css
INFO: [ app_init ] --START--
INFO: Run Behavior\BuildLiteBehavior [ RunTime:0.000010s ]
INFO: [ app_init ] --END-- [ RunTime:0.000365s ]
ERR: æ— æ³•åŠ è½½æ¨¡å—:Font-awesome.min

[ 2017-11-09T16:13:44+08:00 ] ::1 /test2.0/font-awesome.min.css
INFO: [ app_init ] --START--
INFO: Run Behavior\BuildLiteBehavior [ RunTime:0.000008s ]
INFO: [ app_init ] --END-- [ RunTime:0.000267s ]
ERR: æ— æ³•åŠ è½½æ¨¡å—:Font-awesome.min

[ 2017-11-09T16:13:45+08:00 ] ::1 /test2.0/font-awesome.min.css
INFO: [ app_init ] --START--
INFO: Run Behavior\BuildLiteBehavior [ RunTime:0.000009s ]
INFO: [ app_init ] --END-- [ RunTime:0.000312s ]
ERR: æ— æ³•åŠ è½½æ¨¡å—:Font-awesome.min

[ 2017-11-09T16:13:45+08:00 ] ::1 /test2.0/font-awesome.min.css
INFO: [ app_init ] --START--
INFO: Run Behavior\BuildLiteBehavior [ RunTime:0.000009s ]
INFO: [ app_init ] --END-- [ RunTime:0.000291s ]
ERR: æ— æ³•åŠ è½½æ¨¡å—:Font-awesome.min

[ 2017-11-09T16:13:58+08:00 ] ::1 /test2.0/font-awesome.min.css
INFO: [ app_init ] --START--
INFO: Run Behavior\BuildLiteBehavior [ RunTime:0.000029s ]
INFO: [ app_init ] --END-- [ RunTime:0.000321s ]
ERR: æ— æ³•åŠ è½½æ¨¡å—:Font-awesome.min

[ 2017-11-09T16:14:19+08:00 ] ::1 /test2.0/font-awesome.min.css
INFO: [ app_init ] --START--
INFO: Run Behavior\BuildLiteBehavior [ RunTime:0.000008s ]
INFO: [ app_init ] --END-- [ RunTime:0.000266s ]
ERR: æ— æ³•åŠ è½½æ¨¡å—:Font-awesome.min

[ 2017-11-09T16:14:38+08:00 ] ::1 /test2.0/font-awesome.min.css
INFO: [ app_init ] --START--
INFO: Run Behavior\BuildLiteBehavior [ RunTime:0.000008s ]
INFO: [ app_init ] --END-- [ RunTime:0.000300s ]
ERR: æ— æ³•åŠ è½½æ¨¡å—:Font-awesome.min

[ 2017-11-09T16:15:18+08:00 ] ::1 /test2.0/font-awesome.min.css
INFO: [ app_init ] --START--
INFO: Run Behavior\BuildLiteBehavior [ RunTime:0.000009s ]
INFO: [ app_init ] --END-- [ RunTime:0.000273s ]
ERR: æ— æ³•åŠ è½½æ¨¡å—:Font-awesome.min

[ 2017-11-09T16:15:19+08:00 ] ::1 /test2.0/font-awesome.min.css
INFO: [ app_init ] --START--
INFO: Run Behavior\BuildLiteBehavior [ RunTime:0.000008s ]
INFO: [ app_init ] --END-- [ RunTime:0.000276s ]
ERR: æ— æ³•åŠ è½½æ¨¡å—:Font-awesome.min

[ 2017-11-09T16:17:00+08:00 ] ::1 /test2.0/font-awesome.min.css
INFO: [ app_init ] --START--
INFO: Run Behavior\BuildLiteBehavior [ RunTime:0.000009s ]
INFO: [ app_init ] --END-- [ RunTime:0.000270s ]
ERR: æ— æ³•åŠ è½½æ¨¡å—:Font-awesome.min

[ 2017-11-09T16:17:01+08:00 ] ::1 /test2.0/font-awesome.min.css
INFO: [ app_init ] --START--
INFO: Run Behavior\BuildLiteBehavior [ RunTime:0.000013s ]
INFO: [ app_init ] --END-- [ RunTime:0.000460s ]
ERR: æ— æ³•åŠ è½½æ¨¡å—:Font-awesome.min

[ 2017-11-09T16:17:23+08:00 ] ::1 /test2.0/font-awesome.min.css
INFO: [ app_init ] --START--
INFO: Run Behavior\BuildLiteBehavior [ RunTime:0.000010s ]
INFO: [ app_init ] --END-- [ RunTime:0.000640s ]
ERR: æ— æ³•åŠ è½½æ¨¡å—:Font-awesome.min

[ 2017-11-09T16:17:23+08:00 ] ::1 /test2.0/font-awesome.min.css
INFO: [ app_init ] --START--
INFO: Run Behavior\BuildLiteBehavior [ RunTime:0.000009s ]
INFO: [ app_init ] --END-- [ RunTime:0.000275s ]
ERR: æ— æ³•åŠ è½½æ¨¡å—:Font-awesome.min

[ 2017-11-09T16:17:44+08:00 ] ::1 /test2.0/font-awesome.min.css
INFO: [ app_init ] --START--
INFO: Run Behavior\BuildLiteBehavior [ RunTime:0.000023s ]
INFO: [ app_init ] --END-- [ RunTime:0.000308s ]
ERR: æ— æ³•åŠ è½½æ¨¡å—:Font-awesome.min

[ 2017-11-09T16:19:04+08:00 ] ::1 /test2.0/font-awesome.min.css
INFO: [ app_init ] --START--
INFO: Run Behavior\BuildLiteBehavior [ RunTime:0.000024s ]
INFO: [ app_init ] --END-- [ RunTime:0.000300s ]
ERR: æ— æ³•åŠ è½½æ¨¡å—:Font-awesome.min

[ 2017-11-09T16:19:04+08:00 ] ::1 /test2.0/font-awesome.min.css
INFO: [ app_init ] --START--
INFO: Run Behavior\BuildLiteBehavior [ RunTime:0.000012s ]
INFO: [ app_init ] --END-- [ RunTime:0.000354s ]
ERR: æ— æ³•åŠ è½½æ¨¡å—:Font-awesome.min

[ 2017-11-09T16:19:17+08:00 ] ::1 /test2.0/font-awesome.min.css
INFO: [ app_init ] --START--
INFO: Run Behavior\BuildLiteBehavior [ RunTime:0.000010s ]
INFO: [ app_init ] --END-- [ RunTime:0.000336s ]
ERR: æ— æ³•åŠ è½½æ¨¡å—:Font-awesome.min

[ 2017-11-09T16:31:51+08:00 ] ::1 /test2.0/font-awesome.min.css
INFO: [ app_init ] --START--
INFO: Run Behavior\BuildLiteBehavior [ RunTime:0.000044s ]
INFO: [ app_init ] --END-- [ RunTime:0.001314s ]
ERR: æ— æ³•åŠ è½½æ¨¡å—:Font-awesome.min

[ 2017-11-09T16:32:11+08:00 ] ::1 /test2.0/font-awesome.min.css
INFO: [ app_init ] --START--
INFO: Run Behavior\BuildLiteBehavior [ RunTime:0.000017s ]
INFO: [ app_init ] --END-- [ RunTime:0.000263s ]
ERR: æ— æ³•åŠ è½½æ¨¡å—:Font-awesome.min

[ 2017-11-09T16:32:11+08:00 ] ::1 /test2.0/Public/CSS/arrow.png
INFO: [ app_init ] --START--
INFO: Run Behavior\BuildLiteBehavior [ RunTime:0.000018s ]
INFO: [ app_init ] --END-- [ RunTime:0.000341s ]
ERR: æ— æ³•åŠ è½½æ¨¡å—:Public

