[ 2017-11-07T11:57:27+08:00 ] ::1 /test/Public/CSS/main.css
INFO: [ app_init ] --START--
INFO: Run Behavior\BuildLiteBehavior [ RunTime:0.000015s ]
INFO: [ app_init ] --END-- [ RunTime:0.000239s ]
ERR: 无法加载模块:Public

[ 2017-11-07T11:57:31+08:00 ] ::1 /test/Public/CSS/main.css
INFO: [ app_init ] --START--
INFO: Run Behavior\BuildLiteBehavior [ RunTime:0.000007s ]
INFO: [ app_init ] --END-- [ RunTime:0.000202s ]
ERR: 无法加载模块:Public

[ 2017-11-07T11:57:33+08:00 ] ::1 /test/Public/CSS/main.css
INFO: [ app_init ] --START--
INFO: Run Behavior\BuildLiteBehavior [ RunTime:0.000007s ]
INFO: [ app_init ] --END-- [ RunTime:0.000209s ]
ERR: 无法加载模块:Public

[ 2017-11-07T11:57:35+08:00 ] ::1 /test/Public/CSS/upload.css
INFO: [ app_init ] --START--
INFO: Run Behavior\BuildLiteBehavior [ RunTime:0.000009s ]
INFO: [ app_init ] --END-- [ RunTime:0.000212s ]
ERR: 无法加载模块:Public

[ 2017-11-07T11:58:32+08:00 ] ::1 /test/post?label=%E6%97%A0&search=&submit=%E6%90%9C%E7%B4%A2
INFO: [ app_init ] --START--
INFO: Run Behavior\BuildLiteBehavior [ RunTime:0.000007s ]
INFO: [ app_init ] --END-- [ RunTime:0.000203s ]
ERR: 无法加载模块:Post

[ 2017-11-07T12:55:59+08:00 ] ::1 /test/post?label=%E6%97%A0&search=&submit=%E6%90%9C%E7%B4%A2
INFO: [ app_init ] --START--
INFO: Run Behavior\BuildLiteBehavior [ RunTime:0.000007s ]
INFO: [ app_init ] --END-- [ RunTime:0.000233s ]
ERR: 无法加载模块:Post

[ 2017-11-07T12:56:06+08:00 ] ::1 /test/post?label=%E6%97%A0&search=&submit=%E6%90%9C%E7%B4%A2
INFO: [ app_init ] --START--
INFO: Run Behavior\BuildLiteBehavior [ RunTime:0.000008s ]
INFO: [ app_init ] --END-- [ RunTime:0.000246s ]
ERR: 无法加载模块:Post

[ 2017-11-07T12:56:11+08:00 ] ::1 /test/post?label=%E6%97%A0&search=&submit=%E6%90%9C%E7%B4%A2
INFO: [ app_init ] --START--
INFO: Run Behavior\BuildLiteBehavior [ RunTime:0.000008s ]
INFO: [ app_init ] --END-- [ RunTime:0.000261s ]
ERR: 无法加载模块:Post

