[ 2017-11-13T15:55:17+08:00 ] ::1 /test2.0/Public/CSS/arrow.png
INFO: [ app_init ] --START--
INFO: Run Behavior\BuildLiteBehavior [ RunTime:0.000009s ]
INFO: [ app_init ] --END-- [ RunTime:0.000246s ]
ERR: æ— æ³•åŠ è½½æ¨¡å—:Public

[ 2017-11-13T15:56:16+08:00 ] ::1 /test2.0/font-awesome.min.css
INFO: [ app_init ] --START--
INFO: Run Behavior\BuildLiteBehavior [ RunTime:0.000007s ]
INFO: [ app_init ] --END-- [ RunTime:0.000211s ]
ERR: æ— æ³•åŠ è½½æ¨¡å—:Font-awesome.min

[ 2017-11-13T16:11:23+08:00 ] ::1 /test2.0/1.png
INFO: [ app_init ] --START--
INFO: Run Behavior\BuildLiteBehavior [ RunTime:0.000010s ]
INFO: [ app_init ] --END-- [ RunTime:0.000260s ]
ERR: æ— æ³•åŠ è½½æ¨¡å—:1

[ 2017-11-13T16:11:23+08:00 ] ::1 /test2.0/ZY.js
INFO: [ app_init ] --START--
INFO: Run Behavior\BuildLiteBehavior [ RunTime:0.000008s ]
INFO: [ app_init ] --END-- [ RunTime:0.000227s ]
ERR: æ— æ³•åŠ è½½æ¨¡å—:ZY

[ 2017-11-13T16:11:23+08:00 ] ::1 /test2.0/name.png
INFO: [ app_init ] --START--
INFO: Run Behavior\BuildLiteBehavior [ RunTime:0.000008s ]
INFO: [ app_init ] --END-- [ RunTime:0.000245s ]
ERR: æ— æ³•åŠ è½½æ¨¡å—:Name

[ 2017-11-13T16:11:23+08:00 ] ::1 /test2.0/Public/CSS/arrow.png
INFO: [ app_init ] --START--
INFO: Run Behavior\BuildLiteBehavior [ RunTime:0.000008s ]
INFO: [ app_init ] --END-- [ RunTime:0.000234s ]
ERR: æ— æ³•åŠ è½½æ¨¡å—:Public

[ 2017-11-13T16:11:37+08:00 ] ::1 /test2.0/ZY.js
INFO: [ app_init ] --START--
INFO: Run Behavior\BuildLiteBehavior [ RunTime:0.000011s ]
INFO: [ app_init ] --END-- [ RunTime:0.000272s ]
ERR: æ— æ³•åŠ è½½æ¨¡å—:ZY

[ 2017-11-13T16:13:06+08:00 ] ::1 /test2.0/1.png
INFO: [ app_init ] --START--
INFO: Run Behavior\BuildLiteBehavior [ RunTime:0.000008s ]
INFO: [ app_init ] --END-- [ RunTime:0.000221s ]
ERR: æ— æ³•åŠ è½½æ¨¡å—:1

[ 2017-11-13T16:13:06+08:00 ] ::1 /test2.0/zy.js
INFO: [ app_init ] --START--
INFO: Run Behavior\BuildLiteBehavior [ RunTime:0.000012s ]
INFO: [ app_init ] --END-- [ RunTime:0.000301s ]
ERR: æ— æ³•åŠ è½½æ¨¡å—:Zy

[ 2017-11-13T16:13:06+08:00 ] ::1 /test2.0/name.png
INFO: [ app_init ] --START--
INFO: Run Behavior\BuildLiteBehavior [ RunTime:0.000015s ]
INFO: [ app_init ] --END-- [ RunTime:0.001505s ]
ERR: æ— æ³•åŠ è½½æ¨¡å—:Name

[ 2017-11-13T16:13:48+08:00 ] ::1 /test2.0/1.png
INFO: [ app_init ] --START--
INFO: Run Behavior\BuildLiteBehavior [ RunTime:0.000015s ]
INFO: [ app_init ] --END-- [ RunTime:0.000310s ]
ERR: æ— æ³•åŠ è½½æ¨¡å—:1

[ 2017-11-13T16:13:48+08:00 ] ::1 /test2.0/zy.js
INFO: [ app_init ] --START--
INFO: Run Behavior\BuildLiteBehavior [ RunTime:0.000030s ]
INFO: [ app_init ] --END-- [ RunTime:0.000664s ]
ERR: æ— æ³•åŠ è½½æ¨¡å—:Zy

[ 2017-11-13T16:13:48+08:00 ] ::1 /test2.0/name.png
INFO: [ app_init ] --START--
INFO: Run Behavior\BuildLiteBehavior [ RunTime:0.000012s ]
INFO: [ app_init ] --END-- [ RunTime:0.000402s ]
ERR: æ— æ³•åŠ è½½æ¨¡å—:Name

[ 2017-11-13T16:14:36+08:00 ] ::1 /test2.0/1.png
INFO: [ app_init ] --START--
INFO: Run Behavior\BuildLiteBehavior [ RunTime:0.000008s ]
INFO: [ app_init ] --END-- [ RunTime:0.000214s ]
ERR: æ— æ³•åŠ è½½æ¨¡å—:1

[ 2017-11-13T16:14:36+08:00 ] ::1 /test2.0/__Public__/JS/zy.js
INFO: [ app_init ] --START--
INFO: Run Behavior\BuildLiteBehavior [ RunTime:0.000016s ]
INFO: [ app_init ] --END-- [ RunTime:0.000277s ]
ERR: æ— æ³•åŠ è½½æ¨¡å—:__Public__

[ 2017-11-13T16:14:36+08:00 ] ::1 /test2.0/name.png
INFO: [ app_init ] --START--
INFO: Run Behavior\BuildLiteBehavior [ RunTime:0.000014s ]
INFO: [ app_init ] --END-- [ RunTime:0.001418s ]
ERR: æ— æ³•åŠ è½½æ¨¡å—:Name

[ 2017-11-13T16:14:38+08:00 ] ::1 /test2.0/1.png
INFO: [ app_init ] --START--
INFO: Run Behavior\BuildLiteBehavior [ RunTime:0.000010s ]
INFO: [ app_init ] --END-- [ RunTime:0.000225s ]
ERR: æ— æ³•åŠ è½½æ¨¡å—:1

me

[ 2017-11-13T16:14:38+08:00 ] ::1 /test2.0/__Public__/JS/zy.js
INFO: [ app_init ] --START--
INFO: Run Behavior\BuildLiteBehavior [ RunTime:0.000011s ]
INFO: [ app_init ] --END-- [ RunTime:0.000294s ]
ERR: æ— æ³•åŠ è½½æ¨¡å—:__Public__

[ 2017-11-13T16:14:38+08:00 ] ::1 /test2.0/name.png
INFO: [ app_init ] --START--
INFO: Run Behavior\BuildLiteBehavior [ RunTime:0.000009s ]
INFO: [ app_init ] --END-- [ RunTime:0.000214s ]
ERR: æ— æ³•åŠ è½½æ¨¡å—:Name

—:__Public__

[ 2017-11-13T16:14:38+08:00 ] ::1 /test2.0/1.png
INFO: [ app_init ] --START--
INFO: Run Behavior\BuildLiteBehavior [ RunTime:0.000012s ]
INFO: [ app_init ] --END-- [ RunTime:0.000362s ]
ERR: æ— æ³•åŠ è½½æ¨¡å—:1

[ 2017-11-13T16:14:38+08:00 ] ::1 /test2.0/name.png
INFO: [ app_init ] --START--
INFO: Run Behavior\BuildLiteBehavior [ RunTime:0.000009s ]
INFO: [ app_init ] --END-- [ RunTime:0.000243s ]
ERR: æ— æ³•åŠ è½½æ¨¡å—:Name

[ 2017-11-13T16:14:38+08:00 ] ::1 /test2.0/__Public__/JS/zy.js
INFO: [ app_init ] --START--
INFO: Run Behavior\BuildLiteBehavior [ RunTime:0.000011s ]
INFO: [ app_init ] --END-- [ RunTime:0.000292s ]
ERR: æ— æ³•åŠ è½½æ¨¡å—:__Public__

[ 2017-11-13T16:14:39+08:00 ] ::1 /test2.0/1.png
INFO: [ app_init ] --START--
INFO: Run Behavior\BuildLiteBehavior [ RunTime:0.000010s ]
INFO: [ app_init ] --END-- [ RunTime:0.000232s ]
ERR: æ— æ³•åŠ è½½æ¨¡å—:1

[ 2017-11-13T16:14:39+08:00 ] ::1 /test2.0/__Public__/JS/zy.js
INFO: [ app_init ] --START--
INFO: Run Behavior\BuildLiteBehavior [ RunTime:0.000009s ]
INFO: [ app_init ] --END-- [ RunTime:0.000250s ]
ERR: æ— æ³•åŠ è½½æ¨¡å—:__Public__

[ 2017-11-13T16:14:39+08:00 ] ::1 /test2.0/name.png
INFO: [ app_init ] --START--
INFO: Run Behavior\BuildLiteBehavior [ RunTime:0.000011s ]
INFO: [ app_init ] --END-- [ RunTime:0.000334s ]
ERR: æ— æ³•åŠ è½½æ¨¡å—:Name

[ 2017-11-13T16:14:39+08:00 ] ::1 /test2.0/name.png
INFO: [ app_init ] --START--
INFO: Run Behavior\BuildLiteBehavior [ RunTime:0.000013s ]
INFO: [ app_init ] --END-- [ RunTime:0.000249s ]
ERR: æ— æ³•åŠ è½½æ¨¡å—:Name

[ 2017-11-13T16:14:39+08:00 ] ::1 /test2.0/__Public__/JS/zy.js
INFO: [ app_init ] --START--
INFO: Run Behavior\BuildLiteBehavior [ RunTime:0.000008s ]
INFO: [ app_init ] --END-- [ RunTime:0.000247s ]
ERR: æ— æ³•åŠ è½½æ¨¡å—:__Public__

[ 2017-11-13T16:14:39+08:00 ] ::1 /test2.0/1.png
INFO: [ app_init ] --START--
INFO: Run Behavior\BuildLiteBehavior [ RunTime:0.000011s ]
INFO: [ app_init ] --END-- [ RunTime:0.000259s ]
ERR: æ— æ³•åŠ è½½æ¨¡å—:1

[ 2017-11-13T16:15:05+08:00 ] ::1 /test2.0/1.png
INFO: [ app_init ] --START--
INFO: Run Behavior\BuildLiteBehavior [ RunTime:0.000012s ]
INFO: [ app_init ] --END-- [ RunTime:0.000369s ]
ERR: æ— æ³•åŠ è½½æ¨¡å—:1

[ 2017-11-13T16:15:05+08:00 ] ::1 /test2.0/name.png
INFO: [ app_init ] --START--
INFO: Run Behavior\BuildLiteBehavior [ RunTime:0.000012s ]
INFO: [ app_init ] --END-- [ RunTime:0.000255s ]
ERR: æ— æ³•åŠ è½½æ¨¡å—:Name

[ 2017-11-13T16:15:08+08:00 ] ::1 /test2.0/name.png
INFO: [ app_init ] --START--
INFO: Run Behavior\BuildLiteBehavior [ RunTime:0.000011s ]
INFO: [ app_init ] --END-- [ RunTime:0.000229s ]
ERR: æ— æ³•åŠ è½½æ¨¡å—:Name

[ 2017-11-13T16:15:08+08:00 ] ::1 /test2.0/1.png
INFO: [ app_init ] --START--
INFO: Run Behavior\BuildLiteBehavior [ RunTime:0.000012s ]
INFO: [ app_init ] --END-- [ RunTime:0.000271s ]
ERR: æ— æ³•åŠ è½½æ¨¡å—:1

[ 2017-11-13T16:15:09+08:00 ] ::1 /test2.0/1.png
INFO: [ app_init ] --START--
INFO: Run Behavior\BuildLiteBehavior [ RunTime:0.000010s ]
INFO: [ app_init ] --END-- [ RunTime:0.000257s ]
ERR: æ— æ³•åŠ è½½æ¨¡å—:1

[ 2017-11-13T16:15:09+08:00 ] ::1 /test2.0/name.png
INFO: [ app_init ] --START--
INFO: Run Behavior\BuildLiteBehavior [ RunTime:0.000009s ]
INFO: [ app_init ] --END-- [ RunTime:0.000246s ]
ERR: æ— æ³•åŠ è½½æ¨¡å—:Name

[ 2017-11-13T16:15:09+08:00 ] ::1 /test2.0/name.png
INFO: [ app_init ] --START--
INFO: Run Behavior\BuildLiteBehavior [ RunTime:0.000059s ]
INFO: [ app_init ] --END-- [ RunTime:0.000772s ]
ERR: æ— æ³•åŠ è½½æ¨¡å—:Name

[ 2017-11-13T16:15:09+08:00 ] ::1 /test2.0/1.png
INFO: [ app_init ] --START--
INFO: Run Behavior\BuildLiteBehavior [ RunTime:0.000010s ]
INFO: [ app_init ] --END-- [ RunTime:0.000228s ]
ERR: æ— æ³•åŠ è½½æ¨¡å—:1

[ 2017-11-13T16:15:09+08:00 ] ::1 /test2.0/name.png
INFO: [ app_init ] --START--
INFO: Run Behavior\BuildLiteBehavior [ RunTime:0.000009s ]
INFO: [ app_init ] --END-- [ RunTime:0.000217s ]
ERR: æ— æ³•åŠ è½½æ¨¡å—:Name

[ 2017-11-13T16:15:09+08:00 ] ::1 /test2.0/1.png
INFO: [ app_init ] --START--
INFO: Run Behavior\BuildLiteBehavior [ RunTime:0.000022s ]
INFO: [ app_init ] --END-- [ RunTime:0.000258s ]
ERR: æ— æ³•åŠ è½½æ¨¡å—:1

[ 2017-11-13T16:15:40+08:00 ] ::1 /test2.0/1.png
INFO: [ app_init ] --START--
INFO: Run Behavior\BuildLiteBehavior [ RunTime:0.000009s ]
INFO: [ app_init ] --END-- [ RunTime:0.000206s ]
ERR: æ— æ³•åŠ è½½æ¨¡å—:1

[ 2017-11-13T16:15:40+08:00 ] ::1 /test2.0/name.png
INFO: [ app_init ] --START--
INFO: Run Behavior\BuildLiteBehavior [ RunTime:0.000009s ]
INFO: [ app_init ] --END-- [ RunTime:0.000216s ]
ERR: æ— æ³•åŠ è½½æ¨¡å—:Name

[ 2017-11-13T16:18:48+08:00 ] ::1 /test2.0/name.png
INFO: [ app_init ] --START--
INFO: Run Behavior\BuildLiteBehavior [ RunTime:0.000011s ]
INFO: [ app_init ] --END-- [ RunTime:0.000250s ]
ERR: æ— æ³•åŠ è½½æ¨¡å—:Name

[ 2017-11-13T16:18:48+08:00 ] ::1 /test2.0/1.png
INFO: [ app_init ] --START--
INFO: Run Behavior\BuildLiteBehavior [ RunTime:0.000014s ]
INFO: [ app_init ] --END-- [ RunTime:0.000321s ]
ERR: æ— æ³•åŠ è½½æ¨¡å—:1

[ 2017-11-13T16:18:48+08:00 ] ::1 /test2.0/Public/fonts/fontawesome-webfont.woff2?v=4.7.0
INFO: [ app_init ] --START--
INFO: Run Behavior\BuildLiteBehavior [ RunTime:0.000022s ]
INFO: [ app_init ] --END-- [ RunTime:0.000379s ]
ERR: æ— æ³•åŠ è½½æ¨¡å—:Public

[ 2017-11-13T16:18:48+08:00 ] ::1 /test2.0/Public/fonts/fontawesome-webfont.woff?v=4.7.0
INFO: [ app_init ] --START--
INFO: Run Behavior\BuildLiteBehavior [ RunTime:0.000007s ]
INFO: [ app_init ] --END-- [ RunTime:0.000193s ]
ERR: æ— æ³•åŠ è½½æ¨¡å—:Public

[ 2017-11-13T16:18:48+08:00 ] ::1 /test2.0/Public/fonts/fontawesome-webfont.ttf?v=4.7.0
INFO: [ app_init ] --START--
INFO: Run Behavior\BuildLiteBehavior [ RunTime:0.000048s ]
INFO: [ app_init ] --END-- [ RunTime:0.000524s ]
ERR: æ— æ³•åŠ è½½æ¨¡å—:Public

[ 2017-11-13T16:18:55+08:00 ] ::1 /test2.0/1.png
INFO: [ app_init ] --START--
INFO: Run Behavior\BuildLiteBehavior [ RunTime:0.000009s ]
INFO: [ app_init ] --END-- [ RunTime:0.000235s ]
ERR: æ— æ³•åŠ è½½æ¨¡å—:1

[ 2017-11-13T16:18:55+08:00 ] ::1 /test2.0/name.png
INFO: [ app_init ] --START--
INFO: Run Behavior\BuildLiteBehavior [ RunTime:0.000009s ]
INFO: [ app_init ] --END-- [ RunTime:0.000278s ]
ERR: æ— æ³•åŠ è½½æ¨¡å—:Name

8s ]
ERR: æ— æ³•åŠ è½½æ¨¡å—:Public

[ 2017-11-13T16:18:55+08:00 ] ::1 /test2.0/Public/fonts/fontawesome-webfont.woff?v=4.7.0
INFO: [ app_init ] --START--
INFO: Run Behavior\BuildLiteBehavior [ RunTime:0.000008s ]
INFO: [ app_init ] --END-- [ RunTime:0.000206s ]
ERR: æ— æ³•åŠ è½½æ¨¡å—:Public

[ 2017-11-13T16:18:55+08:00 ] ::1 /test2.0/Public/fonts/fontawesome-webfont.ttf?v=4.7.0
INFO: [ app_init ] --START--
INFO: Run Behavior\BuildLiteBehavior [ RunTime:0.000008s ]
INFO: [ app_init ] --END-- [ RunTime:0.000230s ]
ERR: æ— æ³•åŠ è½½æ¨¡å—:Public

[ 2017-11-13T16:19:04+08:00 ] ::1 /test2.0/1.png
INFO: [ app_init ] --START--
INFO: Run Behavior\BuildLiteBehavior [ RunTime:0.000010s ]
INFO: [ app_init ] --END-- [ RunTime:0.000240s ]
ERR: æ— æ³•åŠ è½½æ¨¡å—:1

[ 2017-11-13T16:19:04+08:00 ] ::1 /test2.0/Public/fonts/fontawesome-webfont.woff2?v=4.7.0
INFO: [ app_init ] --START--
INFO: Run Behavior\BuildLiteBehavior [ RunTime:0.000009s ]
INFO: [ app_init ] --END-- [ RunTime:0.000233s ]
ERR: æ— æ³•åŠ è½½æ¨¡å—:Public

[ 2017-11-13T16:19:04+08:00 ] ::1 /test2.0/name.png
INFO: [ app_init ] --START--
INFO: Run Behavior\BuildLiteBehavior [ RunTime:0.000031s ]
INFO: [ app_init ] --END-- [ RunTime:0.000255s ]
ERR: æ— æ³•åŠ è½½æ¨¡å—:Name

[ 2017-11-13T16:19:04+08:00 ] ::1 /test2.0/Public/fonts/fontawesome-webfont.woff?v=4.7.0
INFO: [ app_init ] --START--
INFO: Run Behavior\BuildLiteBehavior [ RunTime:0.000010s ]
INFO: [ app_init ] --END-- [ RunTime:0.000249s ]
ERR: æ— æ³•åŠ è½½æ¨¡å—:Public

[ 2017-11-13T16:19:04+08:00 ] ::1 /test2.0/Public/fonts/fontawesome-webfont.ttf?v=4.7.0
INFO: [ app_init ] --START--
INFO: Run Behavior\BuildLiteBehavior [ RunTime:0.000031s ]
INFO: [ app_init ] --END-- [ RunTime:0.000248s ]
ERR: æ— æ³•åŠ è½½æ¨¡å—:Public

[ 2017-11-13T16:19:05+08:00 ] ::1 /test2.0/name.png
INFO: [ app_init ] --START--
INFO: Run Behavior\BuildLiteBehavior [ RunTime:0.000009s ]
INFO: [ app_init ] --END-- [ RunTime:0.000224s ]
ERR: æ— æ³•åŠ è½½æ¨¡å—:Name

[ 2017-11-13T16:19:05+08:00 ] ::1 /test2.0/Public/fonts/fontawesome-webfont.woff2?v=4.7.0
INFO: [ app_init ] --START--
INFO: Run Behavior\BuildLiteBehavior [ RunTime:0.000015s ]
INFO: [ app_init ] --END-- [ RunTime:0.000253s ]
ERR: æ— æ³•åŠ è½½æ¨¡å—:Public

[ 2017-11-13T16:19:05+08:00 ] ::1 /test2.0/1.png
INFO: [ app_init ] --START--
INFO: Run Behavior\BuildLiteBehavior [ RunTime:0.000008s ]
INFO: [ app_init ] --END-- [ RunTime:0.000228s ]
ERR: æ— æ³•åŠ è½½æ¨¡å—:1

[ 2017-11-13T16:19:05+08:00 ] ::1 /test2.0/Public/fonts/fontawesome-webfont.woff?v=4.7.0
INFO: [ app_init ] --START--
INFO: Run Behavior\BuildLiteBehavior [ RunTime:0.000019s ]
INFO: [ app_init ] --END-- [ RunTime:0.000277s ]
ERR: æ— æ³•åŠ è½½æ¨¡å—:Public

[ 2017-11-13T16:19:05+08:00 ] ::1 /test2.0/Public/fonts/fontawesome-webfont.ttf?v=4.7.0
INFO: [ app_init ] --START--
INFO: Run Behavior\BuildLiteBehavior [ RunTime:0.000009s ]
INFO: [ app_init ] --END-- [ RunTime:0.000215s ]
ERR: æ— æ³•åŠ è½½æ¨¡å—:Public

[ 2017-11-13T16:19:05+08:00 ] ::1 /test2.0/name.png
INFO: [ app_init ] --START--
INFO: Run Behavior\BuildLiteBehavior [ RunTime:0.000009s ]
INFO: [ app_init ] --END-- [ RunTime:0.000234s ]
ERR: æ— æ³•åŠ è½½æ¨¡å—:Name

[ 2017-11-13T16:19:05+08:00 ] ::1 /test2.0/Public/fonts/fontawesome-webfont.woff2?v=4.7.0
INFO: [ app_init ] --START--
INFO: Run Behavior\BuildLiteBehavior [ RunTime:0.000010s ]
INFO: [ app_init ] --END-- [ RunTime:0.000256s ]
ERR: æ— æ³•åŠ è½½æ¨¡å—:Public

[ 2017-11-13T16:19:05+08:00 ] ::1 /test2.0/1.png
INFO: [ app_init ] --START--
INFO: Run Behavior\BuildLiteBehavior [ RunTime:0.000012s ]
INFO: [ app_init ] --END-- [ RunTime:0.000387s ]
ERR: æ— æ³•åŠ è½½æ¨¡å—:1

[ 2017-11-13T16:19:05+08:00 ] ::1 /test2.0/Public/fonts/fontawesome-webfont.woff?v=4.7.0
INFO: [ app_init ] --START--
INFO: Run Behavior\BuildLiteBehavior [ RunTime:0.000009s ]
INFO: [ app_init ] --END-- [ RunTime:0.000221s ]
ERR: æ— æ³•åŠ è½½æ¨¡å—:Public

[ 2017-11-13T16:19:05+08:00 ] ::1 /test2.0/Public/fonts/fontawesome-webfont.ttf?v=4.7.0
INFO: [ app_init ] --START--
INFO: Run Behavior\BuildLiteBehavior [ RunTime:0.000039s ]
INFO: [ app_init ] --END-- [ RunTime:0.001009s ]
ERR: æ— æ³•åŠ è½½æ¨¡å—:Public

[ 2017-11-13T16:19:05+08:00 ] ::1 /test2.0/name.png
INFO: [ app_init ] --START--
INFO: Run Behavior\BuildLiteBehavior [ RunTime:0.000008s ]
INFO: [ app_init ] --END-- [ RunTime:0.000242s ]
ERR: æ— æ³•åŠ è½½æ¨¡å—:Name

[ 2017-11-13T16:19:05+08:00 ] ::1 /test2.0/Public/fonts/fontawesome-webfont.woff2?v=4.7.0
INFO: [ app_init ] --START--
INFO: Run Behavior\BuildLiteBehavior [ RunTime:0.000012s ]
INFO: [ app_init ] --END-- [ RunTime:0.000250s ]
ERR: æ— æ³•åŠ è½½æ¨¡å—:Public

[ 2017-11-13T16:19:05+08:00 ] ::1 /test2.0/1.png
INFO: [ app_init ] --START--
INFO: Run Behavior\BuildLiteBehavior [ RunTime:0.000009s ]
INFO: [ app_init ] --END-- [ RunTime:0.000230s ]
ERR: æ— æ³•åŠ è½½æ¨¡å—:1

[ 2017-11-13T16:19:05+08:00 ] ::1 /test2.0/Public/fonts/fontawesome-webfont.woff?v=4.7.0
INFO: [ app_init ] --START--
INFO: Run Behavior\BuildLiteBehavior [ RunTime:0.000010s ]
INFO: [ app_init ] --END-- [ RunTime:0.000267s ]
ERR: æ— æ³•åŠ è½½æ¨¡å—:Public

[ 2017-11-13T16:19:05+08:00 ] ::1 /test2.0/Public/fonts/fontawesome-webfont.ttf?v=4.7.0
INFO: [ app_init ] --START--
INFO: Run Behavior\BuildLiteBehavior [ RunTime:0.000011s ]
INFO: [ app_init ] --END-- [ RunTime:0.000230s ]
ERR: æ— æ³•åŠ è½½æ¨¡å—:Public

[ 2017-11-13T16:19:05+08:00 ] ::1 /test2.0/name.png
INFO: [ app_init ] --START--
INFO: Run Behavior\BuildLiteBehavior [ RunTime:0.000010s ]
INFO: [ app_init ] --END-- [ RunTime:0.000229s ]
ERR: æ— æ³•åŠ è½½æ¨¡å—:Name

[ 2017-11-13T16:19:05+08:00 ] ::1 /test2.0/1.png
INFO: [ app_init ] --START--
INFO: Run Behavior\BuildLiteBehavior [ RunTime:0.000010s ]
INFO: [ app_init ] --END-- [ RunTime:0.000279s ]
ERR: æ— æ³•åŠ è½½æ¨¡å—:1

.000259s ]
ERR: æ— æ³•åŠ è½½æ¨¡å—:Public

[ 2017-11-13T16:19:05+08:00 ] ::1 /test2.0/Public/fonts/fontawesome-webfont.woff?v=4.7.0
INFO: [ app_init ] --START--
INFO: Run Behavior\BuildLiteBehavior [ RunTime:0.000010s ]
INFO: [ app_init ] --END-- [ RunTime:0.000265s ]
ERR: æ— æ³•åŠ è½½æ¨¡å—:Public

[ 2017-11-13T16:19:05+08:00 ] ::1 /test2.0/Public/fonts/fontawesome-webfont.ttf?v=4.7.0
INFO: [ app_init ] --START--
INFO: Run Behavior\BuildLiteBehavior [ RunTime:0.000022s ]
INFO: [ app_init ] --END-- [ RunTime:0.000318s ]
ERR: æ— æ³•åŠ è½½æ¨¡å—:Public

[ 2017-11-13T16:20:51+08:00 ] ::1 /test2.0/Public/fonts/fontawesome-webfont.woff2?v=4.7.0
INFO: [ app_init ] --START--
INFO: Run Behavior\BuildLiteBehavior [ RunTime:0.000009s ]
INFO: [ app_init ] --END-- [ RunTime:0.000219s ]
ERR: æ— æ³•åŠ è½½æ¨¡å—:Public

[ 2017-11-13T16:20:51+08:00 ] ::1 /test2.0/Public/fonts/fontawesome-webfont.woff?v=4.7.0
INFO: [ app_init ] --START--
INFO: Run Behavior\BuildLiteBehavior [ RunTime:0.000009s ]
INFO: [ app_init ] --END-- [ RunTime:0.000215s ]
ERR: æ— æ³•åŠ è½½æ¨¡å—:Public

[ 2017-11-13T16:20:51+08:00 ] ::1 /test2.0/Public/fonts/fontawesome-webfont.ttf?v=4.7.0
INFO: [ app_init ] --START--
INFO: Run Behavior\BuildLiteBehavior [ RunTime:0.000012s ]
INFO: [ app_init ] --END-- [ RunTime:0.000228s ]
ERR: æ— æ³•åŠ è½½æ¨¡å—:Public

[ 2017-11-13T16:20:59+08:00 ] ::1 /test2.0/Public/fonts/fontawesome-webfont.ttf?v=4.7.0
INFO: [ app_init ] --START--
INFO: Run Behavior\BuildLiteBehavior [ RunTime:0.000010s ]
INFO: [ app_init ] --END-- [ RunTime:0.000292s ]
ERR: æ— æ³•åŠ è½½æ¨¡å—:Public

[ 2017-11-13T16:22:09+08:00 ] ::1 /test2.0/Public/fonts/fontawesome-webfont.woff2?v=4.7.0
INFO: [ app_init ] --START--
INFO: Run Behavior\BuildLiteBehavior [ RunTime:0.000009s ]
INFO: [ app_init ] --END-- [ RunTime:0.000265s ]
ERR: æ— æ³•åŠ è½½æ¨¡å—:Public

[ 2017-11-13T16:22:09+08:00 ] ::1 /test2.0/Public/fonts/fontawesome-webfont.woff?v=4.7.0
INFO: [ app_init ] --START--
INFO: Run Behavior\BuildLiteBehavior [ RunTime:0.000009s ]
INFO: [ app_init ] --END-- [ RunTime:0.000284s ]
ERR: æ— æ³•åŠ è½½æ¨¡å—:Public

[ 2017-11-13T16:22:09+08:00 ] ::1 /test2.0/Public/fonts/fontawesome-webfont.ttf?v=4.7.0
INFO: [ app_init ] --START--
INFO: Run Behavior\BuildLiteBehavior [ RunTime:0.000036s ]
INFO: [ app_init ] --END-- [ RunTime:0.001413s ]
ERR: æ— æ³•åŠ è½½æ¨¡å—:Public

[ 2017-11-13T16:22:09+08:00 ] ::1 /test2.0/Public/fonts/fontawesome-webfont.woff2?v=4.7.0
INFO: [ app_init ] --START--
INFO: Run Behavior\BuildLiteBehavior [ RunTime:0.000075s ]
INFO: [ app_init ] --END-- [ RunTime:0.001771s ]
ERR: æ— æ³•åŠ è½½æ¨¡å—:Public

[ 2017-11-13T16:22:09+08:00 ] ::1 /test2.0/Public/fonts/fontawesome-webfont.woff?v=4.7.0
INFO: [ app_init ] --START--
INFO: Run Behavior\BuildLiteBehavior [ RunTime:0.000009s ]
INFO: [ app_init ] --END-- [ RunTime:0.000226s ]
ERR: æ— æ³•åŠ è½½æ¨¡å—:Public

[ 2017-11-13T16:22:09+08:00 ] ::1 /test2.0/Public/fonts/fontawesome-webfont.ttf?v=4.7.0
INFO: [ app_init ] --START--
INFO: Run Behavior\BuildLiteBehavior [ RunTime:0.000017s ]
INFO: [ app_init ] --END-- [ RunTime:0.000671s ]
ERR: æ— æ³•åŠ è½½æ¨¡å—:Public

[ 2017-11-13T16:22:10+08:00 ] ::1 /test2.0/Public/fonts/fontawesome-webfont.woff2?v=4.7.0
INFO: [ app_init ] --START--
INFO: Run Behavior\BuildLiteBehavior [ RunTime:0.000010s ]
INFO: [ app_init ] --END-- [ RunTime:0.000226s ]
ERR: æ— æ³•åŠ è½½æ¨¡å—:Public

[ 2017-11-13T16:22:10+08:00 ] ::1 /test2.0/Public/fonts/fontawesome-webfont.woff?v=4.7.0
INFO: [ app_init ] --START--
INFO: Run Behavior\BuildLiteBehavior [ RunTime:0.000059s ]
INFO: [ app_init ] --END-- [ RunTime:0.001115s ]
ERR: æ— æ³•åŠ è½½æ¨¡å—:Public

[ 2017-11-13T16:22:10+08:00 ] ::1 /test2.0/Public/fonts/fontawesome-webfont.ttf?v=4.7.0
INFO: [ app_init ] --START--
INFO: Run Behavior\BuildLiteBehavior [ RunTime:0.000009s ]
INFO: [ app_init ] --END-- [ RunTime:0.000208s ]
ERR: æ— æ³•åŠ è½½æ¨¡å—:Public

[ 2017-11-13T16:22:10+08:00 ] ::1 /test2.0/Public/fonts/fontawesome-webfont.woff2?v=4.7.0
INFO: [ app_init ] --START--
INFO: Run Behavior\BuildLiteBehavior [ RunTime:0.000037s ]
INFO: [ app_init ] --END-- [ RunTime:0.000943s ]
ERR: æ— æ³•åŠ è½½æ¨¡å—:Public

[ 2017-11-13T16:22:10+08:00 ] ::1 /test2.0/Public/fonts/fontawesome-webfont.woff?v=4.7.0
INFO: [ app_init ] --START--
INFO: Run Behavior\BuildLiteBehavior [ RunTime:0.000055s ]
INFO: [ app_init ] --END-- [ RunTime:0.001281s ]
ERR: æ— æ³•åŠ è½½æ¨¡å—:Public

[ 2017-11-13T16:22:10+08:00 ] ::1 /test2.0/Public/fonts/fontawesome-webfont.ttf?v=4.7.0
INFO: [ app_init ] --START--
INFO: Run Behavior\BuildLiteBehavior [ RunTime:0.000008s ]
INFO: [ app_init ] --END-- [ RunTime:0.000215s ]
ERR: æ— æ³•åŠ è½½æ¨¡å—:Public

[ 2017-11-13T16:22:30+08:00 ] ::1 /test2.0/Public/fonts/fontawesome-webfont.woff2?v=4.7.0
INFO: [ app_init ] --START--
INFO: Run Behavior\BuildLiteBehavior [ RunTime:0.000070s ]
INFO: [ app_init ] --END-- [ RunTime:0.000335s ]
ERR: æ— æ³•åŠ è½½æ¨¡å—:Public

[ 2017-11-13T16:23:57+08:00 ] ::1 /test2.0/Public/CSS/arrow.png
INFO: [ app_init ] --START--
INFO: Run Behavior\BuildLiteBehavior [ RunTime:0.000010s ]
INFO: [ app_init ] --END-- [ RunTime:0.000293s ]
ERR: æ— æ³•åŠ è½½æ¨¡å—:Public

[ 2017-11-13T16:23:57+08:00 ] ::1 /test2.0/Public/CSS/arrow.png
INFO: [ app_init ] --START--
INFO: Run Behavior\BuildLiteBehavior [ RunTime:0.000023s ]
INFO: [ app_init ] --END-- [ RunTime:0.000511s ]
ERR: æ— æ³•åŠ è½½æ¨¡å—:Public

[ 2017-11-13T16:24:00+08:00 ] ::1 /test2.0/Public/CSS/arrow.png
INFO: [ app_init ] --START--
INFO: Run Behavior\BuildLiteBehavior [ RunTime:0.000017s ]
INFO: [ app_init ] --END-- [ RunTime:0.000329s ]
ERR: æ— æ³•åŠ è½½æ¨¡å—:Public

[ 2017-11-13T16:24:48+08:00 ] ::1 /test2.0/Public/CSS/arrow.png
INFO: [ app_init ] --START--
INFO: Run Behavior\BuildLiteBehavior [ RunTime:0.000009s ]
INFO: [ app_init ] --END-- [ RunTime:0.000224s ]
ERR: æ— æ³•åŠ è½½æ¨¡å—:Public

[ 2017-11-13T16:25:26+08:00 ] ::1 /test2.0/Public/CSS/arrow.png
INFO: [ app_init ] --START--
INFO: Run Behavior\BuildLiteBehavior [ RunTime:0.000012s ]
INFO: [ app_init ] --END-- [ RunTime:0.000305s ]
ERR: æ— æ³•åŠ è½½æ¨¡å—:Public

[ 2017-11-13T16:43:12+08:00 ] ::1 /test2.0/teacherShow?username=%E9%A9%AC%E5%9D%A4
INFO: [ app_init ] --START--
INFO: Run Behavior\BuildLiteBehavior [ RunTime:0.000007s ]
INFO: [ app_init ] --END-- [ RunTime:0.000204s ]
ERR: æ— æ³•åŠ è½½æ¨¡å—:TeacherShow

[ 2017-11-13T16:43:30+08:00 ] ::1 /test2.0/teacherShow?username=%E9%A9%AC%E5%9D%A4
INFO: [ app_init ] --START--
INFO: Run Behavior\BuildLiteBehavior [ RunTime:0.000007s ]
INFO: [ app_init ] --END-- [ RunTime:0.000191s ]
ERR: æ— æ³•åŠ è½½æ¨¡å—:TeacherShow

[ 2017-11-13T16:43:48+08:00 ] ::1 /test2.0/User/teacherShow?username=%E9%A9%AC%E5%9D%A4
INFO: [ app_init ] --START--
INFO: Run Behavior\BuildLiteBehavior [ RunTime:0.000007s ]
INFO: [ app_init ] --END-- [ RunTime:0.000229s ]
ERR: æ— æ³•åŠ è½½æ¨¡å—:User

